<?xml version="1.0" encoding="UTF-8"?>
<coverage generated="1784848356604" clover="3.2.0">
  <project timestamp="1784848356604" name="All files">
    <metrics statements="723" coveredstatements="329" conditionals="397" coveredconditionals="119" methods="100" coveredmethods="52" elements="1220" coveredelements="500" complexity="0" loc="723" ncloc="723" packages="4" files="13" classes="13"/>
    <package name="backend">
      <metrics statements="377" coveredstatements="156" conditionals="236" coveredconditionals="52" methods="44" coveredmethods="16"/>
      <file name="app.js" path="C:\Users\norma\OneDrive\Documentos\Semestre VI\Software\Software_Proyecto\visa-app\backend\app.js">
        <metrics statements="321" coveredstatements="131" conditionals="218" coveredconditionals="48" methods="30" coveredmethods="11"/>
        <line num="1" count="1" type="stmt"/>
        <line num="3" count="1" type="stmt"/>
        <line num="5" count="1" type="stmt"/>
        <line num="6" count="1" type="stmt"/>
        <line num="7" count="1" type="stmt"/>
        <line num="8" count="1" type="stmt"/>
        <line num="9" count="1" type="stmt"/>
        <line num="10" count="1" type="stmt"/>
        <line num="11" count="1" type="stmt"/>
        <line num="12" count="1" type="stmt"/>
        <line num="13" count="1" type="stmt"/>
        <line num="14" count="1" type="stmt"/>
        <line num="15" count="1" type="stmt"/>
        <line num="17" count="1" type="stmt"/>
        <line num="22" count="1" type="stmt"/>
        <line num="23" count="17" type="stmt"/>
        <line num="24" count="17" type="stmt"/>
        <line num="25" count="17" type="stmt"/>
        <line num="26" count="17" type="cond" truecount="1" falsecount="1"/>
        <line num="27" count="0" type="stmt"/>
        <line num="29" count="17" type="stmt"/>
        <line num="31" count="1" type="stmt"/>
        <line num="33" count="1" type="stmt"/>
        <line num="34" count="1" type="cond" truecount="1" falsecount="1"/>
        <line num="35" count="1" type="stmt"/>
        <line num="38" count="1" type="cond" truecount="2" falsecount="0"/>
        <line num="39" count="1" type="cond" truecount="2" falsecount="0"/>
        <line num="42" count="1" type="stmt"/>
        <line num="50" count="1" type="stmt"/>
        <line num="52" count="1" type="stmt"/>
        <line num="53" count="0" type="stmt"/>
        <line num="56" count="1" type="stmt"/>
        <line num="65" count="1" type="stmt"/>
        <line num="72" count="1" type="stmt"/>
        <line num="73" count="0" type="stmt"/>
        <line num="77" count="1" type="stmt"/>
        <line num="87" count="1" type="stmt"/>
        <line num="88" count="0" type="stmt"/>
        <line num="91" count="1" type="stmt"/>
        <line num="92" count="1" type="stmt"/>
        <line num="93" count="0" type="stmt"/>
        <line num="96" count="1" type="stmt"/>
        <line num="97" count="1" type="stmt"/>
        <line num="98" count="0" type="stmt"/>
        <line num="101" count="1" type="stmt"/>
        <line num="102" count="1" type="stmt"/>
        <line num="103" count="0" type="stmt"/>
        <line num="107" count="0" type="stmt"/>
        <line num="108" count="0" type="stmt"/>
        <line num="109" count="0" type="cond" truecount="0" falsecount="2"/>
        <line num="110" count="0" type="stmt"/>
        <line num="118" count="0" type="stmt"/>
        <line num="130" count="1" type="stmt"/>
        <line num="132" count="1" type="stmt"/>
        <line num="134" count="1" type="cond" truecount="3" falsecount="1"/>
        <line num="135" count="1" type="stmt"/>
        <line num="142" count="1" type="cond" truecount="2" falsecount="0"/>
        <line num="145" count="1" type="cond" truecount="1" falsecount="1"/>
        <line num="146" count="0" type="stmt"/>
        <line num="160" count="0" type="cond" truecount="0" falsecount="4"/>
        <line num="161" count="0" type="stmt"/>
        <line num="162" count="0" type="stmt"/>
        <line num="166" count="0" type="stmt"/>
        <line num="167" count="0" type="stmt"/>
        <line num="170" count="1" type="stmt"/>
        <line num="177" count="1" type="stmt"/>
        <line num="178" count="1" type="stmt"/>
        <line num="182" count="1" type="stmt"/>
        <line num="183" count="0" type="stmt"/>
        <line num="186" count="1" type="stmt"/>
        <line num="187" count="1" type="stmt"/>
        <line num="188" count="1" type="stmt"/>
        <line num="191" count="1" type="stmt"/>
        <line num="192" count="2" type="stmt"/>
        <line num="194" count="2" type="cond" truecount="1" falsecount="1"/>
        <line num="195" count="0" type="stmt"/>
        <line num="198" count="2" type="stmt"/>
        <line num="199" count="2" type="stmt"/>
        <line num="204" count="2" type="cond" truecount="2" falsecount="0"/>
        <line num="205" count="1" type="stmt"/>
        <line num="207" count="1" type="stmt"/>
        <line num="210" count="0" type="stmt"/>
        <line num="211" count="0" type="stmt"/>
        <line num="216" count="1" type="stmt"/>
        <line num="217" count="0" type="stmt"/>
        <line num="219" count="0" type="cond" truecount="0" falsecount="2"/>
        <line num="220" count="0" type="stmt"/>
        <line num="223" count="0" type="stmt"/>
        <line num="225" count="0" type="stmt"/>
        <line num="230" count="0" type="cond" truecount="0" falsecount="2"/>
        <line num="231" count="0" type="stmt"/>
        <line num="234" count="0" type="stmt"/>
        <line num="237" count="0" type="stmt"/>
        <line num="245" count="0" type="cond" truecount="0" falsecount="2"/>
        <line num="246" count="0" type="stmt"/>
        <line num="252" count="0" type="stmt"/>
        <line num="254" count="0" type="stmt"/>
        <line num="257" count="0" type="stmt"/>
        <line num="265" count="0" type="stmt"/>
        <line num="266" count="0" type="stmt"/>
        <line num="271" count="1" type="stmt"/>
        <line num="272" count="2" type="stmt"/>
        <line num="274" count="2" type="stmt"/>
        <line num="275" count="2" type="stmt"/>
        <line num="280" count="1" type="stmt"/>
        <line num="285" count="1" type="stmt"/>
        <line num="286" count="1" type="stmt"/>
        <line num="291" count="1" type="stmt"/>
        <line num="292" count="2" type="stmt"/>
        <line num="294" count="2" type="stmt"/>
        <line num="295" count="2" type="stmt"/>
        <line num="300" count="2" type="cond" truecount="2" falsecount="0"/>
        <line num="301" count="1" type="stmt"/>
        <line num="306" count="1" type="stmt"/>
        <line num="309" count="0" type="stmt"/>
        <line num="310" count="0" type="stmt"/>
        <line num="315" count="1" type="stmt"/>
        <line num="316" count="0" type="stmt"/>
        <line num="318" count="0" type="cond" truecount="0" falsecount="4"/>
        <line num="319" count="0" type="stmt"/>
        <line num="324" count="0" type="stmt"/>
        <line num="325" count="0" type="stmt"/>
        <line num="330" count="0" type="cond" truecount="0" falsecount="2"/>
        <line num="331" count="0" type="stmt"/>
        <line num="334" count="0" type="stmt"/>
        <line num="337" count="0" type="stmt"/>
        <line num="342" count="0" type="cond" truecount="0" falsecount="4"/>
        <line num="343" count="0" type="stmt"/>
        <line num="352" count="0" type="stmt"/>
        <line num="360" count="0" type="stmt"/>
        <line num="365" count="0" type="stmt"/>
        <line num="366" count="0" type="stmt"/>
        <line num="370" count="1" type="stmt"/>
        <line num="371" count="1" type="stmt"/>
        <line num="373" count="1" type="cond" truecount="1" falsecount="1"/>
        <line num="374" count="0" type="stmt"/>
        <line num="377" count="1" type="cond" truecount="1" falsecount="1"/>
        <line num="378" count="1" type="cond" truecount="1" falsecount="2"/>
        <line num="380" count="1" type="cond" truecount="4" falsecount="1"/>
        <line num="384" count="1" type="cond" truecount="3" falsecount="1"/>
        <line num="385" count="0" type="stmt"/>
        <line num="390" count="1" type="stmt"/>
        <line num="391" count="1" type="stmt"/>
        <line num="394" count="1" type="stmt"/>
        <line num="403" count="1" type="stmt"/>
        <line num="410" count="0" type="stmt"/>
        <line num="412" count="0" type="cond" truecount="0" falsecount="5"/>
        <line num="413" count="0" type="stmt"/>
        <line num="416" count="0" type="cond" truecount="0" falsecount="2"/>
        <line num="417" count="0" type="stmt"/>
        <line num="420" count="0" type="stmt"/>
        <line num="421" count="0" type="stmt"/>
        <line num="423" count="0" type="stmt"/>
        <line num="426" count="0" type="stmt"/>
        <line num="430" count="1" type="stmt"/>
        <line num="441" count="0" type="cond" truecount="0" falsecount="2"/>
        <line num="442" count="0" type="cond" truecount="0" falsecount="4"/>
        <line num="443" count="0" type="cond" truecount="0" falsecount="2"/>
        <line num="444" count="0" type="cond" truecount="0" falsecount="2"/>
        <line num="445" count="0" type="stmt"/>
        <line num="451" count="1" type="stmt"/>
        <line num="452" count="0" type="stmt"/>
        <line num="454" count="0" type="cond" truecount="0" falsecount="2"/>
        <line num="455" count="0" type="stmt"/>
        <line num="458" count="0" type="stmt"/>
        <line num="459" count="0" type="stmt"/>
        <line num="461" count="0" type="stmt"/>
        <line num="470" count="0" type="cond" truecount="0" falsecount="2"/>
        <line num="471" count="0" type="stmt"/>
        <line num="474" count="0" type="stmt"/>
        <line num="477" count="0" type="stmt"/>
        <line num="482" count="0" type="cond" truecount="0" falsecount="2"/>
        <line num="488" count="0" type="stmt"/>
        <line num="490" count="0" type="stmt"/>
        <line num="515" count="0" type="stmt"/>
        <line num="516" count="0" type="stmt"/>
        <line num="524" count="1" type="stmt"/>
        <line num="533" count="1" type="stmt"/>
        <line num="535" count="1" type="cond" truecount="1" falsecount="1"/>
        <line num="536" count="0" type="stmt"/>
        <line num="539" count="1" type="stmt"/>
        <line num="540" count="1" type="stmt"/>
        <line num="543" count="1" type="stmt"/>
        <line num="544" count="1" type="stmt"/>
        <line num="545" count="1" type="stmt"/>
        <line num="547" count="1" type="cond" truecount="1" falsecount="1"/>
        <line num="548" count="1" type="cond" truecount="1" falsecount="1"/>
        <line num="549" count="1" type="cond" truecount="1" falsecount="1"/>
        <line num="550" count="1" type="cond" truecount="1" falsecount="1"/>
        <line num="551" count="1" type="cond" truecount="1" falsecount="1"/>
        <line num="552" count="1" type="cond" truecount="1" falsecount="1"/>
        <line num="554" count="1" type="cond" truecount="1" falsecount="1"/>
        <line num="555" count="0" type="stmt"/>
        <line num="558" count="1" type="stmt"/>
        <line num="560" count="1" type="stmt"/>
        <line num="570" count="1" type="cond" truecount="1" falsecount="1"/>
        <line num="571" count="0" type="stmt"/>
        <line num="574" count="1" type="stmt"/>
        <line num="576" count="1" type="stmt"/>
        <line num="593" count="0" type="stmt"/>
        <line num="594" count="0" type="stmt"/>
        <line num="598" count="1" type="stmt"/>
        <line num="599" count="0" type="stmt"/>
        <line num="601" count="0" type="cond" truecount="0" falsecount="2"/>
        <line num="602" count="0" type="stmt"/>
        <line num="605" count="0" type="cond" truecount="0" falsecount="2"/>
        <line num="606" count="0" type="stmt"/>
        <line num="610" count="0" type="cond" truecount="0" falsecount="5"/>
        <line num="614" count="0" type="cond" truecount="0" falsecount="4"/>
        <line num="615" count="0" type="stmt"/>
        <line num="620" count="0" type="stmt"/>
        <line num="621" count="0" type="stmt"/>
        <line num="625" count="0" type="stmt"/>
        <line num="626" count="0" type="cond" truecount="0" falsecount="5"/>
        <line num="627" count="0" type="stmt"/>
        <line num="629" count="0" type="stmt"/>
        <line num="632" count="0" type="stmt"/>
        <line num="633" count="0" type="stmt"/>
        <line num="642" count="0" type="stmt"/>
        <line num="647" count="0" type="stmt"/>
        <line num="649" count="0" type="stmt"/>
        <line num="650" count="0" type="stmt"/>
        <line num="652" count="0" type="stmt"/>
        <line num="655" count="0" type="stmt"/>
        <line num="659" count="1" type="stmt"/>
        <line num="660" count="0" type="stmt"/>
        <line num="662" count="0" type="cond" truecount="0" falsecount="2"/>
        <line num="663" count="0" type="stmt"/>
        <line num="666" count="0" type="stmt"/>
        <line num="667" count="0" type="stmt"/>
        <line num="669" count="0" type="stmt"/>
        <line num="677" count="0" type="stmt"/>
        <line num="679" count="0" type="stmt"/>
        <line num="680" count="0" type="stmt"/>
        <line num="684" count="1" type="stmt"/>
        <line num="685" count="1" type="stmt"/>
        <line num="686" count="1" type="stmt"/>
        <line num="688" count="1" type="cond" truecount="1" falsecount="1"/>
        <line num="689" count="0" type="stmt"/>
        <line num="692" count="1" type="cond" truecount="1" falsecount="1"/>
        <line num="693" count="0" type="stmt"/>
        <line num="696" count="1" type="stmt"/>
        <line num="697" count="1" type="stmt"/>
        <line num="699" count="1" type="stmt"/>
        <line num="706" count="1" type="cond" truecount="1" falsecount="1"/>
        <line num="707" count="0" type="stmt"/>
        <line num="710" count="1" type="stmt"/>
        <line num="712" count="1" type="cond" truecount="1" falsecount="1"/>
        <line num="713" count="1" type="stmt"/>
        <line num="714" count="0" type="stmt"/>
        <line num="718" count="1" type="stmt"/>
        <line num="720" count="0" type="stmt"/>
        <line num="721" count="0" type="stmt"/>
        <line num="730" count="1" type="stmt"/>
        <line num="731" count="0" type="stmt"/>
        <line num="733" count="0" type="cond" truecount="0" falsecount="2"/>
        <line num="734" count="0" type="stmt"/>
        <line num="737" count="0" type="stmt"/>
        <line num="739" count="0" type="stmt"/>
        <line num="744" count="0" type="cond" truecount="0" falsecount="2"/>
        <line num="745" count="0" type="stmt"/>
        <line num="748" count="0" type="stmt"/>
        <line num="751" count="0" type="stmt"/>
        <line num="756" count="0" type="cond" truecount="0" falsecount="2"/>
        <line num="758" count="0" type="stmt"/>
        <line num="765" count="0" type="stmt"/>
        <line num="766" count="0" type="stmt"/>
        <line num="773" count="0" type="stmt"/>
        <line num="774" count="0" type="stmt"/>
        <line num="779" count="1" type="stmt"/>
        <line num="780" count="0" type="stmt"/>
        <line num="782" count="0" type="cond" truecount="0" falsecount="2"/>
        <line num="783" count="0" type="stmt"/>
        <line num="786" count="0" type="stmt"/>
        <line num="788" count="0" type="stmt"/>
        <line num="793" count="0" type="cond" truecount="0" falsecount="2"/>
        <line num="794" count="0" type="stmt"/>
        <line num="797" count="0" type="stmt"/>
        <line num="800" count="0" type="stmt"/>
        <line num="807" count="0" type="cond" truecount="0" falsecount="2"/>
        <line num="809" count="0" type="stmt"/>
        <line num="817" count="0" type="stmt"/>
        <line num="827" count="0" type="cond" truecount="0" falsecount="2"/>
        <line num="828" count="0" type="stmt"/>
        <line num="833" count="0" type="cond" truecount="0" falsecount="4"/>
        <line num="834" count="0" type="stmt"/>
        <line num="843" count="0" type="stmt"/>
        <line num="852" count="0" type="stmt"/>
        <line num="858" count="0" type="stmt"/>
        <line num="859" count="0" type="stmt"/>
        <line num="864" count="1" type="stmt"/>
        <line num="872" count="1" type="stmt"/>
        <line num="880" count="1" type="stmt"/>
        <line num="881" count="0" type="stmt"/>
        <line num="883" count="0" type="cond" truecount="0" falsecount="2"/>
        <line num="884" count="0" type="stmt"/>
        <line num="887" count="0" type="cond" truecount="0" falsecount="2"/>
        <line num="888" count="0" type="stmt"/>
        <line num="891" count="0" type="stmt"/>
        <line num="892" count="0" type="stmt"/>
        <line num="897" count="0" type="cond" truecount="0" falsecount="2"/>
        <line num="898" count="0" type="stmt"/>
        <line num="901" count="0" type="stmt"/>
        <line num="903" count="0" type="cond" truecount="0" falsecount="2"/>
        <line num="904" count="0" type="cond" truecount="0" falsecount="3"/>
        <line num="905" count="0" type="cond" truecount="0" falsecount="3"/>
        <line num="906" count="0" type="cond" truecount="0" falsecount="3"/>
        <line num="907" count="0" type="cond" truecount="0" falsecount="2"/>
        <line num="909" count="0" type="stmt"/>
        <line num="915" count="0" type="cond" truecount="0" falsecount="2"/>
        <line num="916" count="0" type="stmt"/>
        <line num="922" count="0" type="stmt"/>
        <line num="924" count="0" type="stmt"/>
        <line num="925" count="0" type="stmt"/>
        <line num="933" count="0" type="stmt"/>
        <line num="935" count="0" type="cond" truecount="0" falsecount="2"/>
        <line num="936" count="0" type="stmt"/>
        <line num="945" count="0" type="stmt"/>
        <line num="956" count="0" type="stmt"/>
        <line num="957" count="0" type="stmt"/>
        <line num="961" count="1" type="stmt"/>
      </file>
      <file name="r2.js" path="C:\Users\norma\OneDrive\Documentos\Semestre VI\Software\Software_Proyecto\visa-app\backend\r2.js">
        <metrics statements="26" coveredstatements="0" conditionals="8" coveredconditionals="0" methods="9" coveredmethods="0"/>
        <line num="1" count="0" type="stmt"/>
        <line num="3" count="0" type="stmt"/>
        <line num="4" count="0" type="stmt"/>
        <line num="5" count="0" type="stmt"/>
        <line num="6" count="0" type="stmt"/>
        <line num="8" count="0" type="stmt"/>
        <line num="18" count="0" type="stmt"/>
        <line num="24" count="0" type="stmt"/>
        <line num="25" count="0" type="stmt"/>
        <line num="29" count="0" type="stmt"/>
        <line num="31" count="0" type="cond" truecount="0" falsecount="2"/>
        <line num="32" count="0" type="stmt"/>
        <line num="35" count="0" type="cond" truecount="0" falsecount="2"/>
        <line num="41" count="0" type="stmt"/>
        <line num="46" count="0" type="stmt"/>
        <line num="50" count="0" type="stmt"/>
        <line num="54" count="0" type="stmt"/>
        <line num="58" count="0" type="stmt"/>
        <line num="59" count="0" type="stmt"/>
        <line num="61" count="0" type="stmt"/>
        <line num="63" count="0" type="stmt"/>
        <line num="72" count="0" type="stmt"/>
        <line num="74" count="0" type="stmt"/>
        <line num="81" count="0" type="stmt"/>
        <line num="82" count="0" type="stmt"/>
        <line num="90" count="0" type="stmt"/>
      </file>
      <file name="storage.js" path="C:\Users\norma\OneDrive\Documentos\Semestre VI\Software\Software_Proyecto\visa-app\backend\storage.js">
        <metrics statements="26" coveredstatements="21" conditionals="10" coveredconditionals="4" methods="5" coveredmethods="5"/>
        <line num="1" count="2" type="stmt"/>
        <line num="2" count="2" type="stmt"/>
        <line num="3" count="2" type="stmt"/>
        <line num="8" count="2" type="stmt"/>
        <line num="10" count="2" type="cond" truecount="1" falsecount="1"/>
        <line num="15" count="1" type="stmt"/>
        <line num="19" count="1" type="stmt"/>
        <line num="23" count="1" type="stmt"/>
        <line num="24" count="1" type="stmt"/>
        <line num="25" count="1" type="stmt"/>
        <line num="26" count="1" type="stmt"/>
        <line num="34" count="1" type="stmt"/>
        <line num="35" count="1" type="stmt"/>
        <line num="37" count="1" type="cond" truecount="1" falsecount="1"/>
        <line num="38" count="1" type="stmt"/>
        <line num="41" count="0" type="stmt"/>
        <line num="42" count="0" type="stmt"/>
        <line num="46" count="1" type="cond" truecount="1" falsecount="1"/>
        <line num="47" count="1" type="cond" truecount="1" falsecount="1"/>
        <line num="48" count="0" type="stmt"/>
        <line num="49" count="0" type="stmt"/>
        <line num="52" count="1" type="stmt"/>
        <line num="53" count="1" type="stmt"/>
        <line num="54" count="1" type="stmt"/>
        <line num="56" count="0" type="cond" truecount="0" falsecount="2"/>
        <line num="60" count="2" type="stmt"/>
      </file>
      <file name="upload.js" path="C:\Users\norma\OneDrive\Documentos\Semestre VI\Software\Software_Proyecto\visa-app\backend\upload.js">
        <metrics statements="4" coveredstatements="4" conditionals="0" coveredconditionals="0" methods="0" coveredmethods="0"/>
        <line num="1" count="1" type="stmt"/>
        <line num="3" count="1" type="stmt"/>
        <line num="5" count="1" type="stmt"/>
        <line num="7" count="1" type="stmt"/>
      </file>
    </package>
    <package name="backend.controllers">
      <metrics statements="83" coveredstatements="32" conditionals="24" coveredconditionals="2" methods="20" coveredmethods="11"/>
      <file name="interviewSessionController.js" path="C:\Users\norma\OneDrive\Documentos\Semestre VI\Software\Software_Proyecto\visa-app\backend\controllers\interviewSessionController.js">
        <metrics statements="27" coveredstatements="8" conditionals="8" coveredconditionals="1" methods="7" coveredmethods="3"/>
        <line num="3" count="0" type="cond" truecount="0" falsecount="2"/>
        <line num="5" count="0" type="cond" truecount="0" falsecount="2"/>
        <line num="7" count="0" type="cond" truecount="0" falsecount="2"/>
        <line num="8" count="0" type="stmt"/>
        <line num="11" count="0" type="stmt"/>
        <line num="15" count="1" type="stmt"/>
        <line num="16" count="1" type="stmt"/>
        <line num="21" count="1" type="stmt"/>
        <line num="26" count="0" type="stmt"/>
        <line num="31" count="0" type="stmt"/>
        <line num="32" count="0" type="stmt"/>
        <line num="35" count="0" type="stmt"/>
        <line num="37" count="0" type="stmt"/>
        <line num="42" count="0" type="stmt"/>
        <line num="43" count="0" type="stmt"/>
        <line num="46" count="0" type="stmt"/>
        <line num="48" count="0" type="stmt"/>
        <line num="53" count="0" type="stmt"/>
        <line num="54" count="0" type="stmt"/>
        <line num="55" count="0" type="stmt"/>
        <line num="57" count="0" type="stmt"/>
        <line num="62" count="1" type="stmt"/>
        <line num="63" count="1" type="stmt"/>
        <line num="68" count="1" type="stmt"/>
        <line num="73" count="0" type="stmt"/>
        <line num="77" count="1" type="stmt"/>
        <line num="86" count="1" type="stmt"/>
      </file>
      <file name="notificacionController.js" path="C:\Users\norma\OneDrive\Documentos\Semestre VI\Software\Software_Proyecto\visa-app\backend\controllers\notificacionController.js">
        <metrics statements="33" coveredstatements="10" conditionals="10" coveredconditionals="1" methods="7" coveredmethods="3"/>
        <line num="3" count="0" type="cond" truecount="0" falsecount="2"/>
        <line num="5" count="0" type="cond" truecount="0" falsecount="2"/>
        <line num="7" count="0" type="cond" truecount="0" falsecount="2"/>
        <line num="8" count="0" type="stmt"/>
        <line num="11" count="0" type="stmt"/>
        <line num="15" count="1" type="stmt"/>
        <line num="16" count="1" type="stmt"/>
        <line num="17" count="1" type="stmt"/>
        <line num="19" count="0" type="stmt"/>
        <line num="24" count="0" type="stmt"/>
        <line num="25" count="0" type="stmt"/>
        <line num="26" count="0" type="stmt"/>
        <line num="28" count="0" type="stmt"/>
        <line num="33" count="1" type="stmt"/>
        <line num="34" count="1" type="stmt"/>
        <line num="35" count="1" type="cond" truecount="1" falsecount="1"/>
        <line num="36" count="0" type="stmt"/>
        <line num="38" count="1" type="stmt"/>
        <line num="39" count="1" type="stmt"/>
        <line num="41" count="0" type="stmt"/>
        <line num="46" count="0" type="stmt"/>
        <line num="47" count="0" type="stmt"/>
        <line num="48" count="0" type="stmt"/>
        <line num="53" count="0" type="stmt"/>
        <line num="58" count="0" type="stmt"/>
        <line num="59" count="0" type="stmt"/>
        <line num="60" count="0" type="cond" truecount="0" falsecount="2"/>
        <line num="61" count="0" type="stmt"/>
        <line num="63" count="0" type="stmt"/>
        <line num="70" count="0" type="stmt"/>
        <line num="75" count="0" type="stmt"/>
        <line num="79" count="1" type="stmt"/>
        <line num="82" count="1" type="stmt"/>
      </file>
      <file name="questionBankController.js" path="C:\Users\norma\OneDrive\Documentos\Semestre VI\Software\Software_Proyecto\visa-app\backend\controllers\questionBankController.js">
        <metrics statements="23" coveredstatements="14" conditionals="6" coveredconditionals="0" methods="6" coveredmethods="5"/>
        <line num="3" count="0" type="cond" truecount="0" falsecount="2"/>
        <line num="5" count="0" type="cond" truecount="0" falsecount="2"/>
        <line num="7" count="0" type="cond" truecount="0" falsecount="2"/>
        <line num="8" count="0" type="stmt"/>
        <line num="11" count="0" type="stmt"/>
        <line num="15" count="1" type="stmt"/>
        <line num="16" count="1" type="stmt"/>
        <line num="17" count="1" type="stmt"/>
        <line num="19" count="0" type="stmt"/>
        <line num="24" count="1" type="stmt"/>
        <line num="25" count="1" type="stmt"/>
        <line num="26" count="1" type="stmt"/>
        <line num="31" count="0" type="stmt"/>
        <line num="36" count="1" type="stmt"/>
        <line num="37" count="1" type="stmt"/>
        <line num="42" count="1" type="stmt"/>
        <line num="47" count="0" type="stmt"/>
        <line num="52" count="1" type="stmt"/>
        <line num="53" count="1" type="stmt"/>
        <line num="54" count="1" type="stmt"/>
        <line num="56" count="0" type="stmt"/>
        <line num="60" count="1" type="stmt"/>
        <line num="68" count="1" type="stmt"/>
      </file>
    </package>
    <package name="backend.routes">
      <metrics statements="39" coveredstatements="39" conditionals="0" coveredconditionals="0" methods="3" coveredmethods="3"/>
      <file name="interviewSessionRoutes.js" path="C:\Users\norma\OneDrive\Documentos\Semestre VI\Software\Software_Proyecto\visa-app\backend\routes\interviewSessionRoutes.js">
        <metrics statements="14" coveredstatements="14" conditionals="0" coveredconditionals="0" methods="1" coveredmethods="1"/>
        <line num="1" count="1" type="stmt"/>
        <line num="2" count="1" type="stmt"/>
        <line num="3" count="1" type="stmt"/>
        <line num="4" count="1" type="stmt"/>
        <line num="7" count="1" type="stmt"/>
        <line num="8" count="1" type="stmt"/>
        <line num="9" count="1" type="stmt"/>
        <line num="11" count="1" type="stmt"/>
        <line num="12" count="1" type="stmt"/>
        <line num="13" count="1" type="stmt"/>
        <line num="14" count="1" type="stmt"/>
        <line num="15" count="1" type="stmt"/>
        <line num="17" count="1" type="stmt"/>
        <line num="20" count="1" type="stmt"/>
      </file>
      <file name="notificacionRoutes.js" path="C:\Users\norma\OneDrive\Documentos\Semestre VI\Software\Software_Proyecto\visa-app\backend\routes\notificacionRoutes.js">
        <metrics statements="13" coveredstatements="13" conditionals="0" coveredconditionals="0" methods="1" coveredmethods="1"/>
        <line num="1" count="1" type="stmt"/>
        <line num="2" count="1" type="stmt"/>
        <line num="3" count="1" type="stmt"/>
        <line num="6" count="1" type="stmt"/>
        <line num="7" count="1" type="stmt"/>
        <line num="8" count="1" type="stmt"/>
        <line num="11" count="1" type="stmt"/>
        <line num="14" count="1" type="stmt"/>
        <line num="17" count="1" type="stmt"/>
        <line num="20" count="1" type="stmt"/>
        <line num="23" count="1" type="stmt"/>
        <line num="25" count="1" type="stmt"/>
        <line num="28" count="1" type="stmt"/>
      </file>
      <file name="questionBankRoutes.js" path="C:\Users\norma\OneDrive\Documentos\Semestre VI\Software\Software_Proyecto\visa-app\backend\routes\questionBankRoutes.js">
        <metrics statements="12" coveredstatements="12" conditionals="0" coveredconditionals="0" methods="1" coveredmethods="1"/>
        <line num="1" count="1" type="stmt"/>
        <line num="2" count="1" type="stmt"/>
        <line num="3" count="1" type="stmt"/>
        <line num="6" count="1" type="stmt"/>
        <line num="7" count="1" type="stmt"/>
        <line num="8" count="1" type="stmt"/>
        <line num="10" count="1" type="stmt"/>
        <line num="11" count="1" type="stmt"/>
        <line num="12" count="1" type="stmt"/>
        <line num="13" count="1" type="stmt"/>
        <line num="15" count="1" type="stmt"/>
        <line num="18" count="1" type="stmt"/>
      </file>
    </package>
    <package name="backend.services">
      <metrics statements="224" coveredstatements="102" conditionals="137" coveredconditionals="65" methods="33" coveredmethods="22"/>
      <file name="interviewSessionService.js" path="C:\Users\norma\OneDrive\Documentos\Semestre VI\Software\Software_Proyecto\visa-app\backend\services\interviewSessionService.js">
        <metrics statements="97" coveredstatements="37" conditionals="68" coveredconditionals="33" methods="14" coveredmethods="8"/>
        <line num="1" count="1" type="stmt"/>
        <line num="5" count="3" type="stmt"/>
        <line num="22" count="1" type="cond" truecount="1" falsecount="1"/>
        <line num="23" count="0" type="stmt"/>
        <line num="24" count="0" type="stmt"/>
        <line num="25" count="0" type="stmt"/>
        <line num="28" count="1" type="cond" truecount="1" falsecount="1"/>
        <line num="30" count="1" type="stmt"/>
        <line num="31" count="1" type="stmt"/>
        <line num="33" count="0" type="stmt"/>
        <line num="34" count="0" type="stmt"/>
        <line num="35" count="0" type="stmt"/>
        <line num="41" count="1" type="cond" truecount="4" falsecount="1"/>
        <line num="45" count="1" type="cond" truecount="3" falsecount="1"/>
        <line num="46" count="0" type="stmt"/>
        <line num="47" count="0" type="stmt"/>
        <line num="48" count="0" type="stmt"/>
        <line num="51" count="1" type="stmt"/>
        <line num="59" count="1" type="cond" truecount="3" falsecount="1"/>
        <line num="60" count="0" type="stmt"/>
        <line num="61" count="0" type="stmt"/>
        <line num="62" count="0" type="stmt"/>
        <line num="65" count="1" type="stmt"/>
        <line num="74" count="1" type="stmt"/>
        <line num="76" count="1" type="stmt"/>
        <line num="77" count="1" type="stmt"/>
        <line num="78" count="1" type="stmt"/>
        <line num="79" count="1" type="stmt"/>
        <line num="81" count="1" type="stmt"/>
        <line num="82" count="1" type="stmt"/>
        <line num="84" count="1" type="stmt"/>
        <line num="85" count="1" type="stmt"/>
        <line num="86" count="0" type="stmt"/>
        <line num="88" count="1" type="stmt"/>
        <line num="90" count="1" type="cond" truecount="1" falsecount="1"/>
        <line num="91" count="0" type="stmt"/>
        <line num="95" count="0" type="stmt"/>
        <line num="96" count="0" type="stmt"/>
        <line num="104" count="1" type="stmt"/>
        <line num="111" count="1" type="stmt"/>
        <line num="120" count="1" type="stmt"/>
        <line num="122" count="0" type="stmt"/>
        <line num="124" count="0" type="stmt"/>
        <line num="125" count="0" type="stmt"/>
        <line num="130" count="0" type="stmt"/>
        <line num="135" count="0" type="stmt"/>
        <line num="137" count="0" type="stmt"/>
        <line num="138" count="0" type="stmt"/>
        <line num="140" count="0" type="cond" truecount="0" falsecount="2"/>
        <line num="141" count="0" type="stmt"/>
        <line num="142" count="0" type="stmt"/>
        <line num="145" count="0" type="stmt"/>
        <line num="154" count="0" type="stmt"/>
        <line num="158" count="0" type="stmt"/>
        <line num="160" count="0" type="stmt"/>
        <line num="161" count="0" type="cond" truecount="0" falsecount="2"/>
        <line num="162" count="0" type="stmt"/>
        <line num="163" count="0" type="stmt"/>
        <line num="164" count="0" type="stmt"/>
        <line num="167" count="0" type="stmt"/>
        <line num="176" count="0" type="stmt"/>
        <line num="180" count="0" type="stmt"/>
        <line num="182" count="0" type="stmt"/>
        <line num="183" count="0" type="cond" truecount="0" falsecount="2"/>
        <line num="184" count="0" type="stmt"/>
        <line num="185" count="0" type="stmt"/>
        <line num="186" count="0" type="stmt"/>
        <line num="189" count="0" type="stmt"/>
        <line num="197" count="0" type="cond" truecount="0" falsecount="2"/>
        <line num="198" count="0" type="stmt"/>
        <line num="199" count="0" type="stmt"/>
        <line num="200" count="0" type="stmt"/>
        <line num="203" count="0" type="stmt"/>
        <line num="207" count="1" type="stmt"/>
        <line num="209" count="1" type="stmt"/>
        <line num="210" count="1" type="cond" truecount="1" falsecount="1"/>
        <line num="211" count="0" type="stmt"/>
        <line num="212" count="0" type="stmt"/>
        <line num="213" count="0" type="stmt"/>
        <line num="216" count="1" type="cond" truecount="1" falsecount="1"/>
        <line num="217" count="1" type="cond" truecount="1" falsecount="1"/>
        <line num="218" count="0" type="stmt"/>
        <line num="219" count="0" type="stmt"/>
        <line num="220" count="0" type="stmt"/>
        <line num="224" count="1" type="cond" truecount="4" falsecount="1"/>
        <line num="228" count="1" type="cond" truecount="5" falsecount="1"/>
        <line num="229" count="0" type="stmt"/>
        <line num="230" count="0" type="stmt"/>
        <line num="231" count="0" type="stmt"/>
        <line num="234" count="1" type="stmt"/>
        <line num="246" count="1" type="cond" truecount="1" falsecount="1"/>
        <line num="247" count="0" type="stmt"/>
        <line num="248" count="0" type="stmt"/>
        <line num="249" count="0" type="stmt"/>
        <line num="252" count="1" type="stmt"/>
        <line num="255" count="2" type="stmt"/>
        <line num="265" count="1" type="stmt"/>
      </file>
      <file name="notificacionService.js" path="C:\Users\norma\OneDrive\Documentos\Semestre VI\Software\Software_Proyecto\visa-app\backend\services\notificacionService.js">
        <metrics statements="56" coveredstatements="21" conditionals="24" coveredconditionals="7" methods="10" coveredmethods="6"/>
        <line num="3" count="3" type="stmt"/>
        <line num="17" count="3" type="stmt"/>
        <line num="22" count="3" type="stmt"/>
        <line num="29" count="2" type="stmt"/>
        <line num="30" count="2" type="cond" truecount="3" falsecount="1"/>
        <line num="31" count="0" type="stmt"/>
        <line num="32" count="0" type="stmt"/>
        <line num="33" count="0" type="stmt"/>
        <line num="35" count="2" type="stmt"/>
        <line num="39" count="1" type="stmt"/>
        <line num="40" count="1" type="cond" truecount="3" falsecount="1"/>
        <line num="41" count="0" type="stmt"/>
        <line num="42" count="0" type="stmt"/>
        <line num="43" count="0" type="stmt"/>
        <line num="45" count="1" type="stmt"/>
        <line num="49" count="1" type="stmt"/>
        <line num="50" count="1" type="stmt"/>
        <line num="52" count="1" type="stmt"/>
        <line num="61" count="1" type="stmt"/>
        <line num="65" count="0" type="stmt"/>
        <line num="66" count="0" type="stmt"/>
        <line num="68" count="0" type="stmt"/>
        <line num="75" count="0" type="stmt"/>
        <line num="79" count="1" type="stmt"/>
        <line num="80" count="1" type="stmt"/>
        <line num="81" count="1" type="stmt"/>
        <line num="83" count="1" type="stmt"/>
        <line num="92" count="1" type="cond" truecount="1" falsecount="1"/>
        <line num="93" count="0" type="stmt"/>
        <line num="94" count="0" type="stmt"/>
        <line num="95" count="0" type="stmt"/>
        <line num="98" count="1" type="stmt"/>
        <line num="102" count="0" type="stmt"/>
        <line num="103" count="0" type="stmt"/>
        <line num="105" count="0" type="stmt"/>
        <line num="113" count="0" type="stmt"/>
        <line num="117" count="0" type="stmt"/>
        <line num="118" count="0" type="stmt"/>
        <line num="120" count="0" type="cond" truecount="0" falsecount="4"/>
        <line num="121" count="0" type="stmt"/>
        <line num="122" count="0" type="stmt"/>
        <line num="123" count="0" type="stmt"/>
        <line num="126" count="0" type="cond" truecount="0" falsecount="4"/>
        <line num="127" count="0" type="stmt"/>
        <line num="128" count="0" type="stmt"/>
        <line num="129" count="0" type="stmt"/>
        <line num="132" count="0" type="stmt"/>
        <line num="133" count="0" type="cond" truecount="0" falsecount="2"/>
        <line num="135" count="0" type="stmt"/>
        <line num="143" count="0" type="stmt"/>
        <line num="147" count="0" type="stmt"/>
        <line num="148" count="0" type="stmt"/>
        <line num="150" count="0" type="stmt"/>
        <line num="160" count="0" type="stmt"/>
        <line num="163" count="2" type="stmt"/>
        <line num="174" count="1" type="stmt"/>
      </file>
      <file name="questionBankService.js" path="C:\Users\norma\OneDrive\Documentos\Semestre VI\Software\Software_Proyecto\visa-app\backend\services\questionBankService.js">
        <metrics statements="71" coveredstatements="44" conditionals="45" coveredconditionals="25" methods="9" coveredmethods="8"/>
        <line num="1" count="1" type="stmt"/>
        <line num="12" count="1" type="stmt"/>
        <line num="14" count="1" type="stmt"/>
        <line num="109" count="5" type="stmt"/>
        <line num="122" count="1" type="stmt"/>
        <line num="124" count="1" type="stmt"/>
        <line num="125" count="1" type="cond" truecount="1" falsecount="1"/>
        <line num="127" count="0" type="stmt"/>
        <line num="128" count="0" type="stmt"/>
        <line num="129" count="0" type="stmt"/>
        <line num="130" count="0" type="stmt"/>
        <line num="131" count="0" type="stmt"/>
        <line num="134" count="0" type="stmt"/>
        <line num="142" count="2" type="stmt"/>
        <line num="144" count="2" type="cond" truecount="2" falsecount="2"/>
        <line num="145" count="2" type="cond" truecount="1" falsecount="1"/>
        <line num="146" count="2" type="cond" truecount="1" falsecount="1"/>
        <line num="147" count="0" type="stmt"/>
        <line num="148" count="0" type="stmt"/>
        <line num="149" count="0" type="stmt"/>
        <line num="153" count="2" type="cond" truecount="2" falsecount="2"/>
        <line num="154" count="2" type="cond" truecount="1" falsecount="1"/>
        <line num="155" count="2" type="cond" truecount="1" falsecount="1"/>
        <line num="156" count="0" type="stmt"/>
        <line num="157" count="0" type="stmt"/>
        <line num="158" count="0" type="stmt"/>
        <line num="160" count="2" type="stmt"/>
        <line num="163" count="2" type="cond" truecount="2" falsecount="2"/>
        <line num="164" count="2" type="cond" truecount="1" falsecount="1"/>
        <line num="165" count="2" type="cond" truecount="1" falsecount="1"/>
        <line num="166" count="0" type="stmt"/>
        <line num="167" count="0" type="stmt"/>
        <line num="168" count="0" type="stmt"/>
        <line num="170" count="2" type="stmt"/>
        <line num="173" count="2" type="cond" truecount="2" falsecount="2"/>
        <line num="174" count="2" type="stmt"/>
        <line num="181" count="2" type="stmt"/>
        <line num="185" count="1" type="stmt"/>
        <line num="187" count="1" type="stmt"/>
        <line num="193" count="1" type="stmt"/>
        <line num="197" count="1" type="stmt"/>
        <line num="199" count="1" type="stmt"/>
        <line num="200" count="1" type="stmt"/>
        <line num="207" count="1" type="stmt"/>
        <line num="211" count="1" type="stmt"/>
        <line num="213" count="1" type="stmt"/>
        <line num="214" count="1" type="cond" truecount="1" falsecount="1"/>
        <line num="215" count="0" type="stmt"/>
        <line num="216" count="0" type="stmt"/>
        <line num="217" count="0" type="stmt"/>
        <line num="220" count="1" type="stmt"/>
        <line num="221" count="1" type="stmt"/>
        <line num="232" count="1" type="cond" truecount="1" falsecount="1"/>
        <line num="233" count="0" type="stmt"/>
        <line num="234" count="0" type="stmt"/>
        <line num="235" count="0" type="stmt"/>
        <line num="238" count="1" type="stmt"/>
        <line num="242" count="1" type="stmt"/>
        <line num="244" count="1" type="stmt"/>
        <line num="245" count="1" type="cond" truecount="1" falsecount="1"/>
        <line num="246" count="0" type="stmt"/>
        <line num="247" count="0" type="stmt"/>
        <line num="248" count="0" type="stmt"/>
        <line num="251" count="1" type="stmt"/>
        <line num="258" count="1" type="cond" truecount="1" falsecount="1"/>
        <line num="259" count="0" type="stmt"/>
        <line num="260" count="0" type="stmt"/>
        <line num="261" count="0" type="stmt"/>
        <line num="264" count="1" type="stmt"/>
        <line num="267" count="2" type="stmt"/>
        <line num="277" count="1" type="stmt"/>
      </file>
    </package>
  </project>
</coverage>
