{"C:\\Users\\norma\\OneDrive\\Documentos\\Semestre VI\\Software\\Software_Proyecto\\visa-app\\backend\\app.js": {"path":"C:\\Users\\norma\\OneDrive\\Documentos\\Semestre VI\\Software\\Software_Proyecto\\visa-app\\backend\\app.js","statementMap":{"0":{"start":{"line":1,"column":13},"end":{"line":1,"column":28}},"1":{"start":{"line":3,"column":0},"end":{"line":3,"column":68}},"2":{"start":{"line":5,"column":16},"end":{"line":5,"column":34}},"3":{"start":{"line":6,"column":17},"end":{"line":6,"column":30}},"4":{"start":{"line":7,"column":13},"end":{"line":7,"column":28}},"5":{"start":{"line":8,"column":15},"end":{"line":8,"column":34}},"6":{"start":{"line":9,"column":37},"end":{"line":9,"column":79}},"7":{"start":{"line":10,"column":33},"end":{"line":10,"column":71}},"8":{"start":{"line":11,"column":33},"end":{"line":11,"column":71}},"9":{"start":{"line":12,"column":38},"end":{"line":12,"column":83}},"10":{"start":{"line":13,"column":38},"end":{"line":13,"column":79}},"11":{"start":{"line":14,"column":34},"end":{"line":14,"column":75}},"12":{"start":{"line":15,"column":66},"end":{"line":15,"column":86}},"13":{"start":{"line":17,"column":12},"end":{"line":17,"column":21}},"14":{"start":{"line":22,"column":0},"end":{"line":30,"column":3}},"15":{"start":{"line":23,"column":2},"end":{"line":23,"column":49}},"16":{"start":{"line":24,"column":2},"end":{"line":24,"column":80}},"17":{"start":{"line":25,"column":2},"end":{"line":25,"column":76}},"18":{"start":{"line":26,"column":2},"end":{"line":28,"column":3}},"19":{"start":{"line":27,"column":4},"end":{"line":27,"column":31}},"20":{"start":{"line":29,"column":2},"end":{"line":29,"column":9}},"21":{"start":{"line":31,"column":0},"end":{"line":31,"column":16}},"22":{"start":{"line":33,"column":0},"end":{"line":33,"column":24}},"23":{"start":{"line":34,"column":0},"end":{"line":36,"column":1}},"24":{"start":{"line":35,"column":2},"end":{"line":35,"column":61}},"25":{"start":{"line":38,"column":13},"end":{"line":38,"column":37}},"26":{"start":{"line":39,"column":13},"end":{"line":39,"column":42}},"27":{"start":{"line":42,"column":13},"end":{"line":48,"column":2}},"28":{"start":{"line":50,"column":0},"end":{"line":53,"column":57}},"29":{"start":{"line":52,"column":14},"end":{"line":52,"column":51}},"30":{"start":{"line":53,"column":18},"end":{"line":53,"column":55}},"31":{"start":{"line":56,"column":2},"end":{"line":63,"column":5}},"32":{"start":{"line":65,"column":2},"end":{"line":69,"column":5}},"33":{"start":{"line":72,"column":28},"end":{"line":74,"column":2}},"34":{"start":{"line":73,"column":2},"end":{"line":73,"column":49}},"35":{"start":{"line":77,"column":2},"end":{"line":84,"column":5}},"36":{"start":{"line":87,"column":24},"end":{"line":89,"column":2}},"37":{"start":{"line":88,"column":2},"end":{"line":88,"column":45}},"38":{"start":{"line":91,"column":28},"end":{"line":91,"column":59}},"39":{"start":{"line":92,"column":0},"end":{"line":94,"column":3}},"40":{"start":{"line":93,"column":2},"end":{"line":93,"column":54}},"41":{"start":{"line":96,"column":32},"end":{"line":96,"column":67}},"42":{"start":{"line":97,"column":0},"end":{"line":99,"column":3}},"43":{"start":{"line":98,"column":2},"end":{"line":98,"column":58}},"44":{"start":{"line":101,"column":28},"end":{"line":101,"column":59}},"45":{"start":{"line":102,"column":0},"end":{"line":104,"column":3}},"46":{"start":{"line":103,"column":2},"end":{"line":103,"column":55}},"47":{"start":{"line":107,"column":2},"end":{"line":119,"column":3}},"48":{"start":{"line":108,"column":21},"end":{"line":108,"column":85}},"49":{"start":{"line":109,"column":4},"end":{"line":109,"column":25}},"50":{"start":{"line":109,"column":18},"end":{"line":109,"column":25}},"51":{"start":{"line":110,"column":4},"end":{"line":116,"column":7}},"52":{"start":{"line":118,"column":4},"end":{"line":118,"column":49}},"53":{"start":{"line":130,"column":2},"end":{"line":130,"column":28}},"54":{"start":{"line":132,"column":25},"end":{"line":132,"column":29}},"55":{"start":{"line":134,"column":2},"end":{"line":143,"column":3}},"56":{"start":{"line":135,"column":21},"end":{"line":141,"column":5}},"57":{"start":{"line":142,"column":4},"end":{"line":142,"column":48}},"58":{"start":{"line":145,"column":2},"end":{"line":168,"column":3}},"59":{"start":{"line":146,"column":19},"end":{"line":158,"column":5}},"60":{"start":{"line":160,"column":4},"end":{"line":164,"column":5}},"61":{"start":{"line":161,"column":6},"end":{"line":163,"column":9}},"62":{"start":{"line":162,"column":8},"end":{"line":162,"column":61}},"63":{"start":{"line":166,"column":4},"end":{"line":166,"column":37}},"64":{"start":{"line":167,"column":4},"end":{"line":167,"column":26}},"65":{"start":{"line":170,"column":17},"end":{"line":175,"column":3}},"66":{"start":{"line":177,"column":2},"end":{"line":177,"column":35}},"67":{"start":{"line":178,"column":2},"end":{"line":178,"column":24}},"68":{"start":{"line":182,"column":0},"end":{"line":184,"column":3}},"69":{"start":{"line":183,"column":2},"end":{"line":183,"column":34}},"70":{"start":{"line":186,"column":0},"end":{"line":186,"column":67}},"71":{"start":{"line":187,"column":0},"end":{"line":187,"column":54}},"72":{"start":{"line":188,"column":0},"end":{"line":188,"column":59}},"73":{"start":{"line":191,"column":0},"end":{"line":213,"column":3}},"74":{"start":{"line":192,"column":21},"end":{"line":192,"column":30}},"75":{"start":{"line":194,"column":2},"end":{"line":196,"column":3}},"76":{"start":{"line":195,"column":4},"end":{"line":195,"column":77}},"77":{"start":{"line":198,"column":2},"end":{"line":212,"column":3}},"78":{"start":{"line":199,"column":19},"end":{"line":202,"column":5}},"79":{"start":{"line":204,"column":4},"end":{"line":208,"column":5}},"80":{"start":{"line":205,"column":6},"end":{"line":205,"column":32}},"81":{"start":{"line":207,"column":6},"end":{"line":207,"column":33}},"82":{"start":{"line":210,"column":4},"end":{"line":210,"column":48}},"83":{"start":{"line":211,"column":4},"end":{"line":211,"column":65}},"84":{"start":{"line":216,"column":0},"end":{"line":268,"column":3}},"85":{"start":{"line":217,"column":21},"end":{"line":217,"column":30}},"86":{"start":{"line":219,"column":2},"end":{"line":221,"column":3}},"87":{"start":{"line":220,"column":4},"end":{"line":220,"column":63}},"88":{"start":{"line":223,"column":2},"end":{"line":267,"column":3}},"89":{"start":{"line":225,"column":23},"end":{"line":228,"column":5}},"90":{"start":{"line":230,"column":4},"end":{"line":232,"column":5}},"91":{"start":{"line":231,"column":6},"end":{"line":231,"column":70}},"92":{"start":{"line":234,"column":19},"end":{"line":234,"column":48}},"93":{"start":{"line":237,"column":24},"end":{"line":240,"column":5}},"94":{"start":{"line":245,"column":4},"end":{"line":255,"column":5}},"95":{"start":{"line":246,"column":20},"end":{"line":251,"column":7}},"96":{"start":{"line":252,"column":6},"end":{"line":252,"column":30}},"97":{"start":{"line":254,"column":6},"end":{"line":254,"column":38}},"98":{"start":{"line":257,"column":4},"end":{"line":263,"column":7}},"99":{"start":{"line":265,"column":4},"end":{"line":265,"column":40}},"100":{"start":{"line":266,"column":4},"end":{"line":266,"column":51}},"101":{"start":{"line":271,"column":0},"end":{"line":288,"column":3}},"102":{"start":{"line":272,"column":41},"end":{"line":272,"column":49}},"103":{"start":{"line":274,"column":2},"end":{"line":287,"column":3}},"104":{"start":{"line":275,"column":19},"end":{"line":278,"column":5}},"105":{"start":{"line":280,"column":4},"end":{"line":283,"column":7}},"106":{"start":{"line":285,"column":4},"end":{"line":285,"column":42}},"107":{"start":{"line":286,"column":4},"end":{"line":286,"column":51}},"108":{"start":{"line":291,"column":0},"end":{"line":312,"column":3}},"109":{"start":{"line":292,"column":33},"end":{"line":292,"column":41}},"110":{"start":{"line":294,"column":2},"end":{"line":311,"column":3}},"111":{"start":{"line":295,"column":19},"end":{"line":298,"column":5}},"112":{"start":{"line":300,"column":4},"end":{"line":307,"column":5}},"113":{"start":{"line":301,"column":6},"end":{"line":304,"column":9}},"114":{"start":{"line":306,"column":6},"end":{"line":306,"column":66}},"115":{"start":{"line":309,"column":4},"end":{"line":309,"column":39}},"116":{"start":{"line":310,"column":4},"end":{"line":310,"column":51}},"117":{"start":{"line":315,"column":0},"end":{"line":368,"column":3}},"118":{"start":{"line":316,"column":29},"end":{"line":316,"column":37}},"119":{"start":{"line":318,"column":2},"end":{"line":322,"column":3}},"120":{"start":{"line":319,"column":4},"end":{"line":321,"column":7}},"121":{"start":{"line":324,"column":2},"end":{"line":367,"column":3}},"122":{"start":{"line":325,"column":19},"end":{"line":328,"column":5}},"123":{"start":{"line":330,"column":4},"end":{"line":332,"column":5}},"124":{"start":{"line":331,"column":6},"end":{"line":331,"column":70}},"125":{"start":{"line":334,"column":20},"end":{"line":334,"column":34}},"126":{"start":{"line":337,"column":26},"end":{"line":340,"column":5}},"127":{"start":{"line":342,"column":4},"end":{"line":358,"column":5}},"128":{"start":{"line":343,"column":6},"end":{"line":351,"column":8}},"129":{"start":{"line":352,"column":6},"end":{"line":357,"column":8}},"130":{"start":{"line":360,"column":4},"end":{"line":363,"column":7}},"131":{"start":{"line":365,"column":4},"end":{"line":365,"column":48}},"132":{"start":{"line":366,"column":4},"end":{"line":366,"column":51}},"133":{"start":{"line":370,"column":0},"end":{"line":428,"column":3}},"134":{"start":{"line":371,"column":54},"end":{"line":371,"column":62}},"135":{"start":{"line":373,"column":2},"end":{"line":375,"column":3}},"136":{"start":{"line":374,"column":4},"end":{"line":374,"column":64}},"137":{"start":{"line":377,"column":23},"end":{"line":377,"column":62}},"138":{"start":{"line":378,"column":23},"end":{"line":378,"column":64}},"139":{"start":{"line":380,"column":4},"end":{"line":382,"column":26}},"140":{"start":{"line":384,"column":2},"end":{"line":386,"column":3}},"141":{"start":{"line":385,"column":4},"end":{"line":385,"column":75}},"142":{"start":{"line":390,"column":2},"end":{"line":427,"column":3}},"143":{"start":{"line":391,"column":4},"end":{"line":393,"column":7}},"144":{"start":{"line":394,"column":22},"end":{"line":401,"column":6}},"145":{"start":{"line":403,"column":4},"end":{"line":408,"column":7}},"146":{"start":{"line":410,"column":4},"end":{"line":410,"column":42}},"147":{"start":{"line":412,"column":4},"end":{"line":414,"column":5}},"148":{"start":{"line":413,"column":6},"end":{"line":413,"column":113}},"149":{"start":{"line":416,"column":4},"end":{"line":418,"column":5}},"150":{"start":{"line":417,"column":6},"end":{"line":417,"column":80}},"151":{"start":{"line":420,"column":4},"end":{"line":424,"column":5}},"152":{"start":{"line":421,"column":6},"end":{"line":421,"column":47}},"153":{"start":{"line":423,"column":6},"end":{"line":423,"column":66}},"154":{"start":{"line":426,"column":4},"end":{"line":426,"column":78}},"155":{"start":{"line":430,"column":22},"end":{"line":436,"column":1}},"156":{"start":{"line":441,"column":14},"end":{"line":441,"column":57}},"157":{"start":{"line":442,"column":2},"end":{"line":442,"column":37}},"158":{"start":{"line":442,"column":27},"end":{"line":442,"column":37}},"159":{"start":{"line":443,"column":2},"end":{"line":443,"column":27}},"160":{"start":{"line":443,"column":17},"end":{"line":443,"column":27}},"161":{"start":{"line":444,"column":2},"end":{"line":444,"column":27}},"162":{"start":{"line":444,"column":17},"end":{"line":444,"column":27}},"163":{"start":{"line":445,"column":2},"end":{"line":445,"column":15}},"164":{"start":{"line":451,"column":0},"end":{"line":518,"column":3}},"165":{"start":{"line":452,"column":21},"end":{"line":452,"column":30}},"166":{"start":{"line":454,"column":2},"end":{"line":456,"column":3}},"167":{"start":{"line":455,"column":4},"end":{"line":455,"column":63}},"168":{"start":{"line":458,"column":2},"end":{"line":517,"column":3}},"169":{"start":{"line":459,"column":4},"end":{"line":459,"column":26}},"170":{"start":{"line":461,"column":23},"end":{"line":468,"column":5}},"171":{"start":{"line":470,"column":4},"end":{"line":472,"column":5}},"172":{"start":{"line":471,"column":6},"end":{"line":471,"column":70}},"173":{"start":{"line":474,"column":20},"end":{"line":474,"column":38}},"174":{"start":{"line":477,"column":26},"end":{"line":480,"column":5}},"175":{"start":{"line":482,"column":20},"end":{"line":486,"column":5}},"176":{"start":{"line":488,"column":18},"end":{"line":488,"column":65}},"177":{"start":{"line":490,"column":4},"end":{"line":513,"column":7}},"178":{"start":{"line":515,"column":4},"end":{"line":515,"column":52}},"179":{"start":{"line":516,"column":4},"end":{"line":516,"column":51}},"180":{"start":{"line":524,"column":0},"end":{"line":596,"column":3}},"181":{"start":{"line":533,"column":6},"end":{"line":533,"column":14}},"182":{"start":{"line":535,"column":2},"end":{"line":537,"column":3}},"183":{"start":{"line":536,"column":4},"end":{"line":536,"column":63}},"184":{"start":{"line":539,"column":2},"end":{"line":595,"column":3}},"185":{"start":{"line":540,"column":4},"end":{"line":540,"column":26}},"186":{"start":{"line":543,"column":17},"end":{"line":543,"column":19}},"187":{"start":{"line":544,"column":20},"end":{"line":544,"column":22}},"188":{"start":{"line":545,"column":12},"end":{"line":545,"column":13}},"189":{"start":{"line":547,"column":4},"end":{"line":547,"column":113}},"190":{"start":{"line":547,"column":45},"end":{"line":547,"column":75}},"191":{"start":{"line":547,"column":90},"end":{"line":547,"column":111}},"192":{"start":{"line":548,"column":4},"end":{"line":548,"column":115}},"193":{"start":{"line":548,"column":45},"end":{"line":548,"column":77}},"194":{"start":{"line":548,"column":90},"end":{"line":548,"column":113}},"195":{"start":{"line":549,"column":4},"end":{"line":549,"column":113}},"196":{"start":{"line":549,"column":45},"end":{"line":549,"column":75}},"197":{"start":{"line":549,"column":90},"end":{"line":549,"column":111}},"198":{"start":{"line":550,"column":4},"end":{"line":550,"column":111}},"199":{"start":{"line":550,"column":45},"end":{"line":550,"column":73}},"200":{"start":{"line":550,"column":90},"end":{"line":550,"column":109}},"201":{"start":{"line":551,"column":4},"end":{"line":551,"column":128}},"202":{"start":{"line":551,"column":45},"end":{"line":551,"column":89}},"203":{"start":{"line":551,"column":90},"end":{"line":551,"column":126}},"204":{"start":{"line":552,"column":4},"end":{"line":552,"column":113}},"205":{"start":{"line":552,"column":45},"end":{"line":552,"column":75}},"206":{"start":{"line":552,"column":90},"end":{"line":552,"column":111}},"207":{"start":{"line":554,"column":4},"end":{"line":556,"column":5}},"208":{"start":{"line":555,"column":6},"end":{"line":555,"column":68}},"209":{"start":{"line":558,"column":4},"end":{"line":558,"column":25}},"210":{"start":{"line":560,"column":19},"end":{"line":568,"column":5}},"211":{"start":{"line":570,"column":4},"end":{"line":572,"column":5}},"212":{"start":{"line":571,"column":6},"end":{"line":571,"column":70}},"213":{"start":{"line":574,"column":14},"end":{"line":574,"column":28}},"214":{"start":{"line":576,"column":4},"end":{"line":591,"column":7}},"215":{"start":{"line":593,"column":4},"end":{"line":593,"column":52}},"216":{"start":{"line":594,"column":4},"end":{"line":594,"column":51}},"217":{"start":{"line":598,"column":0},"end":{"line":657,"column":3}},"218":{"start":{"line":599,"column":54},"end":{"line":599,"column":62}},"219":{"start":{"line":601,"column":2},"end":{"line":603,"column":3}},"220":{"start":{"line":602,"column":4},"end":{"line":602,"column":64}},"221":{"start":{"line":605,"column":2},"end":{"line":607,"column":3}},"222":{"start":{"line":606,"column":4},"end":{"line":606,"column":63}},"223":{"start":{"line":610,"column":4},"end":{"line":612,"column":26}},"224":{"start":{"line":614,"column":2},"end":{"line":616,"column":3}},"225":{"start":{"line":615,"column":4},"end":{"line":615,"column":75}},"226":{"start":{"line":620,"column":2},"end":{"line":630,"column":3}},"227":{"start":{"line":621,"column":4},"end":{"line":623,"column":7}},"228":{"start":{"line":625,"column":4},"end":{"line":625,"column":42}},"229":{"start":{"line":626,"column":4},"end":{"line":628,"column":5}},"230":{"start":{"line":627,"column":6},"end":{"line":627,"column":113}},"231":{"start":{"line":629,"column":4},"end":{"line":629,"column":78}},"232":{"start":{"line":632,"column":2},"end":{"line":656,"column":3}},"233":{"start":{"line":633,"column":22},"end":{"line":640,"column":6}},"234":{"start":{"line":642,"column":4},"end":{"line":645,"column":7}},"235":{"start":{"line":647,"column":4},"end":{"line":647,"column":42}},"236":{"start":{"line":649,"column":4},"end":{"line":653,"column":5}},"237":{"start":{"line":650,"column":6},"end":{"line":650,"column":47}},"238":{"start":{"line":652,"column":6},"end":{"line":652,"column":66}},"239":{"start":{"line":655,"column":4},"end":{"line":655,"column":78}},"240":{"start":{"line":659,"column":0},"end":{"line":682,"column":3}},"241":{"start":{"line":660,"column":20},"end":{"line":660,"column":48}},"242":{"start":{"line":662,"column":2},"end":{"line":664,"column":3}},"243":{"start":{"line":663,"column":4},"end":{"line":663,"column":75}},"244":{"start":{"line":666,"column":2},"end":{"line":681,"column":3}},"245":{"start":{"line":667,"column":4},"end":{"line":667,"column":30}},"246":{"start":{"line":669,"column":19},"end":{"line":675,"column":5}},"247":{"start":{"line":677,"column":4},"end":{"line":677,"column":33}},"248":{"start":{"line":679,"column":4},"end":{"line":679,"column":50}},"249":{"start":{"line":680,"column":4},"end":{"line":680,"column":83}},"250":{"start":{"line":684,"column":0},"end":{"line":723,"column":3}},"251":{"start":{"line":685,"column":21},"end":{"line":685,"column":42}},"252":{"start":{"line":686,"column":20},"end":{"line":686,"column":48}},"253":{"start":{"line":688,"column":2},"end":{"line":690,"column":3}},"254":{"start":{"line":689,"column":4},"end":{"line":689,"column":77}},"255":{"start":{"line":692,"column":2},"end":{"line":694,"column":3}},"256":{"start":{"line":693,"column":4},"end":{"line":693,"column":75}},"257":{"start":{"line":696,"column":2},"end":{"line":722,"column":3}},"258":{"start":{"line":697,"column":4},"end":{"line":697,"column":30}},"259":{"start":{"line":699,"column":19},"end":{"line":704,"column":5}},"260":{"start":{"line":706,"column":4},"end":{"line":708,"column":5}},"261":{"start":{"line":707,"column":6},"end":{"line":707,"column":72}},"262":{"start":{"line":710,"column":28},"end":{"line":710,"column":42}},"263":{"start":{"line":712,"column":4},"end":{"line":716,"column":5}},"264":{"start":{"line":713,"column":6},"end":{"line":715,"column":9}},"265":{"start":{"line":714,"column":8},"end":{"line":714,"column":70}},"266":{"start":{"line":718,"column":4},"end":{"line":718,"column":70}},"267":{"start":{"line":720,"column":4},"end":{"line":720,"column":52}},"268":{"start":{"line":721,"column":4},"end":{"line":721,"column":79}},"269":{"start":{"line":730,"column":0},"end":{"line":776,"column":3}},"270":{"start":{"line":731,"column":21},"end":{"line":731,"column":30}},"271":{"start":{"line":733,"column":2},"end":{"line":735,"column":3}},"272":{"start":{"line":734,"column":4},"end":{"line":734,"column":63}},"273":{"start":{"line":737,"column":2},"end":{"line":775,"column":3}},"274":{"start":{"line":739,"column":23},"end":{"line":742,"column":5}},"275":{"start":{"line":744,"column":4},"end":{"line":746,"column":5}},"276":{"start":{"line":745,"column":6},"end":{"line":745,"column":70}},"277":{"start":{"line":748,"column":19},"end":{"line":748,"column":48}},"278":{"start":{"line":751,"column":23},"end":{"line":754,"column":5}},"279":{"start":{"line":756,"column":4},"end":{"line":763,"column":5}},"280":{"start":{"line":758,"column":6},"end":{"line":762,"column":9}},"281":{"start":{"line":765,"column":17},"end":{"line":765,"column":35}},"282":{"start":{"line":766,"column":4},"end":{"line":770,"column":7}},"283":{"start":{"line":773,"column":4},"end":{"line":773,"column":43}},"284":{"start":{"line":774,"column":4},"end":{"line":774,"column":51}},"285":{"start":{"line":779,"column":0},"end":{"line":861,"column":3}},"286":{"start":{"line":780,"column":56},"end":{"line":780,"column":64}},"287":{"start":{"line":782,"column":2},"end":{"line":784,"column":3}},"288":{"start":{"line":783,"column":4},"end":{"line":783,"column":63}},"289":{"start":{"line":786,"column":2},"end":{"line":860,"column":3}},"290":{"start":{"line":788,"column":23},"end":{"line":791,"column":5}},"291":{"start":{"line":793,"column":4},"end":{"line":795,"column":5}},"292":{"start":{"line":794,"column":6},"end":{"line":794,"column":70}},"293":{"start":{"line":797,"column":19},"end":{"line":797,"column":48}},"294":{"start":{"line":800,"column":25},"end":{"line":803,"column":5}},"295":{"start":{"line":807,"column":4},"end":{"line":824,"column":5}},"296":{"start":{"line":809,"column":6},"end":{"line":814,"column":8}},"297":{"start":{"line":817,"column":6},"end":{"line":823,"column":8}},"298":{"start":{"line":827,"column":4},"end":{"line":850,"column":5}},"299":{"start":{"line":828,"column":24},"end":{"line":831,"column":7}},"300":{"start":{"line":833,"column":6},"end":{"line":849,"column":7}},"301":{"start":{"line":834,"column":8},"end":{"line":842,"column":10}},"302":{"start":{"line":843,"column":8},"end":{"line":848,"column":10}},"303":{"start":{"line":852,"column":4},"end":{"line":855,"column":7}},"304":{"start":{"line":858,"column":4},"end":{"line":858,"column":44}},"305":{"start":{"line":859,"column":4},"end":{"line":859,"column":51}},"306":{"start":{"line":864,"column":23},"end":{"line":870,"column":1}},"307":{"start":{"line":872,"column":23},"end":{"line":878,"column":1}},"308":{"start":{"line":880,"column":0},"end":{"line":959,"column":3}},"309":{"start":{"line":881,"column":78},"end":{"line":881,"column":86}},"310":{"start":{"line":883,"column":2},"end":{"line":885,"column":3}},"311":{"start":{"line":884,"column":4},"end":{"line":884,"column":63}},"312":{"start":{"line":887,"column":2},"end":{"line":889,"column":3}},"313":{"start":{"line":888,"column":4},"end":{"line":888,"column":69}},"314":{"start":{"line":891,"column":2},"end":{"line":958,"column":3}},"315":{"start":{"line":892,"column":23},"end":{"line":895,"column":5}},"316":{"start":{"line":897,"column":4},"end":{"line":899,"column":5}},"317":{"start":{"line":898,"column":6},"end":{"line":898,"column":70}},"318":{"start":{"line":901,"column":19},"end":{"line":901,"column":48}},"319":{"start":{"line":903,"column":21},"end":{"line":903,"column":55}},"320":{"start":{"line":904,"column":29},"end":{"line":904,"column":72}},"321":{"start":{"line":905,"column":29},"end":{"line":905,"column":75}},"322":{"start":{"line":906,"column":29},"end":{"line":906,"column":81}},"323":{"start":{"line":907,"column":29},"end":{"line":907,"column":59}},"324":{"start":{"line":909,"column":26},"end":{"line":912,"column":5}},"325":{"start":{"line":915,"column":4},"end":{"line":943,"column":5}},"326":{"start":{"line":916,"column":20},"end":{"line":921,"column":7}},"327":{"start":{"line":922,"column":6},"end":{"line":922,"column":30}},"328":{"start":{"line":924,"column":28},"end":{"line":924,"column":62}},"329":{"start":{"line":925,"column":22},"end":{"line":932,"column":7}},"330":{"start":{"line":933,"column":6},"end":{"line":933,"column":32}},"331":{"start":{"line":935,"column":6},"end":{"line":942,"column":7}},"332":{"start":{"line":936,"column":8},"end":{"line":941,"column":10}},"333":{"start":{"line":945,"column":4},"end":{"line":954,"column":7}},"334":{"start":{"line":956,"column":4},"end":{"line":956,"column":47}},"335":{"start":{"line":957,"column":4},"end":{"line":957,"column":58}},"336":{"start":{"line":961,"column":0},"end":{"line":961,"column":21}}},"fnMap":{"0":{"name":"(anonymous_0)","decl":{"start":{"line":22,"column":8},"end":{"line":22,"column":9}},"loc":{"start":{"line":22,"column":28},"end":{"line":30,"column":1}},"line":22},"1":{"name":"(anonymous_1)","decl":{"start":{"line":52,"column":8},"end":{"line":52,"column":9}},"loc":{"start":{"line":52,"column":14},"end":{"line":52,"column":51}},"line":52},"2":{"name":"(anonymous_2)","decl":{"start":{"line":53,"column":9},"end":{"line":53,"column":10}},"loc":{"start":{"line":53,"column":18},"end":{"line":53,"column":55}},"line":53},"3":{"name":"ensureDocumentSchema","decl":{"start":{"line":55,"column":15},"end":{"line":55,"column":35}},"loc":{"start":{"line":55,"column":38},"end":{"line":70,"column":1}},"line":55},"4":{"name":"(anonymous_4)","decl":{"start":{"line":72,"column":57},"end":{"line":72,"column":58}},"loc":{"start":{"line":72,"column":68},"end":{"line":74,"column":1}},"line":72},"5":{"name":"ensureUserSchema","decl":{"start":{"line":76,"column":15},"end":{"line":76,"column":31}},"loc":{"start":{"line":76,"column":34},"end":{"line":85,"column":1}},"line":76},"6":{"name":"(anonymous_6)","decl":{"start":{"line":87,"column":49},"end":{"line":87,"column":50}},"loc":{"start":{"line":87,"column":60},"end":{"line":89,"column":1}},"line":87},"7":{"name":"(anonymous_7)","decl":{"start":{"line":92,"column":49},"end":{"line":92,"column":50}},"loc":{"start":{"line":92,"column":60},"end":{"line":94,"column":1}},"line":92},"8":{"name":"(anonymous_8)","decl":{"start":{"line":97,"column":45},"end":{"line":97,"column":46}},"loc":{"start":{"line":97,"column":56},"end":{"line":99,"column":1}},"line":97},"9":{"name":"(anonymous_9)","decl":{"start":{"line":102,"column":41},"end":{"line":102,"column":42}},"loc":{"start":{"line":102,"column":52},"end":{"line":104,"column":1}},"line":102},"10":{"name":"notificarCambioEtapa","decl":{"start":{"line":106,"column":15},"end":{"line":106,"column":35}},"loc":{"start":{"line":106,"column":68},"end":{"line":120,"column":1}},"line":106},"11":{"name":"insertDocumento","decl":{"start":{"line":122,"column":15},"end":{"line":122,"column":30}},"loc":{"start":{"line":129,"column":3},"end":{"line":179,"column":1}},"line":129},"12":{"name":"(anonymous_12)","decl":{"start":{"line":161,"column":59},"end":{"line":161,"column":60}},"loc":{"start":{"line":161,"column":77},"end":{"line":163,"column":7}},"line":161},"13":{"name":"(anonymous_13)","decl":{"start":{"line":182,"column":13},"end":{"line":182,"column":14}},"loc":{"start":{"line":182,"column":27},"end":{"line":184,"column":1}},"line":182},"14":{"name":"(anonymous_14)","decl":{"start":{"line":191,"column":27},"end":{"line":191,"column":28}},"loc":{"start":{"line":191,"column":47},"end":{"line":213,"column":1}},"line":191},"15":{"name":"(anonymous_15)","decl":{"start":{"line":216,"column":27},"end":{"line":216,"column":28}},"loc":{"start":{"line":216,"column":47},"end":{"line":268,"column":1}},"line":216},"16":{"name":"(anonymous_16)","decl":{"start":{"line":271,"column":22},"end":{"line":271,"column":23}},"loc":{"start":{"line":271,"column":42},"end":{"line":288,"column":1}},"line":271},"17":{"name":"(anonymous_17)","decl":{"start":{"line":291,"column":19},"end":{"line":291,"column":20}},"loc":{"start":{"line":291,"column":39},"end":{"line":312,"column":1}},"line":291},"18":{"name":"(anonymous_18)","decl":{"start":{"line":315,"column":28},"end":{"line":315,"column":29}},"loc":{"start":{"line":315,"column":48},"end":{"line":368,"column":1}},"line":315},"19":{"name":"(anonymous_19)","decl":{"start":{"line":370,"column":43},"end":{"line":370,"column":44}},"loc":{"start":{"line":370,"column":63},"end":{"line":428,"column":1}},"line":370},"20":{"name":"calcularEtapa","decl":{"start":{"line":440,"column":9},"end":{"line":440,"column":22}},"loc":{"start":{"line":440,"column":41},"end":{"line":446,"column":1}},"line":440},"21":{"name":"(anonymous_21)","decl":{"start":{"line":451,"column":27},"end":{"line":451,"column":28}},"loc":{"start":{"line":451,"column":47},"end":{"line":518,"column":1}},"line":451},"22":{"name":"(anonymous_22)","decl":{"start":{"line":524,"column":27},"end":{"line":524,"column":28}},"loc":{"start":{"line":524,"column":47},"end":{"line":596,"column":1}},"line":524},"23":{"name":"(anonymous_23)","decl":{"start":{"line":598,"column":47},"end":{"line":598,"column":48}},"loc":{"start":{"line":598,"column":67},"end":{"line":657,"column":1}},"line":598},"24":{"name":"(anonymous_24)","decl":{"start":{"line":659,"column":34},"end":{"line":659,"column":35}},"loc":{"start":{"line":659,"column":54},"end":{"line":682,"column":1}},"line":659},"25":{"name":"(anonymous_25)","decl":{"start":{"line":684,"column":30},"end":{"line":684,"column":31}},"loc":{"start":{"line":684,"column":50},"end":{"line":723,"column":1}},"line":684},"26":{"name":"(anonymous_26)","decl":{"start":{"line":713,"column":58},"end":{"line":713,"column":59}},"loc":{"start":{"line":713,"column":76},"end":{"line":715,"column":7}},"line":713},"27":{"name":"(anonymous_27)","decl":{"start":{"line":730,"column":18},"end":{"line":730,"column":19}},"loc":{"start":{"line":730,"column":38},"end":{"line":776,"column":1}},"line":730},"28":{"name":"(anonymous_28)","decl":{"start":{"line":779,"column":19},"end":{"line":779,"column":20}},"loc":{"start":{"line":779,"column":39},"end":{"line":861,"column":1}},"line":779},"29":{"name":"(anonymous_29)","decl":{"start":{"line":880,"column":20},"end":{"line":880,"column":21}},"loc":{"start":{"line":880,"column":40},"end":{"line":959,"column":1}},"line":880}},"branchMap":{"0":{"loc":{"start":{"line":26,"column":2},"end":{"line":28,"column":3}},"type":"if","locations":[{"start":{"line":26,"column":2},"end":{"line":28,"column":3}},{"start":{},"end":{}}],"line":26},"1":{"loc":{"start":{"line":34,"column":0},"end":{"line":36,"column":1}},"type":"if","locations":[{"start":{"line":34,"column":0},"end":{"line":36,"column":1}},{"start":{},"end":{}}],"line":34},"2":{"loc":{"start":{"line":38,"column":13},"end":{"line":38,"column":37}},"type":"binary-expr","locations":[{"start":{"line":38,"column":13},"end":{"line":38,"column":29}},{"start":{"line":38,"column":33},"end":{"line":38,"column":37}}],"line":38},"3":{"loc":{"start":{"line":39,"column":13},"end":{"line":39,"column":42}},"type":"binary-expr","locations":[{"start":{"line":39,"column":13},"end":{"line":39,"column":29}},{"start":{"line":39,"column":33},"end":{"line":39,"column":42}}],"line":39},"4":{"loc":{"start":{"line":109,"column":4},"end":{"line":109,"column":25}},"type":"if","locations":[{"start":{"line":109,"column":4},"end":{"line":109,"column":25}},{"start":{},"end":{}}],"line":109},"5":{"loc":{"start":{"line":134,"column":2},"end":{"line":143,"column":3}},"type":"if","locations":[{"start":{"line":134,"column":2},"end":{"line":143,"column":3}},{"start":{},"end":{}}],"line":134},"6":{"loc":{"start":{"line":134,"column":6},"end":{"line":134,"column":31}},"type":"binary-expr","locations":[{"start":{"line":134,"column":6},"end":{"line":134,"column":15}},{"start":{"line":134,"column":19},"end":{"line":134,"column":31}}],"line":134},"7":{"loc":{"start":{"line":142,"column":23},"end":{"line":142,"column":47}},"type":"binary-expr","locations":[{"start":{"line":142,"column":23},"end":{"line":142,"column":39}},{"start":{"line":142,"column":43},"end":{"line":142,"column":47}}],"line":142},"8":{"loc":{"start":{"line":145,"column":2},"end":{"line":168,"column":3}},"type":"if","locations":[{"start":{"line":145,"column":2},"end":{"line":168,"column":3}},{"start":{},"end":{}}],"line":145},"9":{"loc":{"start":{"line":160,"column":4},"end":{"line":164,"column":5}},"type":"if","locations":[{"start":{"line":160,"column":4},"end":{"line":164,"column":5}},{"start":{},"end":{}}],"line":160},"10":{"loc":{"start":{"line":160,"column":8},"end":{"line":160,"column":83}},"type":"binary-expr","locations":[{"start":{"line":160,"column":8},"end":{"line":160,"column":36}},{"start":{"line":160,"column":40},"end":{"line":160,"column":83}}],"line":160},"11":{"loc":{"start":{"line":174,"column":42},"end":{"line":174,"column":62}},"type":"binary-expr","locations":[{"start":{"line":174,"column":42},"end":{"line":174,"column":54}},{"start":{"line":174,"column":58},"end":{"line":174,"column":62}}],"line":174},"12":{"loc":{"start":{"line":174,"column":64},"end":{"line":174,"column":82}},"type":"binary-expr","locations":[{"start":{"line":174,"column":64},"end":{"line":174,"column":74}},{"start":{"line":174,"column":78},"end":{"line":174,"column":82}}],"line":174},"13":{"loc":{"start":{"line":194,"column":2},"end":{"line":196,"column":3}},"type":"if","locations":[{"start":{"line":194,"column":2},"end":{"line":196,"column":3}},{"start":{},"end":{}}],"line":194},"14":{"loc":{"start":{"line":204,"column":4},"end":{"line":208,"column":5}},"type":"if","locations":[{"start":{"line":204,"column":4},"end":{"line":208,"column":5}},{"start":{"line":206,"column":11},"end":{"line":208,"column":5}}],"line":204},"15":{"loc":{"start":{"line":219,"column":2},"end":{"line":221,"column":3}},"type":"if","locations":[{"start":{"line":219,"column":2},"end":{"line":221,"column":3}},{"start":{},"end":{}}],"line":219},"16":{"loc":{"start":{"line":230,"column":4},"end":{"line":232,"column":5}},"type":"if","locations":[{"start":{"line":230,"column":4},"end":{"line":232,"column":5}},{"start":{},"end":{}}],"line":230},"17":{"loc":{"start":{"line":245,"column":4},"end":{"line":255,"column":5}},"type":"if","locations":[{"start":{"line":245,"column":4},"end":{"line":255,"column":5}},{"start":{"line":253,"column":11},"end":{"line":255,"column":5}}],"line":245},"18":{"loc":{"start":{"line":300,"column":4},"end":{"line":307,"column":5}},"type":"if","locations":[{"start":{"line":300,"column":4},"end":{"line":307,"column":5}},{"start":{"line":305,"column":11},"end":{"line":307,"column":5}}],"line":300},"19":{"loc":{"start":{"line":318,"column":2},"end":{"line":322,"column":3}},"type":"if","locations":[{"start":{"line":318,"column":2},"end":{"line":322,"column":3}},{"start":{},"end":{}}],"line":318},"20":{"loc":{"start":{"line":318,"column":6},"end":{"line":318,"column":24}},"type":"binary-expr","locations":[{"start":{"line":318,"column":6},"end":{"line":318,"column":13}},{"start":{"line":318,"column":17},"end":{"line":318,"column":24}}],"line":318},"21":{"loc":{"start":{"line":330,"column":4},"end":{"line":332,"column":5}},"type":"if","locations":[{"start":{"line":330,"column":4},"end":{"line":332,"column":5}},{"start":{},"end":{}}],"line":330},"22":{"loc":{"start":{"line":342,"column":4},"end":{"line":358,"column":5}},"type":"if","locations":[{"start":{"line":342,"column":4},"end":{"line":358,"column":5}},{"start":{},"end":{}}],"line":342},"23":{"loc":{"start":{"line":342,"column":8},"end":{"line":342,"column":76}},"type":"binary-expr","locations":[{"start":{"line":342,"column":8},"end":{"line":342,"column":37}},{"start":{"line":342,"column":41},"end":{"line":342,"column":76}}],"line":342},"24":{"loc":{"start":{"line":373,"column":2},"end":{"line":375,"column":3}},"type":"if","locations":[{"start":{"line":373,"column":2},"end":{"line":375,"column":3}},{"start":{},"end":{}}],"line":373},"25":{"loc":{"start":{"line":377,"column":23},"end":{"line":377,"column":62}},"type":"binary-expr","locations":[{"start":{"line":377,"column":23},"end":{"line":377,"column":37}},{"start":{"line":377,"column":41},"end":{"line":377,"column":62}}],"line":377},"26":{"loc":{"start":{"line":378,"column":23},"end":{"line":378,"column":64}},"type":"binary-expr","locations":[{"start":{"line":378,"column":23},"end":{"line":378,"column":35}},{"start":{"line":378,"column":39},"end":{"line":378,"column":56}},{"start":{"line":378,"column":60},"end":{"line":378,"column":64}}],"line":378},"27":{"loc":{"start":{"line":380,"column":4},"end":{"line":382,"column":26}},"type":"cond-expr","locations":[{"start":{"line":381,"column":8},"end":{"line":381,"column":12}},{"start":{"line":382,"column":8},"end":{"line":382,"column":26}}],"line":380},"28":{"loc":{"start":{"line":380,"column":4},"end":{"line":380,"column":72}},"type":"binary-expr","locations":[{"start":{"line":380,"column":4},"end":{"line":380,"column":28}},{"start":{"line":380,"column":32},"end":{"line":380,"column":51}},{"start":{"line":380,"column":55},"end":{"line":380,"column":72}}],"line":380},"29":{"loc":{"start":{"line":384,"column":2},"end":{"line":386,"column":3}},"type":"if","locations":[{"start":{"line":384,"column":2},"end":{"line":386,"column":3}},{"start":{},"end":{}}],"line":384},"30":{"loc":{"start":{"line":384,"column":6},"end":{"line":384,"column":63}},"type":"binary-expr","locations":[{"start":{"line":384,"column":6},"end":{"line":384,"column":30}},{"start":{"line":384,"column":34},"end":{"line":384,"column":63}}],"line":384},"31":{"loc":{"start":{"line":399,"column":20},"end":{"line":399,"column":49}},"type":"binary-expr","locations":[{"start":{"line":399,"column":20},"end":{"line":399,"column":41}},{"start":{"line":399,"column":45},"end":{"line":399,"column":49}}],"line":399},"32":{"loc":{"start":{"line":412,"column":4},"end":{"line":414,"column":5}},"type":"if","locations":[{"start":{"line":412,"column":4},"end":{"line":414,"column":5}},{"start":{},"end":{}}],"line":412},"33":{"loc":{"start":{"line":412,"column":8},"end":{"line":412,"column":130}},"type":"binary-expr","locations":[{"start":{"line":412,"column":8},"end":{"line":412,"column":45}},{"start":{"line":412,"column":50},"end":{"line":412,"column":87}},{"start":{"line":412,"column":91},"end":{"line":412,"column":129}}],"line":412},"34":{"loc":{"start":{"line":416,"column":4},"end":{"line":418,"column":5}},"type":"if","locations":[{"start":{"line":416,"column":4},"end":{"line":418,"column":5}},{"start":{},"end":{}}],"line":416},"35":{"loc":{"start":{"line":441,"column":25},"end":{"line":441,"column":47}},"type":"binary-expr","locations":[{"start":{"line":441,"column":25},"end":{"line":441,"column":41}},{"start":{"line":441,"column":45},"end":{"line":441,"column":47}}],"line":441},"36":{"loc":{"start":{"line":442,"column":2},"end":{"line":442,"column":37}},"type":"if","locations":[{"start":{"line":442,"column":2},"end":{"line":442,"column":37}},{"start":{},"end":{}}],"line":442},"37":{"loc":{"start":{"line":442,"column":6},"end":{"line":442,"column":25}},"type":"binary-expr","locations":[{"start":{"line":442,"column":6},"end":{"line":442,"column":12}},{"start":{"line":442,"column":16},"end":{"line":442,"column":25}}],"line":442},"38":{"loc":{"start":{"line":443,"column":2},"end":{"line":443,"column":27}},"type":"if","locations":[{"start":{"line":443,"column":2},"end":{"line":443,"column":27}},{"start":{},"end":{}}],"line":443},"39":{"loc":{"start":{"line":444,"column":2},"end":{"line":444,"column":27}},"type":"if","locations":[{"start":{"line":444,"column":2},"end":{"line":444,"column":27}},{"start":{},"end":{}}],"line":444},"40":{"loc":{"start":{"line":454,"column":2},"end":{"line":456,"column":3}},"type":"if","locations":[{"start":{"line":454,"column":2},"end":{"line":456,"column":3}},{"start":{},"end":{}}],"line":454},"41":{"loc":{"start":{"line":470,"column":4},"end":{"line":472,"column":5}},"type":"if","locations":[{"start":{"line":470,"column":4},"end":{"line":472,"column":5}},{"start":{},"end":{}}],"line":470},"42":{"loc":{"start":{"line":482,"column":20},"end":{"line":486,"column":5}},"type":"binary-expr","locations":[{"start":{"line":482,"column":20},"end":{"line":482,"column":41}},{"start":{"line":482,"column":45},"end":{"line":486,"column":5}}],"line":482},"43":{"loc":{"start":{"line":495,"column":19},"end":{"line":495,"column":42}},"type":"binary-expr","locations":[{"start":{"line":495,"column":19},"end":{"line":495,"column":35}},{"start":{"line":495,"column":40},"end":{"line":495,"column":42}}],"line":495},"44":{"loc":{"start":{"line":496,"column":19},"end":{"line":496,"column":42}},"type":"binary-expr","locations":[{"start":{"line":496,"column":19},"end":{"line":496,"column":33}},{"start":{"line":496,"column":40},"end":{"line":496,"column":42}}],"line":496},"45":{"loc":{"start":{"line":497,"column":19},"end":{"line":497,"column":42}},"type":"binary-expr","locations":[{"start":{"line":497,"column":19},"end":{"line":497,"column":31}},{"start":{"line":497,"column":40},"end":{"line":497,"column":42}}],"line":497},"46":{"loc":{"start":{"line":498,"column":19},"end":{"line":498,"column":44}},"type":"binary-expr","locations":[{"start":{"line":498,"column":19},"end":{"line":498,"column":33}},{"start":{"line":498,"column":40},"end":{"line":498,"column":44}}],"line":498},"47":{"loc":{"start":{"line":501,"column":31},"end":{"line":501,"column":53}},"type":"binary-expr","locations":[{"start":{"line":501,"column":31},"end":{"line":501,"column":45}},{"start":{"line":501,"column":49},"end":{"line":501,"column":53}}],"line":501},"48":{"loc":{"start":{"line":505,"column":21},"end":{"line":505,"column":67}},"type":"binary-expr","locations":[{"start":{"line":505,"column":21},"end":{"line":505,"column":50}},{"start":{"line":505,"column":54},"end":{"line":505,"column":67}}],"line":505},"49":{"loc":{"start":{"line":506,"column":21},"end":{"line":506,"column":95}},"type":"binary-expr","locations":[{"start":{"line":506,"column":21},"end":{"line":506,"column":78}},{"start":{"line":506,"column":82},"end":{"line":506,"column":95}}],"line":506},"50":{"loc":{"start":{"line":535,"column":2},"end":{"line":537,"column":3}},"type":"if","locations":[{"start":{"line":535,"column":2},"end":{"line":537,"column":3}},{"start":{},"end":{}}],"line":535},"51":{"loc":{"start":{"line":547,"column":4},"end":{"line":547,"column":113}},"type":"if","locations":[{"start":{"line":547,"column":4},"end":{"line":547,"column":113}},{"start":{},"end":{}}],"line":547},"52":{"loc":{"start":{"line":548,"column":4},"end":{"line":548,"column":115}},"type":"if","locations":[{"start":{"line":548,"column":4},"end":{"line":548,"column":115}},{"start":{},"end":{}}],"line":548},"53":{"loc":{"start":{"line":549,"column":4},"end":{"line":549,"column":113}},"type":"if","locations":[{"start":{"line":549,"column":4},"end":{"line":549,"column":113}},{"start":{},"end":{}}],"line":549},"54":{"loc":{"start":{"line":550,"column":4},"end":{"line":550,"column":111}},"type":"if","locations":[{"start":{"line":550,"column":4},"end":{"line":550,"column":111}},{"start":{},"end":{}}],"line":550},"55":{"loc":{"start":{"line":551,"column":4},"end":{"line":551,"column":128}},"type":"if","locations":[{"start":{"line":551,"column":4},"end":{"line":551,"column":128}},{"start":{},"end":{}}],"line":551},"56":{"loc":{"start":{"line":552,"column":4},"end":{"line":552,"column":113}},"type":"if","locations":[{"start":{"line":552,"column":4},"end":{"line":552,"column":113}},{"start":{},"end":{}}],"line":552},"57":{"loc":{"start":{"line":554,"column":4},"end":{"line":556,"column":5}},"type":"if","locations":[{"start":{"line":554,"column":4},"end":{"line":556,"column":5}},{"start":{},"end":{}}],"line":554},"58":{"loc":{"start":{"line":570,"column":4},"end":{"line":572,"column":5}},"type":"if","locations":[{"start":{"line":570,"column":4},"end":{"line":572,"column":5}},{"start":{},"end":{}}],"line":570},"59":{"loc":{"start":{"line":582,"column":19},"end":{"line":582,"column":35}},"type":"binary-expr","locations":[{"start":{"line":582,"column":19},"end":{"line":582,"column":29}},{"start":{"line":582,"column":33},"end":{"line":582,"column":35}}],"line":582},"60":{"loc":{"start":{"line":583,"column":19},"end":{"line":583,"column":35}},"type":"binary-expr","locations":[{"start":{"line":583,"column":19},"end":{"line":583,"column":27}},{"start":{"line":583,"column":33},"end":{"line":583,"column":35}}],"line":583},"61":{"loc":{"start":{"line":584,"column":19},"end":{"line":584,"column":35}},"type":"binary-expr","locations":[{"start":{"line":584,"column":19},"end":{"line":584,"column":25}},{"start":{"line":584,"column":33},"end":{"line":584,"column":35}}],"line":584},"62":{"loc":{"start":{"line":585,"column":19},"end":{"line":585,"column":37}},"type":"binary-expr","locations":[{"start":{"line":585,"column":19},"end":{"line":585,"column":27}},{"start":{"line":585,"column":33},"end":{"line":585,"column":37}}],"line":585},"63":{"loc":{"start":{"line":588,"column":31},"end":{"line":588,"column":47}},"type":"binary-expr","locations":[{"start":{"line":588,"column":31},"end":{"line":588,"column":39}},{"start":{"line":588,"column":43},"end":{"line":588,"column":47}}],"line":588},"64":{"loc":{"start":{"line":601,"column":2},"end":{"line":603,"column":3}},"type":"if","locations":[{"start":{"line":601,"column":2},"end":{"line":603,"column":3}},{"start":{},"end":{}}],"line":601},"65":{"loc":{"start":{"line":605,"column":2},"end":{"line":607,"column":3}},"type":"if","locations":[{"start":{"line":605,"column":2},"end":{"line":607,"column":3}},{"start":{},"end":{}}],"line":605},"66":{"loc":{"start":{"line":610,"column":4},"end":{"line":612,"column":26}},"type":"cond-expr","locations":[{"start":{"line":611,"column":8},"end":{"line":611,"column":12}},{"start":{"line":612,"column":8},"end":{"line":612,"column":26}}],"line":610},"67":{"loc":{"start":{"line":610,"column":4},"end":{"line":610,"column":72}},"type":"binary-expr","locations":[{"start":{"line":610,"column":4},"end":{"line":610,"column":28}},{"start":{"line":610,"column":32},"end":{"line":610,"column":51}},{"start":{"line":610,"column":55},"end":{"line":610,"column":72}}],"line":610},"68":{"loc":{"start":{"line":614,"column":2},"end":{"line":616,"column":3}},"type":"if","locations":[{"start":{"line":614,"column":2},"end":{"line":616,"column":3}},{"start":{},"end":{}}],"line":614},"69":{"loc":{"start":{"line":614,"column":6},"end":{"line":614,"column":63}},"type":"binary-expr","locations":[{"start":{"line":614,"column":6},"end":{"line":614,"column":30}},{"start":{"line":614,"column":34},"end":{"line":614,"column":63}}],"line":614},"70":{"loc":{"start":{"line":626,"column":4},"end":{"line":628,"column":5}},"type":"if","locations":[{"start":{"line":626,"column":4},"end":{"line":628,"column":5}},{"start":{},"end":{}}],"line":626},"71":{"loc":{"start":{"line":626,"column":8},"end":{"line":626,"column":130}},"type":"binary-expr","locations":[{"start":{"line":626,"column":8},"end":{"line":626,"column":45}},{"start":{"line":626,"column":50},"end":{"line":626,"column":87}},{"start":{"line":626,"column":91},"end":{"line":626,"column":129}}],"line":626},"72":{"loc":{"start":{"line":635,"column":12},"end":{"line":635,"column":24}},"type":"binary-expr","locations":[{"start":{"line":635,"column":12},"end":{"line":635,"column":16}},{"start":{"line":635,"column":20},"end":{"line":635,"column":24}}],"line":635},"73":{"loc":{"start":{"line":638,"column":20},"end":{"line":638,"column":49}},"type":"binary-expr","locations":[{"start":{"line":638,"column":20},"end":{"line":638,"column":41}},{"start":{"line":638,"column":45},"end":{"line":638,"column":49}}],"line":638},"74":{"loc":{"start":{"line":662,"column":2},"end":{"line":664,"column":3}},"type":"if","locations":[{"start":{"line":662,"column":2},"end":{"line":664,"column":3}},{"start":{},"end":{}}],"line":662},"75":{"loc":{"start":{"line":688,"column":2},"end":{"line":690,"column":3}},"type":"if","locations":[{"start":{"line":688,"column":2},"end":{"line":690,"column":3}},{"start":{},"end":{}}],"line":688},"76":{"loc":{"start":{"line":692,"column":2},"end":{"line":694,"column":3}},"type":"if","locations":[{"start":{"line":692,"column":2},"end":{"line":694,"column":3}},{"start":{},"end":{}}],"line":692},"77":{"loc":{"start":{"line":706,"column":4},"end":{"line":708,"column":5}},"type":"if","locations":[{"start":{"line":706,"column":4},"end":{"line":708,"column":5}},{"start":{},"end":{}}],"line":706},"78":{"loc":{"start":{"line":712,"column":4},"end":{"line":716,"column":5}},"type":"if","locations":[{"start":{"line":712,"column":4},"end":{"line":716,"column":5}},{"start":{},"end":{}}],"line":712},"79":{"loc":{"start":{"line":733,"column":2},"end":{"line":735,"column":3}},"type":"if","locations":[{"start":{"line":733,"column":2},"end":{"line":735,"column":3}},{"start":{},"end":{}}],"line":733},"80":{"loc":{"start":{"line":744,"column":4},"end":{"line":746,"column":5}},"type":"if","locations":[{"start":{"line":744,"column":4},"end":{"line":746,"column":5}},{"start":{},"end":{}}],"line":744},"81":{"loc":{"start":{"line":756,"column":4},"end":{"line":763,"column":5}},"type":"if","locations":[{"start":{"line":756,"column":4},"end":{"line":763,"column":5}},{"start":{},"end":{}}],"line":756},"82":{"loc":{"start":{"line":782,"column":2},"end":{"line":784,"column":3}},"type":"if","locations":[{"start":{"line":782,"column":2},"end":{"line":784,"column":3}},{"start":{},"end":{}}],"line":782},"83":{"loc":{"start":{"line":793,"column":4},"end":{"line":795,"column":5}},"type":"if","locations":[{"start":{"line":793,"column":4},"end":{"line":795,"column":5}},{"start":{},"end":{}}],"line":793},"84":{"loc":{"start":{"line":807,"column":4},"end":{"line":824,"column":5}},"type":"if","locations":[{"start":{"line":807,"column":4},"end":{"line":824,"column":5}},{"start":{"line":815,"column":11},"end":{"line":824,"column":5}}],"line":807},"85":{"loc":{"start":{"line":813,"column":32},"end":{"line":813,"column":43}},"type":"binary-expr","locations":[{"start":{"line":813,"column":32},"end":{"line":813,"column":37}},{"start":{"line":813,"column":41},"end":{"line":813,"column":43}}],"line":813},"86":{"loc":{"start":{"line":813,"column":46},"end":{"line":813,"column":65}},"type":"binary-expr","locations":[{"start":{"line":813,"column":46},"end":{"line":813,"column":60}},{"start":{"line":813,"column":64},"end":{"line":813,"column":65}}],"line":813},"87":{"loc":{"start":{"line":813,"column":67},"end":{"line":813,"column":86}},"type":"binary-expr","locations":[{"start":{"line":813,"column":67},"end":{"line":813,"column":77}},{"start":{"line":813,"column":81},"end":{"line":813,"column":86}}],"line":813},"88":{"loc":{"start":{"line":822,"column":24},"end":{"line":822,"column":35}},"type":"binary-expr","locations":[{"start":{"line":822,"column":24},"end":{"line":822,"column":29}},{"start":{"line":822,"column":33},"end":{"line":822,"column":35}}],"line":822},"89":{"loc":{"start":{"line":822,"column":38},"end":{"line":822,"column":57}},"type":"binary-expr","locations":[{"start":{"line":822,"column":38},"end":{"line":822,"column":52}},{"start":{"line":822,"column":56},"end":{"line":822,"column":57}}],"line":822},"90":{"loc":{"start":{"line":822,"column":59},"end":{"line":822,"column":78}},"type":"binary-expr","locations":[{"start":{"line":822,"column":59},"end":{"line":822,"column":69}},{"start":{"line":822,"column":73},"end":{"line":822,"column":78}}],"line":822},"91":{"loc":{"start":{"line":827,"column":4},"end":{"line":850,"column":5}},"type":"if","locations":[{"start":{"line":827,"column":4},"end":{"line":850,"column":5}},{"start":{},"end":{}}],"line":827},"92":{"loc":{"start":{"line":833,"column":6},"end":{"line":849,"column":7}},"type":"if","locations":[{"start":{"line":833,"column":6},"end":{"line":849,"column":7}},{"start":{},"end":{}}],"line":833},"93":{"loc":{"start":{"line":833,"column":10},"end":{"line":833,"column":70}},"type":"binary-expr","locations":[{"start":{"line":833,"column":10},"end":{"line":833,"column":35}},{"start":{"line":833,"column":39},"end":{"line":833,"column":70}}],"line":833},"94":{"loc":{"start":{"line":883,"column":2},"end":{"line":885,"column":3}},"type":"if","locations":[{"start":{"line":883,"column":2},"end":{"line":885,"column":3}},{"start":{},"end":{}}],"line":883},"95":{"loc":{"start":{"line":887,"column":2},"end":{"line":889,"column":3}},"type":"if","locations":[{"start":{"line":887,"column":2},"end":{"line":889,"column":3}},{"start":{},"end":{}}],"line":887},"96":{"loc":{"start":{"line":897,"column":4},"end":{"line":899,"column":5}},"type":"if","locations":[{"start":{"line":897,"column":4},"end":{"line":899,"column":5}},{"start":{},"end":{}}],"line":897},"97":{"loc":{"start":{"line":903,"column":21},"end":{"line":903,"column":55}},"type":"binary-expr","locations":[{"start":{"line":903,"column":21},"end":{"line":903,"column":49}},{"start":{"line":903,"column":53},"end":{"line":903,"column":55}}],"line":903},"98":{"loc":{"start":{"line":904,"column":29},"end":{"line":904,"column":72}},"type":"binary-expr","locations":[{"start":{"line":904,"column":29},"end":{"line":904,"column":37}},{"start":{"line":904,"column":46},"end":{"line":904,"column":63}},{"start":{"line":904,"column":70},"end":{"line":904,"column":72}}],"line":904},"99":{"loc":{"start":{"line":905,"column":29},"end":{"line":905,"column":75}},"type":"binary-expr","locations":[{"start":{"line":905,"column":29},"end":{"line":905,"column":43}},{"start":{"line":905,"column":47},"end":{"line":905,"column":69}},{"start":{"line":905,"column":73},"end":{"line":905,"column":75}}],"line":905},"100":{"loc":{"start":{"line":906,"column":29},"end":{"line":906,"column":81}},"type":"binary-expr","locations":[{"start":{"line":906,"column":29},"end":{"line":906,"column":36}},{"start":{"line":906,"column":47},"end":{"line":906,"column":75}},{"start":{"line":906,"column":79},"end":{"line":906,"column":81}}],"line":906},"101":{"loc":{"start":{"line":907,"column":29},"end":{"line":907,"column":59}},"type":"binary-expr","locations":[{"start":{"line":907,"column":29},"end":{"line":907,"column":35}},{"start":{"line":907,"column":47},"end":{"line":907,"column":59}}],"line":907},"102":{"loc":{"start":{"line":915,"column":4},"end":{"line":943,"column":5}},"type":"if","locations":[{"start":{"line":915,"column":4},"end":{"line":943,"column":5}},{"start":{"line":923,"column":11},"end":{"line":943,"column":5}}],"line":915},"103":{"loc":{"start":{"line":935,"column":6},"end":{"line":942,"column":7}},"type":"if","locations":[{"start":{"line":935,"column":6},"end":{"line":942,"column":7}},{"start":{},"end":{}}],"line":935},"104":{"loc":{"start":{"line":940,"column":10},"end":{"line":940,"column":79}},"type":"binary-expr","locations":[{"start":{"line":940,"column":10},"end":{"line":940,"column":22}},{"start":{"line":940,"column":26},"end":{"line":940,"column":79}}],"line":940}},"s":{"0":1,"1":1,"2":1,"3":1,"4":1,"5":1,"6":1,"7":1,"8":1,"9":1,"10":1,"11":1,"12":1,"13":1,"14":1,"15":17,"16":17,"17":17,"18":17,"19":0,"20":17,"21":1,"22":1,"23":1,"24":1,"25":1,"26":1,"27":1,"28":1,"29":1,"30":0,"31":1,"32":1,"33":1,"34":0,"35":1,"36":1,"37":0,"38":1,"39":1,"40":0,"41":1,"42":1,"43":0,"44":1,"45":1,"46":0,"47":0,"48":0,"49":0,"50":0,"51":0,"52":0,"53":1,"54":1,"55":1,"56":1,"57":1,"58":1,"59":0,"60":0,"61":0,"62":0,"63":0,"64":0,"65":1,"66":1,"67":1,"68":1,"69":0,"70":1,"71":1,"72":1,"73":1,"74":2,"75":2,"76":0,"77":2,"78":2,"79":2,"80":1,"81":1,"82":0,"83":0,"84":1,"85":0,"86":0,"87":0,"88":0,"89":0,"90":0,"91":0,"92":0,"93":0,"94":0,"95":0,"96":0,"97":0,"98":0,"99":0,"100":0,"101":1,"102":2,"103":2,"104":2,"105":1,"106":1,"107":1,"108":1,"109":2,"110":2,"111":2,"112":2,"113":1,"114":1,"115":0,"116":0,"117":1,"118":0,"119":0,"120":0,"121":0,"122":0,"123":0,"124":0,"125":0,"126":0,"127":0,"128":0,"129":0,"130":0,"131":0,"132":0,"133":1,"134":1,"135":1,"136":0,"137":1,"138":1,"139":1,"140":1,"141":0,"142":1,"143":1,"144":1,"145":1,"146":0,"147":0,"148":0,"149":0,"150":0,"151":0,"152":0,"153":0,"154":0,"155":1,"156":0,"157":0,"158":0,"159":0,"160":0,"161":0,"162":0,"163":0,"164":1,"165":0,"166":0,"167":0,"168":0,"169":0,"170":0,"171":0,"172":0,"173":0,"174":0,"175":0,"176":0,"177":0,"178":0,"179":0,"180":1,"181":1,"182":1,"183":0,"184":1,"185":1,"186":1,"187":1,"188":1,"189":1,"190":1,"191":1,"192":1,"193":1,"194":1,"195":1,"196":1,"197":1,"198":1,"199":1,"200":1,"201":1,"202":0,"203":0,"204":1,"205":0,"206":0,"207":1,"208":0,"209":1,"210":1,"211":1,"212":0,"213":1,"214":1,"215":0,"216":0,"217":1,"218":0,"219":0,"220":0,"221":0,"222":0,"223":0,"224":0,"225":0,"226":0,"227":0,"228":0,"229":0,"230":0,"231":0,"232":0,"233":0,"234":0,"235":0,"236":0,"237":0,"238":0,"239":0,"240":1,"241":0,"242":0,"243":0,"244":0,"245":0,"246":0,"247":0,"248":0,"249":0,"250":1,"251":1,"252":1,"253":1,"254":0,"255":1,"256":0,"257":1,"258":1,"259":1,"260":1,"261":0,"262":1,"263":1,"264":1,"265":0,"266":1,"267":0,"268":0,"269":1,"270":0,"271":0,"272":0,"273":0,"274":0,"275":0,"276":0,"277":0,"278":0,"279":0,"280":0,"281":0,"282":0,"283":0,"284":0,"285":1,"286":0,"287":0,"288":0,"289":0,"290":0,"291":0,"292":0,"293":0,"294":0,"295":0,"296":0,"297":0,"298":0,"299":0,"300":0,"301":0,"302":0,"303":0,"304":0,"305":0,"306":1,"307":1,"308":1,"309":0,"310":0,"311":0,"312":0,"313":0,"314":0,"315":0,"316":0,"317":0,"318":0,"319":0,"320":0,"321":0,"322":0,"323":0,"324":0,"325":0,"326":0,"327":0,"328":0,"329":0,"330":0,"331":0,"332":0,"333":0,"334":0,"335":0,"336":1},"f":{"0":17,"1":1,"2":0,"3":1,"4":0,"5":1,"6":0,"7":0,"8":0,"9":0,"10":0,"11":1,"12":0,"13":0,"14":2,"15":0,"16":2,"17":2,"18":0,"19":1,"20":0,"21":0,"22":1,"23":0,"24":0,"25":1,"26":0,"27":0,"28":0,"29":0},"b":{"0":[0,17],"1":[1,0],"2":[1,1],"3":[1,1],"4":[0,0],"5":[1,0],"6":[1,1],"7":[1,1],"8":[0,1],"9":[0,0],"10":[0,0],"11":[1,0],"12":[1,0],"13":[0,2],"14":[1,1],"15":[0,0],"16":[0,0],"17":[0,0],"18":[1,1],"19":[0,0],"20":[0,0],"21":[0,0],"22":[0,0],"23":[0,0],"24":[0,1],"25":[1,0],"26":[1,0,0],"27":[0,1],"28":[1,1,1],"29":[0,1],"30":[1,1],"31":[1,0],"32":[0,0],"33":[0,0,0],"34":[0,0],"35":[0,0],"36":[0,0],"37":[0,0],"38":[0,0],"39":[0,0],"40":[0,0],"41":[0,0],"42":[0,0],"43":[0,0],"44":[0,0],"45":[0,0],"46":[0,0],"47":[0,0],"48":[0,0],"49":[0,0],"50":[0,1],"51":[1,0],"52":[1,0],"53":[1,0],"54":[1,0],"55":[0,1],"56":[0,1],"57":[0,1],"58":[0,1],"59":[1,0],"60":[1,0],"61":[1,0],"62":[1,0],"63":[1,0],"64":[0,0],"65":[0,0],"66":[0,0],"67":[0,0,0],"68":[0,0],"69":[0,0],"70":[0,0],"71":[0,0,0],"72":[0,0],"73":[0,0],"74":[0,0],"75":[0,1],"76":[0,1],"77":[0,1],"78":[1,0],"79":[0,0],"80":[0,0],"81":[0,0],"82":[0,0],"83":[0,0],"84":[0,0],"85":[0,0],"86":[0,0],"87":[0,0],"88":[0,0],"89":[0,0],"90":[0,0],"91":[0,0],"92":[0,0],"93":[0,0],"94":[0,0],"95":[0,0],"96":[0,0],"97":[0,0],"98":[0,0,0],"99":[0,0,0],"100":[0,0,0],"101":[0,0],"102":[0,0],"103":[0,0],"104":[0,0]},"_coverageSchema":"1a1c01bbd47fc00a2c39e90264f33305004495a9","hash":"3516a1e2bb3a554c60f74d5ecff5be2623c23bb0"}
,"C:\\Users\\norma\\OneDrive\\Documentos\\Semestre VI\\Software\\Software_Proyecto\\visa-app\\backend\\r2.js": {"path":"C:\\Users\\norma\\OneDrive\\Documentos\\Semestre VI\\Software\\Software_Proyecto\\visa-app\\backend\\r2.js","statementMap":{"0":{"start":{"line":1,"column":60},"end":{"line":1,"column":89}},"1":{"start":{"line":3,"column":18},"end":{"line":3,"column":39}},"2":{"start":{"line":4,"column":20},"end":{"line":4,"column":43}},"3":{"start":{"line":5,"column":22},"end":{"line":5,"column":47}},"4":{"start":{"line":6,"column":22},"end":{"line":6,"column":47}},"5":{"start":{"line":8,"column":17},"end":{"line":15,"column":2}},"6":{"start":{"line":18,"column":2},"end":{"line":25,"column":27}},"7":{"start":{"line":24,"column":27},"end":{"line":24,"column":33}},"8":{"start":{"line":25,"column":21},"end":{"line":25,"column":25}},"9":{"start":{"line":29,"column":22},"end":{"line":29,"column":43}},"10":{"start":{"line":31,"column":2},"end":{"line":33,"column":3}},"11":{"start":{"line":32,"column":4},"end":{"line":32,"column":83}},"12":{"start":{"line":35,"column":2},"end":{"line":42,"column":3}},"13":{"start":{"line":41,"column":4},"end":{"line":41,"column":75}},"14":{"start":{"line":46,"column":2},"end":{"line":46,"column":71}},"15":{"start":{"line":50,"column":2},"end":{"line":50,"column":59}},"16":{"start":{"line":54,"column":2},"end":{"line":54,"column":66}},"17":{"start":{"line":58,"column":2},"end":{"line":58,"column":21}},"18":{"start":{"line":59,"column":14},"end":{"line":59,"column":47}},"19":{"start":{"line":61,"column":2},"end":{"line":61,"column":52}},"20":{"start":{"line":63,"column":2},"end":{"line":70,"column":4}},"21":{"start":{"line":72,"column":2},"end":{"line":72,"column":46}},"22":{"start":{"line":74,"column":2},"end":{"line":77,"column":4}},"23":{"start":{"line":81,"column":2},"end":{"line":81,"column":21}},"24":{"start":{"line":82,"column":2},"end":{"line":87,"column":4}},"25":{"start":{"line":90,"column":0},"end":{"line":95,"column":2}}},"fnMap":{"0":{"name":"getMissingR2EnvVars","decl":{"start":{"line":17,"column":9},"end":{"line":17,"column":28}},"loc":{"start":{"line":17,"column":31},"end":{"line":26,"column":1}},"line":17},"1":{"name":"(anonymous_1)","decl":{"start":{"line":24,"column":12},"end":{"line":24,"column":13}},"loc":{"start":{"line":24,"column":27},"end":{"line":24,"column":33}},"line":24},"2":{"name":"(anonymous_2)","decl":{"start":{"line":25,"column":9},"end":{"line":25,"column":10}},"loc":{"start":{"line":25,"column":21},"end":{"line":25,"column":25}},"line":25},"3":{"name":"validateR2Config","decl":{"start":{"line":28,"column":9},"end":{"line":28,"column":25}},"loc":{"start":{"line":28,"column":28},"end":{"line":43,"column":1}},"line":28},"4":{"name":"sanitizeFilename","decl":{"start":{"line":45,"column":9},"end":{"line":45,"column":25}},"loc":{"start":{"line":45,"column":36},"end":{"line":47,"column":1}},"line":45},"5":{"name":"buildObjectKey","decl":{"start":{"line":49,"column":9},"end":{"line":49,"column":23}},"loc":{"start":{"line":49,"column":38},"end":{"line":51,"column":1}},"line":49},"6":{"name":"buildFileUrl","decl":{"start":{"line":53,"column":9},"end":{"line":53,"column":21}},"loc":{"start":{"line":53,"column":27},"end":{"line":55,"column":1}},"line":53},"7":{"name":"uploadBufferToR2","decl":{"start":{"line":57,"column":15},"end":{"line":57,"column":31}},"loc":{"start":{"line":57,"column":38},"end":{"line":78,"column":1}},"line":57},"8":{"name":"deleteObjectFromR2","decl":{"start":{"line":80,"column":15},"end":{"line":80,"column":33}},"loc":{"start":{"line":80,"column":39},"end":{"line":88,"column":1}},"line":80}},"branchMap":{"0":{"loc":{"start":{"line":31,"column":2},"end":{"line":33,"column":3}},"type":"if","locations":[{"start":{"line":31,"column":2},"end":{"line":33,"column":3}},{"start":{},"end":{}}],"line":31},"1":{"loc":{"start":{"line":35,"column":2},"end":{"line":42,"column":3}},"type":"if","locations":[{"start":{"line":35,"column":2},"end":{"line":42,"column":3}},{"start":{},"end":{}}],"line":35},"2":{"loc":{"start":{"line":36,"column":4},"end":{"line":39,"column":48}},"type":"binary-expr","locations":[{"start":{"line":36,"column":4},"end":{"line":36,"column":43}},{"start":{"line":37,"column":4},"end":{"line":37,"column":40}},{"start":{"line":38,"column":4},"end":{"line":38,"column":48}},{"start":{"line":39,"column":4},"end":{"line":39,"column":48}}],"line":36}},"s":{"0":0,"1":0,"2":0,"3":0,"4":0,"5":0,"6":0,"7":0,"8":0,"9":0,"10":0,"11":0,"12":0,"13":0,"14":0,"15":0,"16":0,"17":0,"18":0,"19":0,"20":0,"21":0,"22":0,"23":0,"24":0,"25":0},"f":{"0":0,"1":0,"2":0,"3":0,"4":0,"5":0,"6":0,"7":0,"8":0},"b":{"0":[0,0],"1":[0,0],"2":[0,0,0,0]}}
,"C:\\Users\\norma\\OneDrive\\Documentos\\Semestre VI\\Software\\Software_Proyecto\\visa-app\\backend\\storage.js": {"path":"C:\\Users\\norma\\OneDrive\\Documentos\\Semestre VI\\Software\\Software_Proyecto\\visa-app\\backend\\storage.js","statementMap":{"0":{"start":{"line":1,"column":11},"end":{"line":1,"column":33}},"1":{"start":{"line":2,"column":13},"end":{"line":2,"column":28}},"2":{"start":{"line":3,"column":15},"end":{"line":3,"column":32}},"3":{"start":{"line":8,"column":4},"end":{"line":8,"column":19}},"4":{"start":{"line":10,"column":26},"end":{"line":12,"column":41}},"5":{"start":{"line":15,"column":2},"end":{"line":15,"column":86}},"6":{"start":{"line":19,"column":2},"end":{"line":19,"column":47}},"7":{"start":{"line":23,"column":2},"end":{"line":23,"column":57}},"8":{"start":{"line":24,"column":19},"end":{"line":24,"column":96}},"9":{"start":{"line":25,"column":2},"end":{"line":25,"column":90}},"10":{"start":{"line":26,"column":2},"end":{"line":30,"column":4}},"11":{"start":{"line":34,"column":2},"end":{"line":39,"column":3}},"12":{"start":{"line":35,"column":4},"end":{"line":35,"column":23}},"13":{"start":{"line":37,"column":4},"end":{"line":37,"column":44}},"14":{"start":{"line":37,"column":32},"end":{"line":37,"column":44}},"15":{"start":{"line":38,"column":4},"end":{"line":38,"column":42}},"16":{"start":{"line":41,"column":19},"end":{"line":41,"column":47}},"17":{"start":{"line":42,"column":2},"end":{"line":42,"column":41}},"18":{"start":{"line":46,"column":2},"end":{"line":46,"column":19}},"19":{"start":{"line":46,"column":12},"end":{"line":46,"column":19}},"20":{"start":{"line":47,"column":2},"end":{"line":50,"column":3}},"21":{"start":{"line":48,"column":4},"end":{"line":48,"column":34}},"22":{"start":{"line":49,"column":4},"end":{"line":49,"column":11}},"23":{"start":{"line":52,"column":19},"end":{"line":52,"column":60}},"24":{"start":{"line":53,"column":2},"end":{"line":57,"column":3}},"25":{"start":{"line":54,"column":4},"end":{"line":54,"column":60}},"26":{"start":{"line":56,"column":4},"end":{"line":56,"column":45}},"27":{"start":{"line":56,"column":33},"end":{"line":56,"column":45}},"28":{"start":{"line":60,"column":0},"end":{"line":64,"column":2}}},"fnMap":{"0":{"name":"sanitizeFilename","decl":{"start":{"line":14,"column":9},"end":{"line":14,"column":25}},"loc":{"start":{"line":14,"column":36},"end":{"line":16,"column":1}},"line":14},"1":{"name":"canUseLocalFallback","decl":{"start":{"line":18,"column":9},"end":{"line":18,"column":28}},"loc":{"start":{"line":18,"column":31},"end":{"line":20,"column":1}},"line":18},"2":{"name":"uploadLocalFile","decl":{"start":{"line":22,"column":15},"end":{"line":22,"column":30}},"loc":{"start":{"line":22,"column":46},"end":{"line":31,"column":1}},"line":22},"3":{"name":"uploadStoredFile","decl":{"start":{"line":33,"column":15},"end":{"line":33,"column":31}},"loc":{"start":{"line":33,"column":51},"end":{"line":43,"column":1}},"line":33},"4":{"name":"deleteStoredFile","decl":{"start":{"line":45,"column":15},"end":{"line":45,"column":31}},"loc":{"start":{"line":45,"column":37},"end":{"line":58,"column":1}},"line":45}},"branchMap":{"0":{"loc":{"start":{"line":10,"column":26},"end":{"line":12,"column":41}},"type":"cond-expr","locations":[{"start":{"line":11,"column":4},"end":{"line":11,"column":46}},{"start":{"line":12,"column":4},"end":{"line":12,"column":41}}],"line":10},"1":{"loc":{"start":{"line":37,"column":4},"end":{"line":37,"column":44}},"type":"if","locations":[{"start":{"line":37,"column":4},"end":{"line":37,"column":44}},{"start":{},"end":{}}],"line":37},"2":{"loc":{"start":{"line":46,"column":2},"end":{"line":46,"column":19}},"type":"if","locations":[{"start":{"line":46,"column":2},"end":{"line":46,"column":19}},{"start":{},"end":{}}],"line":46},"3":{"loc":{"start":{"line":47,"column":2},"end":{"line":50,"column":3}},"type":"if","locations":[{"start":{"line":47,"column":2},"end":{"line":50,"column":3}},{"start":{},"end":{}}],"line":47},"4":{"loc":{"start":{"line":56,"column":4},"end":{"line":56,"column":45}},"type":"if","locations":[{"start":{"line":56,"column":4},"end":{"line":56,"column":45}},{"start":{},"end":{}}],"line":56}},"s":{"0":2,"1":2,"2":2,"3":2,"4":2,"5":1,"6":1,"7":1,"8":1,"9":1,"10":1,"11":1,"12":1,"13":1,"14":0,"15":1,"16":0,"17":0,"18":1,"19":0,"20":1,"21":0,"22":0,"23":1,"24":1,"25":1,"26":0,"27":0,"28":2},"f":{"0":1,"1":1,"2":1,"3":1,"4":1},"b":{"0":[2,0],"1":[0,1],"2":[0,1],"3":[0,1],"4":[0,0]},"_coverageSchema":"1a1c01bbd47fc00a2c39e90264f33305004495a9","hash":"c5e3f567e0d3d601453b2472e77328f3347d8b7c"}
,"C:\\Users\\norma\\OneDrive\\Documentos\\Semestre VI\\Software\\Software_Proyecto\\visa-app\\backend\\upload.js": {"path":"C:\\Users\\norma\\OneDrive\\Documentos\\Semestre VI\\Software\\Software_Proyecto\\visa-app\\backend\\upload.js","statementMap":{"0":{"start":{"line":1,"column":15},"end":{"line":1,"column":32}},"1":{"start":{"line":3,"column":16},"end":{"line":3,"column":38}},"2":{"start":{"line":5,"column":15},"end":{"line":5,"column":34}},"3":{"start":{"line":7,"column":0},"end":{"line":7,"column":24}}},"fnMap":{},"branchMap":{},"s":{"0":1,"1":1,"2":1,"3":1},"f":{},"b":{},"_coverageSchema":"1a1c01bbd47fc00a2c39e90264f33305004495a9","hash":"16ad80cb8cfeb2ca8b94bafd7393dd817a14fdc3"}
,"C:\\Users\\norma\\OneDrive\\Documentos\\Semestre VI\\Software\\Software_Proyecto\\visa-app\\backend\\controllers\\interviewSessionController.js": {"path":"C:\\Users\\norma\\OneDrive\\Documentos\\Semestre VI\\Software\\Software_Proyecto\\visa-app\\backend\\controllers\\interviewSessionController.js","statementMap":{"0":{"start":{"line":3,"column":19},"end":{"line":3,"column":42}},"1":{"start":{"line":5,"column":6},"end":{"line":5,"column":75}},"2":{"start":{"line":7,"column":4},"end":{"line":9,"column":5}},"3":{"start":{"line":8,"column":6},"end":{"line":8,"column":55}},"4":{"start":{"line":11,"column":4},"end":{"line":11,"column":55}},"5":{"start":{"line":15,"column":4},"end":{"line":27,"column":5}},"6":{"start":{"line":16,"column":22},"end":{"line":19,"column":7}},"7":{"start":{"line":21,"column":6},"end":{"line":24,"column":9}},"8":{"start":{"line":26,"column":6},"end":{"line":26,"column":37}},"9":{"start":{"line":31,"column":4},"end":{"line":38,"column":5}},"10":{"start":{"line":32,"column":23},"end":{"line":34,"column":8}},"11":{"start":{"line":35,"column":6},"end":{"line":35,"column":36}},"12":{"start":{"line":37,"column":6},"end":{"line":37,"column":37}},"13":{"start":{"line":42,"column":4},"end":{"line":49,"column":5}},"14":{"start":{"line":43,"column":23},"end":{"line":45,"column":7}},"15":{"start":{"line":46,"column":6},"end":{"line":46,"column":36}},"16":{"start":{"line":48,"column":6},"end":{"line":48,"column":37}},"17":{"start":{"line":53,"column":4},"end":{"line":58,"column":5}},"18":{"start":{"line":54,"column":22},"end":{"line":54,"column":77}},"19":{"start":{"line":55,"column":6},"end":{"line":55,"column":35}},"20":{"start":{"line":57,"column":6},"end":{"line":57,"column":37}},"21":{"start":{"line":62,"column":4},"end":{"line":74,"column":5}},"22":{"start":{"line":63,"column":22},"end":{"line":66,"column":7}},"23":{"start":{"line":68,"column":6},"end":{"line":71,"column":9}},"24":{"start":{"line":73,"column":6},"end":{"line":73,"column":37}},"25":{"start":{"line":77,"column":2},"end":{"line":83,"column":4}},"26":{"start":{"line":86,"column":0},"end":{"line":86,"column":50}}},"fnMap":{"0":{"name":"createInterviewSessionController","decl":{"start":{"line":1,"column":9},"end":{"line":1,"column":41}},"loc":{"start":{"line":1,"column":67},"end":{"line":84,"column":1}},"line":1},"1":{"name":"handleError","decl":{"start":{"line":2,"column":11},"end":{"line":2,"column":22}},"loc":{"start":{"line":2,"column":35},"end":{"line":12,"column":3}},"line":2},"2":{"name":"createSession","decl":{"start":{"line":14,"column":17},"end":{"line":14,"column":30}},"loc":{"start":{"line":14,"column":41},"end":{"line":28,"column":3}},"line":14},"3":{"name":"listSessions","decl":{"start":{"line":30,"column":17},"end":{"line":30,"column":29}},"loc":{"start":{"line":30,"column":40},"end":{"line":39,"column":3}},"line":30},"4":{"name":"listUserSessions","decl":{"start":{"line":41,"column":17},"end":{"line":41,"column":33}},"loc":{"start":{"line":41,"column":44},"end":{"line":50,"column":3}},"line":41},"5":{"name":"getSession","decl":{"start":{"line":52,"column":17},"end":{"line":52,"column":27}},"loc":{"start":{"line":52,"column":38},"end":{"line":59,"column":3}},"line":52},"6":{"name":"updateFeedback","decl":{"start":{"line":61,"column":17},"end":{"line":61,"column":31}},"loc":{"start":{"line":61,"column":42},"end":{"line":75,"column":3}},"line":61}},"branchMap":{"0":{"loc":{"start":{"line":3,"column":19},"end":{"line":3,"column":42}},"type":"binary-expr","locations":[{"start":{"line":3,"column":19},"end":{"line":3,"column":35}},{"start":{"line":3,"column":39},"end":{"line":3,"column":42}}],"line":3},"1":{"loc":{"start":{"line":5,"column":6},"end":{"line":5,"column":75}},"type":"cond-expr","locations":[{"start":{"line":5,"column":23},"end":{"line":5,"column":59}},{"start":{"line":5,"column":62},"end":{"line":5,"column":75}}],"line":5},"2":{"loc":{"start":{"line":7,"column":4},"end":{"line":9,"column":5}},"type":"if","locations":[{"start":{"line":7,"column":4},"end":{"line":9,"column":5}},{"start":{},"end":{}}],"line":7},"3":{"loc":{"start":{"line":18,"column":8},"end":{"line":18,"column":23}},"type":"binary-expr","locations":[{"start":{"line":18,"column":8},"end":{"line":18,"column":17}},{"start":{"line":18,"column":21},"end":{"line":18,"column":23}}],"line":18}},"s":{"0":0,"1":0,"2":0,"3":0,"4":0,"5":1,"6":1,"7":1,"8":0,"9":0,"10":0,"11":0,"12":0,"13":0,"14":0,"15":0,"16":0,"17":0,"18":0,"19":0,"20":0,"21":1,"22":1,"23":1,"24":0,"25":1,"26":1},"f":{"0":1,"1":0,"2":1,"3":0,"4":0,"5":0,"6":1},"b":{"0":[0,0],"1":[0,0],"2":[0,0],"3":[1,0]},"_coverageSchema":"1a1c01bbd47fc00a2c39e90264f33305004495a9","hash":"8e5519138643a86cc29809e4b4c87e9a246c5924"}
,"C:\\Users\\norma\\OneDrive\\Documentos\\Semestre VI\\Software\\Software_Proyecto\\visa-app\\backend\\controllers\\notificacionController.js": {"path":"C:\\Users\\norma\\OneDrive\\Documentos\\Semestre VI\\Software\\Software_Proyecto\\visa-app\\backend\\controllers\\notificacionController.js","statementMap":{"0":{"start":{"line":3,"column":19},"end":{"line":3,"column":42}},"1":{"start":{"line":5,"column":6},"end":{"line":5,"column":81}},"2":{"start":{"line":7,"column":4},"end":{"line":9,"column":5}},"3":{"start":{"line":8,"column":6},"end":{"line":8,"column":50}},"4":{"start":{"line":11,"column":4},"end":{"line":11,"column":55}},"5":{"start":{"line":15,"column":4},"end":{"line":20,"column":5}},"6":{"start":{"line":16,"column":29},"end":{"line":16,"column":90}},"7":{"start":{"line":17,"column":6},"end":{"line":17,"column":42}},"8":{"start":{"line":19,"column":6},"end":{"line":19,"column":37}},"9":{"start":{"line":24,"column":4},"end":{"line":29,"column":5}},"10":{"start":{"line":25,"column":20},"end":{"line":25,"column":79}},"11":{"start":{"line":26,"column":6},"end":{"line":26,"column":33}},"12":{"start":{"line":28,"column":6},"end":{"line":28,"column":37}},"13":{"start":{"line":33,"column":4},"end":{"line":42,"column":5}},"14":{"start":{"line":34,"column":25},"end":{"line":34,"column":33}},"15":{"start":{"line":35,"column":6},"end":{"line":37,"column":7}},"16":{"start":{"line":36,"column":8},"end":{"line":36,"column":78}},"17":{"start":{"line":38,"column":27},"end":{"line":38,"column":87}},"18":{"start":{"line":39,"column":6},"end":{"line":39,"column":84}},"19":{"start":{"line":41,"column":6},"end":{"line":41,"column":37}},"20":{"start":{"line":46,"column":4},"end":{"line":54,"column":5}},"21":{"start":{"line":47,"column":27},"end":{"line":47,"column":89}},"22":{"start":{"line":48,"column":6},"end":{"line":51,"column":9}},"23":{"start":{"line":53,"column":6},"end":{"line":53,"column":37}},"24":{"start":{"line":58,"column":4},"end":{"line":76,"column":5}},"25":{"start":{"line":59,"column":66},"end":{"line":59,"column":74}},"26":{"start":{"line":60,"column":6},"end":{"line":62,"column":7}},"27":{"start":{"line":61,"column":8},"end":{"line":61,"column":67}},"28":{"start":{"line":63,"column":27},"end":{"line":69,"column":8}},"29":{"start":{"line":70,"column":6},"end":{"line":73,"column":9}},"30":{"start":{"line":75,"column":6},"end":{"line":75,"column":37}},"31":{"start":{"line":79,"column":2},"end":{"line":79,"column":75}},"32":{"start":{"line":82,"column":0},"end":{"line":82,"column":46}}},"fnMap":{"0":{"name":"createNotificacionController","decl":{"start":{"line":1,"column":9},"end":{"line":1,"column":37}},"loc":{"start":{"line":1,"column":59},"end":{"line":80,"column":1}},"line":1},"1":{"name":"handleError","decl":{"start":{"line":2,"column":11},"end":{"line":2,"column":22}},"loc":{"start":{"line":2,"column":35},"end":{"line":12,"column":3}},"line":2},"2":{"name":"listar","decl":{"start":{"line":14,"column":17},"end":{"line":14,"column":23}},"loc":{"start":{"line":14,"column":34},"end":{"line":21,"column":3}},"line":14},"3":{"name":"contarNoLeidas","decl":{"start":{"line":23,"column":17},"end":{"line":23,"column":31}},"loc":{"start":{"line":23,"column":42},"end":{"line":30,"column":3}},"line":23},"4":{"name":"marcarLeida","decl":{"start":{"line":32,"column":17},"end":{"line":32,"column":28}},"loc":{"start":{"line":32,"column":39},"end":{"line":43,"column":3}},"line":32},"5":{"name":"marcarTodasLeidas","decl":{"start":{"line":45,"column":17},"end":{"line":45,"column":34}},"loc":{"start":{"line":45,"column":45},"end":{"line":55,"column":3}},"line":45},"6":{"name":"crear","decl":{"start":{"line":57,"column":17},"end":{"line":57,"column":22}},"loc":{"start":{"line":57,"column":33},"end":{"line":77,"column":3}},"line":57}},"branchMap":{"0":{"loc":{"start":{"line":3,"column":19},"end":{"line":3,"column":42}},"type":"binary-expr","locations":[{"start":{"line":3,"column":19},"end":{"line":3,"column":35}},{"start":{"line":3,"column":39},"end":{"line":3,"column":42}}],"line":3},"1":{"loc":{"start":{"line":5,"column":6},"end":{"line":5,"column":81}},"type":"cond-expr","locations":[{"start":{"line":5,"column":23},"end":{"line":5,"column":65}},{"start":{"line":5,"column":68},"end":{"line":5,"column":81}}],"line":5},"2":{"loc":{"start":{"line":7,"column":4},"end":{"line":9,"column":5}},"type":"if","locations":[{"start":{"line":7,"column":4},"end":{"line":9,"column":5}},{"start":{},"end":{}}],"line":7},"3":{"loc":{"start":{"line":35,"column":6},"end":{"line":37,"column":7}},"type":"if","locations":[{"start":{"line":35,"column":6},"end":{"line":37,"column":7}},{"start":{},"end":{}}],"line":35},"4":{"loc":{"start":{"line":60,"column":6},"end":{"line":62,"column":7}},"type":"if","locations":[{"start":{"line":60,"column":6},"end":{"line":62,"column":7}},{"start":{},"end":{}}],"line":60}},"s":{"0":0,"1":0,"2":0,"3":0,"4":0,"5":1,"6":1,"7":1,"8":0,"9":0,"10":0,"11":0,"12":0,"13":1,"14":1,"15":1,"16":0,"17":1,"18":1,"19":0,"20":0,"21":0,"22":0,"23":0,"24":0,"25":0,"26":0,"27":0,"28":0,"29":0,"30":0,"31":1,"32":1},"f":{"0":1,"1":0,"2":1,"3":0,"4":1,"5":0,"6":0},"b":{"0":[0,0],"1":[0,0],"2":[0,0],"3":[0,1],"4":[0,0]},"_coverageSchema":"1a1c01bbd47fc00a2c39e90264f33305004495a9","hash":"1862b2f3664159e6403f02349b1170de6e38e6ca"}
[...]
5}},"35":{"start":{"line":113,"column":4},"end":{"line":113,"column":30}},"36":{"start":{"line":117,"column":4},"end":{"line":117,"column":25}},"37":{"start":{"line":118,"column":16},"end":{"line":118,"column":35}},"38":{"start":{"line":120,"column":4},"end":{"line":124,"column":5}},"39":{"start":{"line":121,"column":20},"end":{"line":121,"column":57}},"40":{"start":{"line":122,"column":6},"end":{"line":122,"column":29}},"41":{"start":{"line":123,"column":6},"end":{"line":123,"column":18}},"42":{"start":{"line":126,"column":4},"end":{"line":130,"column":5}},"43":{"start":{"line":127,"column":20},"end":{"line":127,"column":58}},"44":{"start":{"line":128,"column":6},"end":{"line":128,"column":29}},"45":{"start":{"line":129,"column":6},"end":{"line":129,"column":18}},"46":{"start":{"line":132,"column":25},"end":{"line":132,"column":79}},"47":{"start":{"line":133,"column":22},"end":{"line":133,"column":65}},"48":{"start":{"line":135,"column":19},"end":{"line":141,"column":5}},"49":{"start":{"line":143,"column":4},"end":{"line":143,"column":26}},"50":{"start":{"line":147,"column":4},"end":{"line":147,"column":25}},"51":{"start":{"line":148,"column":16},"end":{"line":148,"column":35}},"52":{"start":{"line":150,"column":19},"end":{"line":158,"column":5}},"53":{"start":{"line":160,"column":4},"end":{"line":160,"column":34}},"54":{"start":{"line":163,"column":2},"end":{"line":171,"column":4}},"55":{"start":{"line":174,"column":0},"end":{"line":174,"column":43}}},"fnMap":{"0":{"name":"createNotificacionService","decl":{"start":{"line":1,"column":9},"end":{"line":1,"column":34}},"loc":{"start":{"line":1,"column":41},"end":{"line":172,"column":1}},"line":1},"1":{"name":"ensureSchema","decl":{"start":{"line":2,"column":17},"end":{"line":2,"column":29}},"loc":{"start":{"line":2,"column":32},"end":{"line":26,"column":3}},"line":2},"2":{"name":"parseUserId","decl":{"start":{"line":28,"column":11},"end":{"line":28,"column":22}},"loc":{"start":{"line":28,"column":31},"end":{"line":36,"column":3}},"line":28},"3":{"name":"parseId","decl":{"start":{"line":38,"column":11},"end":{"line":38,"column":18}},"loc":{"start":{"line":38,"column":23},"end":{"line":46,"column":3}},"line":38},"4":{"name":"listarPorUsuario","decl":{"start":{"line":48,"column":17},"end":{"line":48,"column":33}},"loc":{"start":{"line":48,"column":42},"end":{"line":62,"column":3}},"line":48},"5":{"name":"contarNoLeidas","decl":{"start":{"line":64,"column":17},"end":{"line":64,"column":31}},"loc":{"start":{"line":64,"column":40},"end":{"line":76,"column":3}},"line":64},"6":{"name":"marcarLeida","decl":{"start":{"line":78,"column":17},"end":{"line":78,"column":28}},"loc":{"start":{"line":78,"column":41},"end":{"line":99,"column":3}},"line":78},"7":{"name":"marcarTodasLeidas","decl":{"start":{"line":101,"column":17},"end":{"line":101,"column":34}},"loc":{"start":{"line":101,"column":43},"end":{"line":114,"column":3}},"line":101},"8":{"name":"crearNotificacion","decl":{"start":{"line":116,"column":17},"end":{"line":116,"column":34}},"loc":{"start":{"line":116,"column":104},"end":{"line":144,"column":3}},"line":116},"9":{"name":"existeNotificacionEtapa","decl":{"start":{"line":146,"column":17},"end":{"line":146,"column":40}},"loc":{"start":{"line":146,"column":67},"end":{"line":161,"column":3}},"line":146}},"branchMap":{"0":{"loc":{"start":{"line":30,"column":4},"end":{"line":34,"column":5}},"type":"if","locations":[{"start":{"line":30,"column":4},"end":{"line":34,"column":5}},{"start":{},"end":{}}],"line":30},"1":{"loc":{"start":{"line":30,"column":8},"end":{"line":30,"column":43}},"type":"binary-expr","locations":[{"start":{"line":30,"column":8},"end":{"line":30,"column":28}},{"start":{"line":30,"column":32},"end":{"line":30,"column":43}}],"line":30},"2":{"loc":{"start":{"line":40,"column":4},"end":{"line":44,"column":5}},"type":"if","locations":[{"start":{"line":40,"column":4},"end":{"line":44,"column":5}},{"start":{},"end":{}}],"line":40},"3":{"loc":{"start":{"line":40,"column":8},"end":{"line":40,"column":43}},"type":"binary-expr","locations":[{"start":{"line":40,"column":8},"end":{"line":40,"column":28}},{"start":{"line":40,"column":32},"end":{"line":40,"column":43}}],"line":40},"4":{"loc":{"start":{"line":92,"column":4},"end":{"line":96,"column":5}},"type":"if","locations":[{"start":{"line":92,"column":4},"end":{"line":96,"column":5}},{"start":{},"end":{}}],"line":92},"5":{"loc":{"start":{"line":116,"column":62},"end":{"line":116,"column":75}},"type":"default-arg","locations":[{"start":{"line":116,"column":69},"end":{"line":116,"column":75}}],"line":116},"6":{"loc":{"start":{"line":116,"column":77},"end":{"line":116,"column":100}},"type":"default-arg","locations":[{"start":{"line":116,"column":96},"end":{"line":116,"column":100}}],"line":116},"7":{"loc":{"start":{"line":120,"column":4},"end":{"line":124,"column":5}},"type":"if","locations":[{"start":{"line":120,"column":4},"end":{"line":124,"column":5}},{"start":{},"end":{}}],"line":120},"8":{"loc":{"start":{"line":120,"column":8},"end":{"line":120,"column":33}},"type":"binary-expr","locations":[{"start":{"line":120,"column":8},"end":{"line":120,"column":15}},{"start":{"line":120,"column":19},"end":{"line":120,"column":33}}],"line":120},"9":{"loc":{"start":{"line":126,"column":4},"end":{"line":130,"column":5}},"type":"if","locations":[{"start":{"line":126,"column":4},"end":{"line":130,"column":5}},{"start":{},"end":{}}],"line":126},"10":{"loc":{"start":{"line":126,"column":8},"end":{"line":126,"column":35}},"type":"binary-expr","locations":[{"start":{"line":126,"column":8},"end":{"line":126,"column":16}},{"start":{"line":126,"column":20},"end":{"line":126,"column":35}}],"line":126},"11":{"loc":{"start":{"line":133,"column":22},"end":{"line":133,"column":65}},"type":"cond-expr","locations":[{"start":{"line":133,"column":52},"end":{"line":133,"column":56}},{"start":{"line":133,"column":59},"end":{"line":133,"column":65}}],"line":133},"12":{"loc":{"start":{"line":140,"column":54},"end":{"line":140,"column":78}},"type":"binary-expr","locations":[{"start":{"line":140,"column":54},"end":{"line":140,"column":70}},{"start":{"line":140,"column":74},"end":{"line":140,"column":78}}],"line":140}},"s":{"0":3,"1":3,"2":3,"3":2,"4":2,"5":0,"6":0,"7":0,"8":2,"9":1,"10":1,"11":0,"12":0,"13":0,"14":1,"15":1,"16":1,"17":1,"18":1,"19":0,"20":0,"21":0,"22":0,"23":1,"24":1,"25":1,"26":1,"27":1,"28":0,"29":0,"30":0,"31":1,"32":0,"33":0,"34":0,"35":0,"36":0,"37":0,"38":0,"39":0,"40":0,"41":0,"42":0,"43":0,"44":0,"45":0,"46":0,"47":0,"48":0,"49":0,"50":0,"51":0,"52":0,"53":0,"54":2,"55":1},"f":{"0":2,"1":3,"2":2,"3":1,"4":1,"5":0,"6":1,"7":0,"8":0,"9":0},"b":{"0":[0,2],"1":[2,2],"2":[0,1],"3":[1,1],"4":[0,1],"5":[0],"6":[0],"7":[0,0],"8":[0,0],"9":[0,0],"10":[0,0],"11":[0,0],"12":[0,0]},"_coverageSchema":"1a1c01bbd47fc00a2c39e90264f33305004495a9","hash":"8e69030114e80ef4ecf5b89a5ee26d4d10a11dfe"}
,"C:\\Users\\norma\\OneDrive\\Documentos\\Semestre VI\\Software\\Software_Proyecto\\visa-app\\backend\\services\\questionBankService.js": {"path":"C:\\Users\\norma\\OneDrive\\Documentos\\Semestre VI\\Software\\Software_Proyecto\\visa-app\\backend\\services\\questionBankService.js","statementMap":{"0":{"start":{"line":1,"column":19},"end":{"line":10,"column":1}},"1":{"start":{"line":12,"column":21},"end":{"line":12,"column":47}},"2":{"start":{"line":14,"column":23},"end":{"line":105,"column":1}},"3":{"start":{"line":109,"column":4},"end":{"line":118,"column":7}},"4":{"start":{"line":122,"column":4},"end":{"line":122,"column":25}},"5":{"start":{"line":124,"column":21},"end":{"line":124,"column":89}},"6":{"start":{"line":125,"column":4},"end":{"line":125,"column":35}},"7":{"start":{"line":125,"column":28},"end":{"line":125,"column":35}},"8":{"start":{"line":127,"column":19},"end":{"line":127,"column":21}},"9":{"start":{"line":128,"column":25},"end":{"line":132,"column":6}},"10":{"start":{"line":129,"column":21},"end":{"line":129,"column":30}},"11":{"start":{"line":130,"column":6},"end":{"line":130,"column":83}},"12":{"start":{"line":131,"column":6},"end":{"line":131,"column":80}},"13":{"start":{"line":134,"column":4},"end":{"line":138,"column":6}},"14":{"start":{"line":142,"column":23},"end":{"line":142,"column":25}},"15":{"start":{"line":144,"column":4},"end":{"line":151,"column":5}},"16":{"start":{"line":145,"column":6},"end":{"line":145,"column":66}},"17":{"start":{"line":146,"column":6},"end":{"line":150,"column":7}},"18":{"start":{"line":147,"column":22},"end":{"line":147,"column":61}},"19":{"start":{"line":148,"column":8},"end":{"line":148,"column":31}},"20":{"start":{"line":149,"column":8},"end":{"line":149,"column":20}},"21":{"start":{"line":153,"column":4},"end":{"line":161,"column":5}},"22":{"start":{"line":154,"column":23},"end":{"line":154,"column":67}},"23":{"start":{"line":155,"column":6},"end":{"line":159,"column":7}},"24":{"start":{"line":156,"column":22},"end":{"line":156,"column":53}},"25":{"start":{"line":157,"column":8},"end":{"line":157,"column":31}},"26":{"start":{"line":158,"column":8},"end":{"line":158,"column":20}},"27":{"start":{"line":160,"column":6},"end":{"line":160,"column":37}},"28":{"start":{"line":163,"column":4},"end":{"line":171,"column":5}},"29":{"start":{"line":164,"column":25},"end":{"line":164,"column":69}},"30":{"start":{"line":165,"column":6},"end":{"line":169,"column":7}},"31":{"start":{"line":166,"column":22},"end":{"line":166,"column":54}},"32":{"start":{"line":167,"column":8},"end":{"line":167,"column":31}},"33":{"start":{"line":168,"column":8},"end":{"line":168,"column":20}},"34":{"start":{"line":170,"column":6},"end":{"line":170,"column":41}},"35":{"start":{"line":173,"column":4},"end":{"line":179,"column":5}},"36":{"start":{"line":174,"column":6},"end":{"line":178,"column":36}},"37":{"start":{"line":181,"column":4},"end":{"line":181,"column":22}},"38":{"start":{"line":185,"column":4},"end":{"line":185,"column":25}},"39":{"start":{"line":187,"column":19},"end":{"line":191,"column":5}},"40":{"start":{"line":193,"column":4},"end":{"line":193,"column":23}},"41":{"start":{"line":197,"column":4},"end":{"line":197,"column":25}},"42":{"start":{"line":199,"column":17},"end":{"line":199,"column":50}},"43":{"start":{"line":200,"column":19},"end":{"line":205,"column":5}},"44":{"start":{"line":207,"column":4},"end":{"line":207,"column":26}},"45":{"start":{"line":211,"column":4},"end":{"line":211,"column":25}},"46":{"start":{"line":213,"column":23},"end":{"line":213,"column":33}},"47":{"start":{"line":214,"column":4},"end":{"line":218,"column":5}},"48":{"start":{"line":215,"column":20},"end":{"line":215,"column":44}},"49":{"start":{"line":216,"column":6},"end":{"line":216,"column":29}},"50":{"start":{"line":217,"column":6},"end":{"line":217,"column":18}},"51":{"start":{"line":220,"column":17},"end":{"line":220,"column":50}},"52":{"start":{"line":221,"column":19},"end":{"line":230,"column":5}},"53":{"start":{"line":232,"column":4},"end":{"line":236,"column":5}},"54":{"start":{"line":233,"column":20},"end":{"line":233,"column":55}},"55":{"start":{"line":234,"column":6},"end":{"line":234,"column":29}},"56":{"start":{"line":235,"column":6},"end":{"line":235,"column":18}},"57":{"start":{"line":238,"column":4},"end":{"line":238,"column":26}},"58":{"start":{"line":242,"column":4},"end":{"line":242,"column":25}},"59":{"start":{"line":244,"column":23},"end":{"line":244,"column":33}},"60":{"start":{"line":245,"column":4},"end":{"line":249,"column":5}},"61":{"start":{"line":246,"column":20},"end":{"line":246,"column":44}},"62":{"start":{"line":247,"column":6},"end":{"line":247,"column":29}},"63":{"start":{"line":248,"column":6},"end":{"line":248,"column":18}},"64":{"start":{"line":251,"column":19},"end":{"line":256,"column":5}},"65":{"start":{"line":258,"column":4},"end":{"line":262,"column":5}},"66":{"start":{"line":259,"column":20},"end":{"line":259,"column":55}},"67":{"start":{"line":260,"column":6},"end":{"line":260,"column":29}},"68":{"start":{"line":261,"column":6},"end":{"line":261,"column":18}},"69":{"start":{"line":264,"column":4},"end":{"line":264,"column":26}},"70":{"start":{"line":267,"column":2},"end":{"line":274,"column":4}},"71":{"start":{"line":277,"column":0},"end":{"line":282,"column":2}}},"fnMap":{"0":{"name":"createQuestionBankService","decl":{"start":{"line":107,"column":9},"end":{"line":107,"column":34}},"loc":{"start":{"line":107,"column":41},"end":{"line":275,"column":1}},"line":107},"1":{"name":"ensureSchema","decl":{"start":{"line":108,"column":17},"end":{"line":108,"column":29}},"loc":{"start":{"line":108,"column":32},"end":{"line":119,"column":3}},"line":108},"2":{"name":"seedInitialQuestions","decl":{"start":{"line":121,"column":17},"end":{"line":121,"column":37}},"loc":{"start":{"line":121,"column":40},"end":{"line":139,"column":3}},"line":121},"3":{"name":"(anonymous_3)","decl":{"start":{"line":128,"column":44},"end":{"line":128,"column":45}},"loc":{"start":{"line":128,"column":61},"end":{"line":132,"column":5}},"line":128},"4":{"name":"normalizeQuestionPayload","decl":{"start":{"line":141,"column":11},"end":{"line":141,"column":35}},"loc":{"start":{"line":141,"column":76},"end":{"line":182,"column":3}},"line":141},"5":{"name":"listQuestions","decl":{"start":{"line":184,"column":17},"end":{"line":184,"column":30}},"loc":{"start":{"line":184,"column":33},"end":{"line":194,"column":3}},"line":184},"6":{"name":"createQuestion","decl":{"start":{"line":196,"column":17},"end":{"line":196,"column":31}},"loc":{"start":{"line":196,"column":41},"end":{"line":208,"column":3}},"line":196},"7":{"name":"updateQuestion","decl":{"start":{"line":210,"column":17},"end":{"line":210,"column":31}},"loc":{"start":{"line":210,"column":45},"end":{"line":239,"column":3}},"line":210},"8":{"name":"deleteQuestion","decl":{"start":{"line":241,"column":17},"end":{"line":241,"column":31}},"loc":{"start":{"line":241,"column":36},"end":{"line":265,"column":3}},"line":241}},"branchMap":{"0":{"loc":{"start":{"line":125,"column":4},"end":{"line":125,"column":35}},"type":"if","locations":[{"start":{"line":125,"column":4},"end":{"line":125,"column":35}},{"start":{},"end":{}}],"line":125},"1":{"loc":{"start":{"line":141,"column":36},"end":{"line":141,"column":48}},"type":"default-arg","locations":[{"start":{"line":141,"column":46},"end":{"line":141,"column":48}}],"line":141},"2":{"loc":{"start":{"line":141,"column":50},"end":{"line":141,"column":74}},"type":"default-arg","locations":[{"start":{"line":141,"column":72},"end":{"line":141,"column":74}}],"line":141},"3":{"loc":{"start":{"line":141,"column":52},"end":{"line":141,"column":67}},"type":"default-arg","locations":[{"start":{"line":141,"column":62},"end":{"line":141,"column":67}}],"line":141},"4":{"loc":{"start":{"line":144,"column":4},"end":{"line":151,"column":5}},"type":"if","locations":[{"start":{"line":144,"column":4},"end":{"line":151,"column":5}},{"start":{},"end":{}}],"line":144},"5":{"loc":{"start":{"line":144,"column":8},"end":{"line":144,"column":50}},"type":"binary-expr","locations":[{"start":{"line":144,"column":8},"end":{"line":144,"column":16}},{"start":{"line":144,"column":20},"end":{"line":144,"column":50}}],"line":144},"6":{"loc":{"start":{"line":145,"column":35},"end":{"line":145,"column":57}},"type":"binary-expr","locations":[{"start":{"line":145,"column":35},"end":{"line":145,"column":51}},{"start":{"line":145,"column":55},"end":{"line":145,"column":57}}],"line":145},"7":{"loc":{"start":{"line":146,"column":6},"end":{"line":150,"column":7}},"type":"if","locations":[{"start":{"line":146,"column":6},"end":{"line":150,"column":7}},{"start":{},"end":{}}],"line":146},"8":{"loc":{"start":{"line":153,"column":4},"end":{"line":161,"column":5}},"type":"if","locations":[{"start":{"line":153,"column":4},"end":{"line":161,"column":5}},{"start":{},"end":{}}],"line":153},"9":{"loc":{"start":{"line":153,"column":8},"end":{"line":153,"column":50}},"type":"binary-expr","locations":[{"start":{"line":153,"column":8},"end":{"line":153,"column":16}},{"start":{"line":153,"column":20},"end":{"line":153,"column":50}}],"line":153},"10":{"loc":{"start":{"line":154,"column":30},"end":{"line":154,"column":59}},"type":"binary-expr","locations":[{"start":{"line":154,"column":30},"end":{"line":154,"column":46}},{"start":{"line":154,"column":50},"end":{"line":154,"column":59}}],"line":154},"11":{"loc":{"start":{"line":155,"column":6},"end":{"line":159,"column":7}},"type":"if","locations":[{"start":{"line":155,"column":6},"end":{"line":159,"column":7}},{"start":{},"end":{}}],"line":155},"12":{"loc":{"start":{"line":163,"column":4},"end":{"line":171,"column":5}},"type":"if","locations":[{"start":{"line":163,"column":4},"end":{"line":171,"column":5}},{"start":{},"end":{}}],"line":163},"13":{"loc":{"start":{"line":163,"column":8},"end":{"line":163,"column":52}},"type":"binary-expr","locations":[{"start":{"line":163,"column":8},"end":{"line":163,"column":16}},{"start":{"line":163,"column":20},"end":{"line":163,"column":52}}],"line":163},"14":{"loc":{"start":{"line":164,"column":32},"end":{"line":164,"column":61}},"type":"binary-expr","locations":[{"start":{"line":164,"column":32},"end":{"line":164,"column":50}},{"start":{"line":164,"column":54},"end":{"line":164,"column":61}}],"line":164},"15":{"loc":{"start":{"line":165,"column":6},"end":{"line":169,"column":7}},"type":"if","locations":[{"start":{"line":165,"column":6},"end":{"line":169,"column":7}},{"start":{},"end":{}}],"line":165},"16":{"loc":{"start":{"line":173,"column":4},"end":{"line":179,"column":5}},"type":"if","locations":[{"start":{"line":173,"column":4},"end":{"line":179,"column":5}},{"start":{},"end":{}}],"line":173},"17":{"loc":{"start":{"line":173,"column":8},"end":{"line":173,"column":53}},"type":"binary-expr","locations":[{"start":{"line":173,"column":8},"end":{"line":173,"column":16}},{"start":{"line":173,"column":20},"end":{"line":173,"column":53}}],"line":173},"18":{"loc":{"start":{"line":175,"column":8},"end":{"line":178,"column":35}},"type":"binary-expr","locations":[{"start":{"line":175,"column":8},"end":{"line":175,"column":36}},{"start":{"line":176,"column":8},"end":{"line":176,"column":38}},{"start":{"line":177,"column":8},"end":{"line":177,"column":33}},{"start":{"line":178,"column":8},"end":{"line":178,"column":35}}],"line":175},"19":{"loc":{"start":{"line":214,"column":4},"end":{"line":218,"column":5}},"type":"if","locations":[{"start":{"line":214,"column":4},"end":{"line":218,"column":5}},{"start":{},"end":{}}],"line":214},"20":{"loc":{"start":{"line":232,"column":4},"end":{"line":236,"column":5}},"type":"if","locations":[{"start":{"line":232,"column":4},"end":{"line":236,"column":5}},{"start":{},"end":{}}],"line":232},"21":{"loc":{"start":{"line":245,"column":4},"end":{"line":249,"column":5}},"type":"if","locations":[{"start":{"line":245,"column":4},"end":{"line":249,"column":5}},{"start":{},"end":{}}],"line":245},"22":{"loc":{"start":{"line":258,"column":4},"end":{"line":262,"column":5}},"type":"if","locations":[{"start":{"line":258,"column":4},"end":{"line":262,"column":5}},{"start":{},"end":{}}],"line":258}},"s":{"0":1,"1":1,"2":1,"3":5,"4":1,"5":1,"6":1,"7":1,"8":0,"9":0,"10":0,"11":0,"12":0,"13":0,"14":2,"15":2,"16":2,"17":2,"18":0,"19":0,"20":0,"21":2,"22":2,"23":2,"24":0,"25":0,"26":0,"27":2,"28":2,"29":2,"30":2,"31":0,"32":0,"33":0,"34":2,"35":2,"36":2,"37":2,"38":1,"39":1,"40":1,"41":1,"42":1,"43":1,"44":1,"45":1,"46":1,"47":1,"48":0,"49":0,"50":0,"51":1,"52":1,"53":1,"54":0,"55":0,"56":0,"57":1,"58":1,"59":1,"60":1,"61":0,"62":0,"63":0,"64":1,"65":1,"66":0,"67":0,"68":0,"69":1,"70":2,"71":1},"f":{"0":2,"1":5,"2":1,"3":0,"4":2,"5":1,"6":1,"7":1,"8":1},"b":{"0":[1,0],"1":[0],"2":[2],"3":[2],"4":[2,0],"5":[2,0],"6":[2,0],"7":[0,2],"8":[2,0],"9":[2,0],"10":[2,0],"11":[0,2],"12":[2,0],"13":[2,0],"14":[2,0],"15":[0,2],"16":[2,0],"17":[2,0],"18":[2,1,1,1],"19":[0,1],"20":[0,1],"21":[0,1],"22":[0,1]},"_coverageSchema":"1a1c01bbd47fc00a2c39e90264f33305004495a9","hash":"7968a07e4d1f4c25b97eda03a0a018541a2c694d"}
}
