{"C:\\Users\\norma\\OneDrive\\Documentos\\Semestre VI\\Software\\Software_Proyecto\\visa-app\\backend\\app.js": {"path":"C:\\Users\\norma\\OneDrive\\Documentos\\Semestre VI\\Software\\Software_Proyecto\\visa-app\\backend\\app.js","statementMap":{"0":{"start":{"line":1,"column":13},"end":{"line":1,"column":28}},"1":{"start":{"line":3,"column":0},"end":{"line":3,"column":68}},"2":{"start":{"line":5,"column":16},"end":{"line":5,"column":34}},"3":{"start":{"line":6,"column":17},"end":{"line":6,"column":30}},"4":{"start":{"line":7,"column":13},"end":{"line":7,"column":28}},"5":{"start":{"line":8,"column":15},"end":{"line":8,"column":34}},"6":{"start":{"line":9,"column":37},"end":{"line":9,"column":79}},"7":{"start":{"line":10,"column":33},"end":{"line":10,"column":71}},"8":{"start":{"line":11,"column":33},"end":{"line":11,"column":71}},"9":{"start":{"line":12,"column":38},"end":{"line":12,"column":83}},"10":{"start":{"line":13,"column":38},"end":{"line":13,"column":79}},"11":{"start":{"line":14,"column":34},"end":{"line":14,"column":75}},"12":{"start":{"line":19,"column":4},"end":{"line":19,"column":19}},"13":{"start":{"line":21,"column":12},"end":{"line":21,"column":21}},"14":{"start":{"line":26,"column":0},"end":{"line":34,"column":3}},"15":{"start":{"line":27,"column":2},"end":{"line":27,"column":49}},"16":{"start":{"line":28,"column":2},"end":{"line":28,"column":80}},"17":{"start":{"line":29,"column":2},"end":{"line":29,"column":76}},"18":{"start":{"line":30,"column":2},"end":{"line":32,"column":3}},"19":{"start":{"line":31,"column":4},"end":{"line":31,"column":31}},"20":{"start":{"line":33,"column":2},"end":{"line":33,"column":9}},"21":{"start":{"line":35,"column":0},"end":{"line":35,"column":16}},"22":{"start":{"line":37,"column":0},"end":{"line":37,"column":24}},"23":{"start":{"line":39,"column":13},"end":{"line":39,"column":37}},"24":{"start":{"line":40,"column":13},"end":{"line":40,"column":42}},"25":{"start":{"line":43,"column":13},"end":{"line":49,"column":2}},"26":{"start":{"line":51,"column":0},"end":{"line":54,"column":57}},"27":{"start":{"line":53,"column":14},"end":{"line":53,"column":51}},"28":{"start":{"line":54,"column":18},"end":{"line":54,"column":55}},"29":{"start":{"line":57,"column":2},"end":{"line":64,"column":5}},"30":{"start":{"line":66,"column":2},"end":{"line":70,"column":5}},"31":{"start":{"line":73,"column":28},"end":{"line":75,"column":2}},"32":{"start":{"line":74,"column":2},"end":{"line":74,"column":49}},"33":{"start":{"line":78,"column":2},"end":{"line":85,"column":5}},"34":{"start":{"line":88,"column":24},"end":{"line":90,"column":2}},"35":{"start":{"line":89,"column":2},"end":{"line":89,"column":45}},"36":{"start":{"line":92,"column":28},"end":{"line":92,"column":59}},"37":{"start":{"line":93,"column":0},"end":{"line":95,"column":3}},"38":{"start":{"line":94,"column":2},"end":{"line":94,"column":54}},"39":{"start":{"line":97,"column":32},"end":{"line":97,"column":67}},"40":{"start":{"line":98,"column":0},"end":{"line":100,"column":3}},"41":{"start":{"line":99,"column":2},"end":{"line":99,"column":58}},"42":{"start":{"line":102,"column":28},"end":{"line":102,"column":59}},"43":{"start":{"line":103,"column":0},"end":{"line":105,"column":3}},"44":{"start":{"line":104,"column":2},"end":{"line":104,"column":55}},"45":{"start":{"line":108,"column":2},"end":{"line":120,"column":3}},"46":{"start":{"line":109,"column":21},"end":{"line":109,"column":85}},"47":{"start":{"line":110,"column":4},"end":{"line":110,"column":25}},"48":{"start":{"line":110,"column":18},"end":{"line":110,"column":25}},"49":{"start":{"line":111,"column":4},"end":{"line":117,"column":7}},"50":{"start":{"line":119,"column":4},"end":{"line":119,"column":49}},"51":{"start":{"line":131,"column":2},"end":{"line":131,"column":28}},"52":{"start":{"line":133,"column":25},"end":{"line":133,"column":29}},"53":{"start":{"line":135,"column":2},"end":{"line":144,"column":3}},"54":{"start":{"line":136,"column":21},"end":{"line":142,"column":5}},"55":{"start":{"line":143,"column":4},"end":{"line":143,"column":48}},"56":{"start":{"line":146,"column":2},"end":{"line":169,"column":3}},"57":{"start":{"line":147,"column":19},"end":{"line":159,"column":5}},"58":{"start":{"line":161,"column":4},"end":{"line":165,"column":5}},"59":{"start":{"line":162,"column":6},"end":{"line":164,"column":9}},"60":{"start":{"line":163,"column":8},"end":{"line":163,"column":61}},"61":{"start":{"line":167,"column":4},"end":{"line":167,"column":37}},"62":{"start":{"line":168,"column":4},"end":{"line":168,"column":26}},"63":{"start":{"line":171,"column":17},"end":{"line":176,"column":3}},"64":{"start":{"line":178,"column":2},"end":{"line":178,"column":35}},"65":{"start":{"line":179,"column":2},"end":{"line":179,"column":24}},"66":{"start":{"line":183,"column":0},"end":{"line":185,"column":3}},"67":{"start":{"line":184,"column":2},"end":{"line":184,"column":34}},"68":{"start":{"line":187,"column":0},"end":{"line":187,"column":67}},"69":{"start":{"line":188,"column":0},"end":{"line":188,"column":54}},"70":{"start":{"line":189,"column":0},"end":{"line":189,"column":59}},"71":{"start":{"line":192,"column":0},"end":{"line":214,"column":3}},"72":{"start":{"line":193,"column":21},"end":{"line":193,"column":30}},"73":{"start":{"line":195,"column":2},"end":{"line":197,"column":3}},"74":{"start":{"line":196,"column":4},"end":{"line":196,"column":77}},"75":{"start":{"line":199,"column":2},"end":{"line":213,"column":3}},"76":{"start":{"line":200,"column":19},"end":{"line":203,"column":5}},"77":{"start":{"line":205,"column":4},"end":{"line":209,"column":5}},"78":{"start":{"line":206,"column":6},"end":{"line":206,"column":32}},"79":{"start":{"line":208,"column":6},"end":{"line":208,"column":33}},"80":{"start":{"line":211,"column":4},"end":{"line":211,"column":48}},"81":{"start":{"line":212,"column":4},"end":{"line":212,"column":65}},"82":{"start":{"line":217,"column":0},"end":{"line":269,"column":3}},"83":{"start":{"line":218,"column":21},"end":{"line":218,"column":30}},"84":{"start":{"line":220,"column":2},"end":{"line":222,"column":3}},"85":{"start":{"line":221,"column":4},"end":{"line":221,"column":63}},"86":{"start":{"line":224,"column":2},"end":{"line":268,"column":3}},"87":{"start":{"line":226,"column":23},"end":{"line":229,"column":5}},"88":{"start":{"line":231,"column":4},"end":{"line":233,"column":5}},"89":{"start":{"line":232,"column":6},"end":{"line":232,"column":70}},"90":{"start":{"line":235,"column":19},"end":{"line":235,"column":48}},"91":{"start":{"line":238,"column":24},"end":{"line":241,"column":5}},"92":{"start":{"line":246,"column":4},"end":{"line":256,"column":5}},"93":{"start":{"line":247,"column":20},"end":{"line":252,"column":7}},"94":{"start":{"line":253,"column":6},"end":{"line":253,"column":30}},"95":{"start":{"line":255,"column":6},"end":{"line":255,"column":38}},"96":{"start":{"line":258,"column":4},"end":{"line":264,"column":7}},"97":{"start":{"line":266,"column":4},"end":{"line":266,"column":40}},"98":{"start":{"line":267,"column":4},"end":{"line":267,"column":51}},"99":{"start":{"line":272,"column":0},"end":{"line":289,"column":3}},"100":{"start":{"line":273,"column":41},"end":{"line":273,"column":49}},"101":{"start":{"line":275,"column":2},"end":{"line":288,"column":3}},"102":{"start":{"line":276,"column":19},"end":{"line":279,"column":5}},"103":{"start":{"line":281,"column":4},"end":{"line":284,"column":7}},"104":{"start":{"line":286,"column":4},"end":{"line":286,"column":42}},"105":{"start":{"line":287,"column":4},"end":{"line":287,"column":51}},"106":{"start":{"line":292,"column":0},"end":{"line":313,"column":3}},"107":{"start":{"line":293,"column":33},"end":{"line":293,"column":41}},"108":{"start":{"line":295,"column":2},"end":{"line":312,"column":3}},"109":{"start":{"line":296,"column":19},"end":{"line":299,"column":5}},"110":{"start":{"line":301,"column":4},"end":{"line":308,"column":5}},"111":{"start":{"line":302,"column":6},"end":{"line":305,"column":9}},"112":{"start":{"line":307,"column":6},"end":{"line":307,"column":66}},"113":{"start":{"line":310,"column":4},"end":{"line":310,"column":39}},"114":{"start":{"line":311,"column":4},"end":{"line":311,"column":51}},"115":{"start":{"line":316,"column":0},"end":{"line":369,"column":3}},"116":{"start":{"line":317,"column":29},"end":{"line":317,"column":37}},"117":{"start":{"line":319,"column":2},"end":{"line":323,"column":3}},"118":{"start":{"line":320,"column":4},"end":{"line":322,"column":7}},"119":{"start":{"line":325,"column":2},"end":{"line":368,"column":3}},"120":{"start":{"line":326,"column":19},"end":{"line":329,"column":5}},"121":{"start":{"line":331,"column":4},"end":{"line":333,"column":5}},"122":{"start":{"line":332,"column":6},"end":{"line":332,"column":70}},"123":{"start":{"line":335,"column":20},"end":{"line":335,"column":34}},"124":{"start":{"line":338,"column":26},"end":{"line":341,"column":5}},"125":{"start":{"line":343,"column":4},"end":{"line":359,"column":5}},"126":{"start":{"line":344,"column":6},"end":{"line":352,"column":8}},"127":{"start":{"line":353,"column":6},"end":{"line":358,"column":8}},"128":{"start":{"line":361,"column":4},"end":{"line":364,"column":7}},"129":{"start":{"line":366,"column":4},"end":{"line":366,"column":48}},"130":{"start":{"line":367,"column":4},"end":{"line":367,"column":51}},"131":{"start":{"line":371,"column":0},"end":{"line":434,"column":3}},"132":{"start":{"line":372,"column":54},"end":{"line":372,"column":62}},"133":{"start":{"line":374,"column":2},"end":{"line":376,"column":3}},"134":{"start":{"line":375,"column":4},"end":{"line":375,"column":64}},"135":{"start":{"line":378,"column":23},"end":{"line":378,"column":62}},"136":{"start":{"line":379,"column":23},"end":{"line":379,"column":64}},"137":{"start":{"line":381,"column":4},"end":{"line":383,"column":26}},"138":{"start":{"line":385,"column":2},"end":{"line":387,"column":3}},"139":{"start":{"line":386,"column":4},"end":{"line":386,"column":75}},"140":{"start":{"line":389,"column":2},"end":{"line":394,"column":3}},"141":{"start":{"line":390,"column":4},"end":{"line":390,"column":23}},"142":{"start":{"line":392,"column":4},"end":{"line":392,"column":60}},"143":{"start":{"line":393,"column":4},"end":{"line":393,"column":85}},"144":{"start":{"line":398,"column":2},"end":{"line":433,"column":3}},"145":{"start":{"line":399,"column":4},"end":{"line":399,"column":52}},"146":{"start":{"line":400,"column":22},"end":{"line":407,"column":6}},"147":{"start":{"line":409,"column":4},"end":{"line":414,"column":7}},"148":{"start":{"line":416,"column":4},"end":{"line":416,"column":42}},"149":{"start":{"line":418,"column":4},"end":{"line":420,"column":5}},"150":{"start":{"line":419,"column":6},"end":{"line":419,"column":87}},"151":{"start":{"line":422,"column":4},"end":{"line":424,"column":5}},"152":{"start":{"line":423,"column":6},"end":{"line":423,"column":81}},"153":{"start":{"line":426,"column":4},"end":{"line":430,"column":5}},"154":{"start":{"line":427,"column":6},"end":{"line":427,"column":49}},"155":{"start":{"line":429,"column":6},"end":{"line":429,"column":66}},"156":{"start":{"line":432,"column":4},"end":{"line":432,"column":78}},"157":{"start":{"line":436,"column":22},"end":{"line":442,"column":1}},"158":{"start":{"line":447,"column":14},"end":{"line":447,"column":57}},"159":{"start":{"line":448,"column":2},"end":{"line":448,"column":37}},"160":{"start":{"line":448,"column":27},"end":{"line":448,"column":37}},"161":{"start":{"line":449,"column":2},"end":{"line":449,"column":27}},"162":{"start":{"line":449,"column":17},"end":{"line":449,"column":27}},"163":{"start":{"line":450,"column":2},"end":{"line":450,"column":27}},"164":{"start":{"line":450,"column":17},"end":{"line":450,"column":27}},"165":{"start":{"line":451,"column":2},"end":{"line":451,"column":15}},"166":{"start":{"line":457,"column":0},"end":{"line":524,"column":3}},"167":{"start":{"line":458,"column":21},"end":{"line":458,"column":30}},"168":{"start":{"line":460,"column":2},"end":{"line":462,"column":3}},"169":{"start":{"line":461,"column":4},"end":{"line":461,"column":63}},"170":{"start":{"line":464,"column":2},"end":{"line":523,"column":3}},"171":{"start":{"line":465,"column":4},"end":{"line":465,"column":26}},"172":{"start":{"line":467,"column":23},"end":{"line":474,"column":5}},"173":{"start":{"line":476,"column":4},"end":{"line":478,"column":5}},"174":{"start":{"line":477,"column":6},"end":{"line":477,"column":70}},"175":{"start":{"line":480,"column":20},"end":{"line":480,"column":38}},"176":{"start":{"line":483,"column":26},"end":{"line":486,"column":5}},"177":{"start":{"line":488,"column":20},"end":{"line":492,"column":5}},"178":{"start":{"line":494,"column":18},"end":{"line":494,"column":65}},"179":{"start":{"line":496,"column":4},"end":{"line":519,"column":7}},"180":{"start":{"line":521,"column":4},"end":{"line":521,"column":52}},"181":{"start":{"line":522,"column":4},"end":{"line":522,"column":51}},"182":{"start":{"line":530,"column":0},"end":{"line":602,"column":3}},"183":{"start":{"line":539,"column":6},"end":{"line":539,"column":14}},"184":{"start":{"line":541,"column":2},"end":{"line":543,"column":3}},"185":{"start":{"line":542,"column":4},"end":{"line":542,"column":63}},"186":{"start":{"line":545,"column":2},"end":{"line":601,"column":3}},"187":{"start":{"line":546,"column":4},"end":{"line":546,"column":26}},"188":{"start":{"line":549,"column":17},"end":{"line":549,"column":19}},"189":{"start":{"line":550,"column":20},"end":{"line":550,"column":22}},"190":{"start":{"line":551,"column":12},"end":{"line":551,"column":13}},"191":{"start":{"line":553,"column":4},"end":{"line":553,"column":113}},"192":{"start":{"line":553,"column":45},"end":{"line":553,"column":75}},"193":{"start":{"line":553,"column":90},"end":{"line":553,"column":111}},"194":{"start":{"line":554,"column":4},"end":{"line":554,"column":115}},"195":{"start":{"line":554,"column":45},"end":{"line":554,"column":77}},"196":{"start":{"line":554,"column":90},"end":{"line":554,"column":113}},"197":{"start":{"line":555,"column":4},"end":{"line":555,"column":113}},"198":{"start":{"line":555,"column":45},"end":{"line":555,"column":75}},"199":{"start":{"line":555,"column":90},"end":{"line":555,"column":111}},"200":{"start":{"line":556,"column":4},"end":{"line":556,"column":111}},"201":{"start":{"line":556,"column":45},"end":{"line":556,"column":73}},"202":{"start":{"line":556,"column":90},"end":{"line":556,"column":109}},"203":{"start":{"line":557,"column":4},"end":{"line":557,"column":128}},"204":{"start":{"line":557,"column":45},"end":{"line":557,"column":89}},"205":{"start":{"line":557,"column":90},"end":{"line":557,"column":126}},"206":{"start":{"line":558,"column":4},"end":{"line":558,"column":113}},"207":{"start":{"line":558,"column":45},"end":{"line":558,"column":75}},"208":{"start":{"line":558,"column":90},"end":{"line":558,"column":111}},"209":{"start":{"line":560,"column":4},"end":{"line":562,"column":5}},"210":{"start":{"line":561,"column":6},"end":{"line":561,"column":68}},"211":{"start":{"line":564,"column":4},"end":{"line":564,"column":25}},"212":{"start":{"line":566,"column":19},"end":{"line":574,"column":5}},"213":{"start":{"line":576,"column":4},"end":{"line":578,"column":5}},"214":{"start":{"line":577,"column":6},"end":{"line":577,"column":70}},"215":{"start":{"line":580,"column":14},"end":{"line":580,"column":28}},"216":{"start":{"line":582,"column":4},"end":{"line":597,"column":7}},"217":{"start":{"line":599,"column":4},"end":{"line":599,"column":52}},"218":{"start":{"line":600,"column":4},"end":{"line":600,"column":51}},"219":{"start":{"line":604,"column":0},"end":{"line":665,"column":3}},"220":{"start":{"line":605,"column":54},"end":{"line":605,"column":62}},"221":{"start":{"line":607,"column":2},"end":{"line":609,"column":3}},"222":{"start":{"line":608,"column":4},"end":{"line":608,"column":64}},"223":{"start":{"line":611,"column":2},"end":{"line":613,"column":3}},"224":{"start":{"line":612,"column":4},"end":{"line":612,"column":63}},"225":{"start":{"line":616,"column":4},"end":{"line":618,"column":26}},"226":{"start":{"line":620,"column":2},"end":{"line":622,"column":3}},"227":{"start":{"line":621,"column":4},"end":{"line":621,"column":75}},"228":{"start":{"line":624,"column":2},"end":{"line":629,"column":3}},"229":{"start":{"line":625,"column":4},"end":{"line":625,"column":23}},"230":{"start":{"line":627,"column":4},"end":{"line":627,"column":60}},"231":{"start":{"line":628,"column":4},"end":{"line":628,"column":85}},"232":{"start":{"line":633,"column":2},"end":{"line":638,"column":3}},"233":{"start":{"line":634,"column":4},"end":{"line":634,"column":52}},"234":{"start":{"line":636,"column":4},"end":{"line":636,"column":42}},"235":{"start":{"line":637,"column":4},"end":{"line":637,"column":79}},"236":{"start":{"line":640,"column":2},"end":{"line":664,"column":3}},"237":{"start":{"line":641,"column":22},"end":{"line":648,"column":6}},"238":{"start":{"line":650,"column":4},"end":{"line":653,"column":7}},"239":{"start":{"line":655,"column":4},"end":{"line":655,"column":42}},"240":{"start":{"line":657,"column":4},"end":{"line":661,"column":5}},"241":{"start":{"line":658,"column":6},"end":{"line":658,"column":49}},"242":{"start":{"line":660,"column":6},"end":{"line":660,"column":66}},"243":{"start":{"line":663,"column":4},"end":{"line":663,"column":78}},"244":{"start":{"line":667,"column":0},"end":{"line":690,"column":3}},"245":{"start":{"line":668,"column":20},"end":{"line":668,"column":48}},"246":{"start":{"line":670,"column":2},"end":{"line":672,"column":3}},"247":{"start":{"line":671,"column":4},"end":{"line":671,"column":75}},"248":{"start":{"line":674,"column":2},"end":{"line":689,"column":3}},"249":{"start":{"line":675,"column":4},"end":{"line":675,"column":30}},"250":{"start":{"line":677,"column":19},"end":{"line":683,"column":5}},"251":{"start":{"line":685,"column":4},"end":{"line":685,"column":33}},"252":{"start":{"line":687,"column":4},"end":{"line":687,"column":50}},"253":{"start":{"line":688,"column":4},"end":{"line":688,"column":83}},"254":{"start":{"line":692,"column":0},"end":{"line":731,"column":3}},"255":{"start":{"line":693,"column":21},"end":{"line":693,"column":42}},"256":{"start":{"line":694,"column":20},"end":{"line":694,"column":48}},"257":{"start":{"line":696,"column":2},"end":{"line":698,"column":3}},"258":{"start":{"line":697,"column":4},"end":{"line":697,"column":77}},"259":{"start":{"line":700,"column":2},"end":{"line":702,"column":3}},"260":{"start":{"line":701,"column":4},"end":{"line":701,"column":75}},"261":{"start":{"line":704,"column":2},"end":{"line":730,"column":3}},"262":{"start":{"line":705,"column":4},"end":{"line":705,"column":30}},"263":{"start":{"line":707,"column":19},"end":{"line":712,"column":5}},"264":{"start":{"line":714,"column":4},"end":{"line":716,"column":5}},"265":{"start":{"line":715,"column":6},"end":{"line":715,"column":72}},"266":{"start":{"line":718,"column":28},"end":{"line":718,"column":42}},"267":{"start":{"line":720,"column":4},"end":{"line":724,"column":5}},"268":{"start":{"line":721,"column":6},"end":{"line":723,"column":9}},"269":{"start":{"line":722,"column":8},"end":{"line":722,"column":70}},"270":{"start":{"line":726,"column":4},"end":{"line":726,"column":70}},"271":{"start":{"line":728,"column":4},"end":{"line":728,"column":52}},"272":{"start":{"line":729,"column":4},"end":{"line":729,"column":79}},"273":{"start":{"line":738,"column":0},"end":{"line":784,"column":3}},"274":{"start":{"line":739,"column":21},"end":{"line":739,"column":30}},"275":{"start":{"line":741,"column":2},"end":{"line":743,"column":3}},"276":{"start":{"line":742,"column":4},"end":{"line":742,"column":63}},"277":{"start":{"line":745,"column":2},"end":{"line":783,"column":3}},"278":{"start":{"line":747,"column":23},"end":{"line":750,"column":5}},"279":{"start":{"line":752,"column":4},"end":{"line":754,"column":5}},"280":{"start":{"line":753,"column":6},"end":{"line":753,"column":70}},"281":{"start":{"line":756,"column":19},"end":{"line":756,"column":48}},"282":{"start":{"line":759,"column":23},"end":{"line":762,"column":5}},"283":{"start":{"line":764,"column":4},"end":{"line":771,"column":5}},"284":{"start":{"line":766,"column":6},"end":{"line":770,"column":9}},"285":{"start":{"line":773,"column":17},"end":{"line":773,"column":35}},"286":{"start":{"line":774,"column":4},"end":{"line":778,"column":7}},"287":{"start":{"line":781,"column":4},"end":{"line":781,"column":43}},"288":{"start":{"line":782,"column":4},"end":{"line":782,"column":51}},"289":{"start":{"line":787,"column":0},"end":{"line":869,"column":3}},"290":{"start":{"line":788,"column":56},"end":{"line":788,"column":64}},"291":{"start":{"line":790,"column":2},"end":{"line":792,"column":3}},"292":{"start":{"line":791,"column":4},"end":{"line":791,"column":63}},"293":{"start":{"line":794,"column":2},"end":{"line":868,"column":3}},"294":{"start":{"line":796,"column":23},"end":{"line":799,"column":5}},"295":{"start":{"line":801,"column":4},"end":{"line":803,"column":5}},"296":{"start":{"line":802,"column":6},"end":{"line":802,"column":70}},"297":{"start":{"line":805,"column":19},"end":{"line":805,"column":48}},"298":{"start":{"line":808,"column":25},"end":{"line":811,"column":5}},"299":{"start":{"line":815,"column":4},"end":{"line":832,"column":5}},"300":{"start":{"line":817,"column":6},"end":{"line":822,"column":8}},"301":{"start":{"line":825,"column":6},"end":{"line":831,"column":8}},"302":{"start":{"line":835,"column":4},"end":{"line":858,"column":5}},"303":{"start":{"line":836,"column":24},"end":{"line":839,"column":7}},"304":{"start":{"line":841,"column":6},"end":{"line":857,"column":7}},"305":{"start":{"line":842,"column":8},"end":{"line":850,"column":10}},"306":{"start":{"line":851,"column":8},"end":{"line":856,"column":10}},"307":{"start":{"line":860,"column":4},"end":{"line":863,"column":7}},"308":{"start":{"line":866,"column":4},"end":{"line":866,"column":44}},"309":{"start":{"line":867,"column":4},"end":{"line":867,"column":51}},"310":{"start":{"line":872,"column":23},"end":{"line":878,"column":1}},"311":{"start":{"line":880,"column":23},"end":{"line":886,"column":1}},"312":{"start":{"line":888,"column":0},"end":{"line":967,"column":3}},"313":{"start":{"line":889,"column":78},"end":{"line":889,"column":86}},"314":{"start":{"line":891,"column":2},"end":{"line":893,"column":3}},"315":{"start":{"line":892,"column":4},"end":{"line":892,"column":63}},"316":{"start":{"line":895,"column":2},"end":{"line":897,"column":3}},"317":{"start":{"line":896,"column":4},"end":{"line":896,"column":69}},"318":{"start":{"line":899,"column":2},"end":{"line":966,"column":3}},"319":{"start":{"line":900,"column":23},"end":{"line":903,"column":5}},"320":{"start":{"line":905,"column":4},"end":{"line":907,"column":5}},"321":{"start":{"line":906,"column":6},"end":{"line":906,"column":70}},"322":{"start":{"line":909,"column":19},"end":{"line":909,"column":48}},"323":{"start":{"line":911,"column":21},"end":{"line":911,"column":55}},"324":{"start":{"line":912,"column":29},"end":{"line":912,"column":72}},"325":{"start":{"line":913,"column":29},"end":{"line":913,"column":75}},"326":{"start":{"line":914,"column":29},"end":{"line":914,"column":81}},"327":{"start":{"line":915,"column":29},"end":{"line":915,"column":59}},"328":{"start":{"line":917,"column":26},"end":{"line":920,"column":5}},"329":{"start":{"line":923,"column":4},"end":{"line":951,"column":5}},"330":{"start":{"line":924,"column":20},"end":{"line":929,"column":7}},"331":{"start":{"line":930,"column":6},"end":{"line":930,"column":30}},"332":{"start":{"line":932,"column":28},"end":{"line":932,"column":62}},"333":{"start":{"line":933,"column":22},"end":{"line":940,"column":7}},"334":{"start":{"line":941,"column":6},"end":{"line":941,"column":32}},"335":{"start":{"line":943,"column":6},"end":{"line":950,"column":7}},"336":{"start":{"line":944,"column":8},"end":{"line":949,"column":10}},"337":{"start":{"line":953,"column":4},"end":{"line":962,"column":7}},"338":{"start":{"line":964,"column":4},"end":{"line":964,"column":47}},"339":{"start":{"line":965,"column":4},"end":{"line":965,"column":58}},"340":{"start":{"line":969,"column":0},"end":{"line":969,"column":21}}},"fnMap":{"0":{"name":"(anonymous_0)","decl":{"start":{"line":26,"column":8},"end":{"line":26,"column":9}},"loc":{"start":{"line":26,"column":28},"end":{"line":34,"column":1}},"line":26},"1":{"name":"(anonymous_1)","decl":{"start":{"line":53,"column":8},"end":{"line":53,"column":9}},"loc":{"start":{"line":53,"column":14},"end":{"line":53,"column":51}},"line":53},"2":{"name":"(anonymous_2)","decl":{"start":{"line":54,"column":9},"end":{"line":54,"column":10}},"loc":{"start":{"line":54,"column":18},"end":{"line":54,"column":55}},"line":54},"3":{"name":"ensureDocumentSchema","decl":{"start":{"line":56,"column":15},"end":{"line":56,"column":35}},"loc":{"start":{"line":56,"column":38},"end":{"line":71,"column":1}},"line":56},"4":{"name":"(anonymous_4)","decl":{"start":{"line":73,"column":57},"end":{"line":73,"column":58}},"loc":{"start":{"line":73,"column":68},"end":{"line":75,"column":1}},"line":73},"5":{"name":"ensureUserSchema","decl":{"start":{"line":77,"column":15},"end":{"line":77,"column":31}},"loc":{"start":{"line":77,"column":34},"end":{"line":86,"column":1}},"line":77},"6":{"name":"(anonymous_6)","decl":{"start":{"line":88,"column":49},"end":{"line":88,"column":50}},"loc":{"start":{"line":88,"column":60},"end":{"line":90,"column":1}},"line":88},"7":{"name":"(anonymous_7)","decl":{"start":{"line":93,"column":49},"end":{"line":93,"column":50}},"loc":{"start":{"line":93,"column":60},"end":{"line":95,"column":1}},"line":93},"8":{"name":"(anonymous_8)","decl":{"start":{"line":98,"column":45},"end":{"line":98,"column":46}},"loc":{"start":{"line":98,"column":56},"end":{"line":100,"column":1}},"line":98},"9":{"name":"(anonymous_9)","decl":{"start":{"line":103,"column":41},"end":{"line":103,"column":42}},"loc":{"start":{"line":103,"column":52},"end":{"line":105,"column":1}},"line":103},"10":{"name":"notificarCambioEtapa","decl":{"start":{"line":107,"column":15},"end":{"line":107,"column":35}},"loc":{"start":{"line":107,"column":68},"end":{"line":121,"column":1}},"line":107},"11":{"name":"insertDocumento","decl":{"start":{"line":123,"column":15},"end":{"line":123,"column":30}},"loc":{"start":{"line":130,"column":3},"end":{"line":180,"column":1}},"line":130},"12":{"name":"(anonymous_12)","decl":{"start":{"line":162,"column":61},"end":{"line":162,"column":62}},"loc":{"start":{"line":162,"column":79},"end":{"line":164,"column":7}},"line":162},"13":{"name":"(anonymous_13)","decl":{"start":{"line":183,"column":13},"end":{"line":183,"column":14}},"loc":{"start":{"line":183,"column":27},"end":{"line":185,"column":1}},"line":183},"14":{"name":"(anonymous_14)","decl":{"start":{"line":192,"column":27},"end":{"line":192,"column":28}},"loc":{"start":{"line":192,"column":47},"end":{"line":214,"column":1}},"line":192},"15":{"name":"(anonymous_15)","decl":{"start":{"line":217,"column":27},"end":{"line":217,"column":28}},"loc":{"start":{"line":217,"column":47},"end":{"line":269,"column":1}},"line":217},"16":{"name":"(anonymous_16)","decl":{"start":{"line":272,"column":22},"end":{"line":272,"column":23}},"loc":{"start":{"line":272,"column":42},"end":{"line":289,"column":1}},"line":272},"17":{"name":"(anonymous_17)","decl":{"start":{"line":292,"column":19},"end":{"line":292,"column":20}},"loc":{"start":{"line":292,"column":39},"end":{"line":313,"column":1}},"line":292},"18":{"name":"(anonymous_18)","decl":{"start":{"line":316,"column":28},"end":{"line":316,"column":29}},"loc":{"start":{"line":316,"column":48},"end":{"line":369,"column":1}},"line":316},"19":{"name":"(anonymous_19)","decl":{"start":{"line":371,"column":43},"end":{"line":371,"column":44}},"loc":{"start":{"line":371,"column":63},"end":{"line":434,"column":1}},"line":371},"20":{"name":"calcularEtapa","decl":{"start":{"line":446,"column":9},"end":{"line":446,"column":22}},"loc":{"start":{"line":446,"column":41},"end":{"line":452,"column":1}},"line":446},"21":{"name":"(anonymous_21)","decl":{"start":{"line":457,"column":27},"end":{"line":457,"column":28}},"loc":{"start":{"line":457,"column":47},"end":{"line":524,"column":1}},"line":457},"22":{"name":"(anonymous_22)","decl":{"start":{"line":530,"column":27},"end":{"line":530,"column":28}},"loc":{"start":{"line":530,"column":47},"end":{"line":602,"column":1}},"line":530},"23":{"name":"(anonymous_23)","decl":{"start":{"line":604,"column":47},"end":{"line":604,"column":48}},"loc":{"start":{"line":604,"column":67},"end":{"line":665,"column":1}},"line":604},"24":{"name":"(anonymous_24)","decl":{"start":{"line":667,"column":34},"end":{"line":667,"column":35}},"loc":{"start":{"line":667,"column":54},"end":{"line":690,"column":1}},"line":667},"25":{"name":"(anonymous_25)","decl":{"start":{"line":692,"column":30},"end":{"line":692,"column":31}},"loc":{"start":{"line":692,"column":50},"end":{"line":731,"column":1}},"line":692},"26":{"name":"(anonymous_26)","decl":{"start":{"line":721,"column":60},"end":{"line":721,"column":61}},"loc":{"start":{"line":721,"column":78},"end":{"line":723,"column":7}},"line":721},"27":{"name":"(anonymous_27)","decl":{"start":{"line":738,"column":18},"end":{"line":738,"column":19}},"loc":{"start":{"line":738,"column":38},"end":{"line":784,"column":1}},"line":738},"28":{"name":"(anonymous_28)","decl":{"start":{"line":787,"column":19},"end":{"line":787,"column":20}},"loc":{"start":{"line":787,"column":39},"end":{"line":869,"column":1}},"line":787},"29":{"name":"(anonymous_29)","decl":{"start":{"line":888,"column":20},"end":{"line":888,"column":21}},"loc":{"start":{"line":888,"column":40},"end":{"line":967,"column":1}},"line":888}},"branchMap":{"0":{"loc":{"start":{"line":30,"column":2},"end":{"line":32,"column":3}},"type":"if","locations":[{"start":{"line":30,"column":2},"end":{"line":32,"column":3}},{"start":{},"end":{}}],"line":30},"1":{"loc":{"start":{"line":39,"column":13},"end":{"line":39,"column":37}},"type":"binary-expr","locations":[{"start":{"line":39,"column":13},"end":{"line":39,"column":29}},{"start":{"line":39,"column":33},"end":{"line":39,"column":37}}],"line":39},"2":{"loc":{"start":{"line":40,"column":13},"end":{"line":40,"column":42}},"type":"binary-expr","locations":[{"start":{"line":40,"column":13},"end":{"line":40,"column":29}},{"start":{"line":40,"column":33},"end":{"line":40,"column":42}}],"line":40},"3":{"loc":{"start":{"line":110,"column":4},"end":{"line":110,"column":25}},"type":"if","locations":[{"start":{"line":110,"column":4},"end":{"line":110,"column":25}},{"start":{},"end":{}}],"line":110},"4":{"loc":{"start":{"line":135,"column":2},"end":{"line":144,"column":3}},"type":"if","locations":[{"start":{"line":135,"column":2},"end":{"line":144,"column":3}},{"start":{},"end":{}}],"line":135},"5":{"loc":{"start":{"line":135,"column":6},"end":{"line":135,"column":31}},"type":"binary-expr","locations":[{"start":{"line":135,"column":6},"end":{"line":135,"column":15}},{"start":{"line":135,"column":19},"end":{"line":135,"column":31}}],"line":135},"6":{"loc":{"start":{"line":143,"column":23},"end":{"line":143,"column":47}},"type":"binary-expr","locations":[{"start":{"line":143,"column":23},"end":{"line":143,"column":39}},{"start":{"line":143,"column":43},"end":{"line":143,"column":47}}],"line":143},"7":{"loc":{"start":{"line":146,"column":2},"end":{"line":169,"column":3}},"type":"if","locations":[{"start":{"line":146,"column":2},"end":{"line":169,"column":3}},{"start":{},"end":{}}],"line":146},"8":{"loc":{"start":{"line":161,"column":4},"end":{"line":165,"column":5}},"type":"if","locations":[{"start":{"line":161,"column":4},"end":{"line":165,"column":5}},{"start":{},"end":{}}],"line":161},"9":{"loc":{"start":{"line":161,"column":8},"end":{"line":161,"column":83}},"type":"binary-expr","locations":[{"start":{"line":161,"column":8},"end":{"line":161,"column":36}},{"start":{"line":161,"column":40},"end":{"line":161,"column":83}}],"line":161},"10":{"loc":{"start":{"line":175,"column":42},"end":{"line":175,"column":62}},"type":"binary-expr","locations":[{"start":{"line":175,"column":42},"end":{"line":175,"column":54}},{"start":{"line":175,"column":58},"end":{"line":175,"column":62}}],"line":175},"11":{"loc":{"start":{"line":175,"column":64},"end":{"line":175,"column":82}},"type":"binary-expr","locations":[{"start":{"line":175,"column":64},"end":{"line":175,"column":74}},{"start":{"line":175,"column":78},"end":{"line":175,"column":82}}],"line":175},"12":{"loc":{"start":{"line":195,"column":2},"end":{"line":197,"column":3}},"type":"if","locations":[{"start":{"line":195,"column":2},"end":{"line":197,"column":3}},{"start":{},"end":{}}],"line":195},"13":{"loc":{"start":{"line":205,"column":4},"end":{"line":209,"column":5}},"type":"if","locations":[{"start":{"line":205,"column":4},"end":{"line":209,"column":5}},{"start":{"line":207,"column":11},"end":{"line":209,"column":5}}],"line":205},"14":{"loc":{"start":{"line":220,"column":2},"end":{"line":222,"column":3}},"type":"if","locations":[{"start":{"line":220,"column":2},"end":{"line":222,"column":3}},{"start":{},"end":{}}],"line":220},"15":{"loc":{"start":{"line":231,"column":4},"end":{"line":233,"column":5}},"type":"if","locations":[{"start":{"line":231,"column":4},"end":{"line":233,"column":5}},{"start":{},"end":{}}],"line":231},"16":{"loc":{"start":{"line":246,"column":4},"end":{"line":256,"column":5}},"type":"if","locations":[{"start":{"line":246,"column":4},"end":{"line":256,"column":5}},{"start":{"line":254,"column":11},"end":{"line":256,"column":5}}],"line":246},"17":{"loc":{"start":{"line":301,"column":4},"end":{"line":308,"column":5}},"type":"if","locations":[{"start":{"line":301,"column":4},"end":{"line":308,"column":5}},{"start":{"line":306,"column":11},"end":{"line":308,"column":5}}],"line":301},"18":{"loc":{"start":{"line":319,"column":2},"end":{"line":323,"column":3}},"type":"if","locations":[{"start":{"line":319,"column":2},"end":{"line":323,"column":3}},{"start":{},"end":{}}],"line":319},"19":{"loc":{"start":{"line":319,"column":6},"end":{"line":319,"column":24}},"type":"binary-expr","locations":[{"start":{"line":319,"column":6},"end":{"line":319,"column":13}},{"start":{"line":319,"column":17},"end":{"line":319,"column":24}}],"line":319},"20":{"loc":{"start":{"line":331,"column":4},"end":{"line":333,"column":5}},"type":"if","locations":[{"start":{"line":331,"column":4},"end":{"line":333,"column":5}},{"start":{},"end":{}}],"line":331},"21":{"loc":{"start":{"line":343,"column":4},"end":{"line":359,"column":5}},"type":"if","locations":[{"start":{"line":343,"column":4},"end":{"line":359,"column":5}},{"start":{},"end":{}}],"line":343},"22":{"loc":{"start":{"line":343,"column":8},"end":{"line":343,"column":76}},"type":"binary-expr","locations":[{"start":{"line":343,"column":8},"end":{"line":343,"column":37}},{"start":{"line":343,"column":41},"end":{"line":343,"column":76}}],"line":343},"23":{"loc":{"start":{"line":374,"column":2},"end":{"line":376,"column":3}},"type":"if","locations":[{"start":{"line":374,"column":2},"end":{"line":376,"column":3}},{"start":{},"end":{}}],"line":374},"24":{"loc":{"start":{"line":378,"column":23},"end":{"line":378,"column":62}},"type":"binary-expr","locations":[{"start":{"line":378,"column":23},"end":{"line":378,"column":37}},{"start":{"line":378,"column":41},"end":{"line":378,"column":62}}],"line":378},"25":{"loc":{"start":{"line":379,"column":23},"end":{"line":379,"column":64}},"type":"binary-expr","locations":[{"start":{"line":379,"column":23},"end":{"line":379,"column":35}},{"start":{"line":379,"column":39},"end":{"line":379,"column":56}},{"start":{"line":379,"column":60},"end":{"line":379,"column":64}}],"line":379},"26":{"loc":{"start":{"line":381,"column":4},"end":{"line":383,"column":26}},"type":"cond-expr","locations":[{"start":{"line":382,"column":8},"end":{"line":382,"column":12}},{"start":{"line":383,"column":8},"end":{"line":383,"column":26}}],"line":381},"27":{"loc":{"start":{"line":381,"column":4},"end":{"line":381,"column":72}},"type":"binary-expr","locations":[{"start":{"line":381,"column":4},"end":{"line":381,"column":28}},{"start":{"line":381,"column":32},"end":{"line":381,"column":51}},{"start":{"line":381,"column":55},"end":{"line":381,"column":72}}],"line":381},"28":{"loc":{"start":{"line":385,"column":2},"end":{"line":387,"column":3}},"type":"if","locations":[{"start":{"line":385,"column":2},"end":{"line":387,"column":3}},{"start":{},"end":{}}],"line":385},"29":{"loc":{"start":{"line":385,"column":6},"end":{"line":385,"column":63}},"type":"binary-expr","locations":[{"start":{"line":385,"column":6},"end":{"line":385,"column":30}},{"start":{"line":385,"column":34},"end":{"line":385,"column":63}}],"line":385},"30":{"loc":{"start":{"line":405,"column":20},"end":{"line":405,"column":49}},"type":"binary-expr","locations":[{"start":{"line":405,"column":20},"end":{"line":405,"column":41}},{"start":{"line":405,"column":45},"end":{"line":405,"column":49}}],"line":405},"31":{"loc":{"start":{"line":418,"column":4},"end":{"line":420,"column":5}},"type":"if","locations":[{"start":{"line":418,"column":4},"end":{"line":420,"column":5}},{"start":{},"end":{}}],"line":418},"32":{"loc":{"start":{"line":418,"column":8},"end":{"line":418,"column":87}},"type":"binary-expr","locations":[{"start":{"line":418,"column":8},"end":{"line":418,"column":45}},{"start":{"line":418,"column":49},"end":{"line":418,"column":87}}],"line":418},"33":{"loc":{"start":{"line":422,"column":4},"end":{"line":424,"column":5}},"type":"if","locations":[{"start":{"line":422,"column":4},"end":{"line":424,"column":5}},{"start":{},"end":{}}],"line":422},"34":{"loc":{"start":{"line":447,"column":25},"end":{"line":447,"column":47}},"type":"binary-expr","locations":[{"start":{"line":447,"column":25},"end":{"line":447,"column":41}},{"start":{"line":447,"column":45},"end":{"line":447,"column":47}}],"line":447},"35":{"loc":{"start":{"line":448,"column":2},"end":{"line":448,"column":37}},"type":"if","locations":[{"start":{"line":448,"column":2},"end":{"line":448,"column":37}},{"start":{},"end":{}}],"line":448},"36":{"loc":{"start":{"line":448,"column":6},"end":{"line":448,"column":25}},"type":"binary-expr","locations":[{"start":{"line":448,"column":6},"end":{"line":448,"column":12}},{"start":{"line":448,"column":16},"end":{"line":448,"column":25}}],"line":448},"37":{"loc":{"start":{"line":449,"column":2},"end":{"line":449,"column":27}},"type":"if","locations":[{"start":{"line":449,"column":2},"end":{"line":449,"column":27}},{"start":{},"end":{}}],"line":449},"38":{"loc":{"start":{"line":450,"column":2},"end":{"line":450,"column":27}},"type":"if","locations":[{"start":{"line":450,"column":2},"end":{"line":450,"column":27}},{"start":{},"end":{}}],"line":450},"39":{"loc":{"start":{"line":460,"column":2},"end":{"line":462,"column":3}},"type":"if","locations":[{"start":{"line":460,"column":2},"end":{"line":462,"column":3}},{"start":{},"end":{}}],"line":460},"40":{"loc":{"start":{"line":476,"column":4},"end":{"line":478,"column":5}},"type":"if","locations":[{"start":{"line":476,"column":4},"end":{"line":478,"column":5}},{"start":{},"end":{}}],"line":476},"41":{"loc":{"start":{"line":488,"column":20},"end":{"line":492,"column":5}},"type":"binary-expr","locations":[{"start":{"line":488,"column":20},"end":{"line":488,"column":41}},{"start":{"line":488,"column":45},"end":{"line":492,"column":5}}],"line":488},"42":{"loc":{"start":{"line":501,"column":19},"end":{"line":501,"column":42}},"type":"binary-expr","locations":[{"start":{"line":501,"column":19},"end":{"line":501,"column":35}},{"start":{"line":501,"column":40},"end":{"line":501,"column":42}}],"line":501},"43":{"loc":{"start":{"line":502,"column":19},"end":{"line":502,"column":42}},"type":"binary-expr","locations":[{"start":{"line":502,"column":19},"end":{"line":502,"column":33}},{"start":{"line":502,"column":40},"end":{"line":502,"column":42}}],"line":502},"44":{"loc":{"start":{"line":503,"column":19},"end":{"line":503,"column":42}},"type":"binary-expr","locations":[{"start":{"line":503,"column":19},"end":{"line":503,"column":31}},{"start":{"line":503,"column":40},"end":{"line":503,"column":42}}],"line":503},"45":{"loc":{"start":{"line":504,"column":19},"end":{"line":504,"column":44}},"type":"binary-expr","locations":[{"start":{"line":504,"column":19},"end":{"line":504,"column":33}},{"start":{"line":504,"column":40},"end":{"line":504,"column":44}}],"line":504},"46":{"loc":{"start":{"line":507,"column":31},"end":{"line":507,"column":53}},"type":"binary-expr","locations":[{"start":{"line":507,"column":31},"end":{"line":507,"column":45}},{"start":{"line":507,"column":49},"end":{"line":507,"column":53}}],"line":507},"47":{"loc":{"start":{"line":511,"column":21},"end":{"line":511,"column":67}},"type":"binary-expr","locations":[{"start":{"line":511,"column":21},"end":{"line":511,"column":50}},{"start":{"line":511,"column":54},"end":{"line":511,"column":67}}],"line":511},"48":{"loc":{"start":{"line":512,"column":21},"end":{"line":512,"column":95}},"type":"binary-expr","locations":[{"start":{"line":512,"column":21},"end":{"line":512,"column":78}},{"start":{"line":512,"column":82},"end":{"line":512,"column":95}}],"line":512},"49":{"loc":{"start":{"line":541,"column":2},"end":{"line":543,"column":3}},"type":"if","locations":[{"start":{"line":541,"column":2},"end":{"line":543,"column":3}},{"start":{},"end":{}}],"line":541},"50":{"loc":{"start":{"line":553,"column":4},"end":{"line":553,"column":113}},"type":"if","locations":[{"start":{"line":553,"column":4},"end":{"line":553,"column":113}},{"start":{},"end":{}}],"line":553},"51":{"loc":{"start":{"line":554,"column":4},"end":{"line":554,"column":115}},"type":"if","locations":[{"start":{"line":554,"column":4},"end":{"line":554,"column":115}},{"start":{},"end":{}}],"line":554},"52":{"loc":{"start":{"line":555,"column":4},"end":{"line":555,"column":113}},"type":"if","locations":[{"start":{"line":555,"column":4},"end":{"line":555,"column":113}},{"start":{},"end":{}}],"line":555},"53":{"loc":{"start":{"line":556,"column":4},"end":{"line":556,"column":111}},"type":"if","locations":[{"start":{"line":556,"column":4},"end":{"line":556,"column":111}},{"start":{},"end":{}}],"line":556},"54":{"loc":{"start":{"line":557,"column":4},"end":{"line":557,"column":128}},"type":"if","locations":[{"start":{"line":557,"column":4},"end":{"line":557,"column":128}},{"start":{},"end":{}}],"line":557},"55":{"loc":{"start":{"line":558,"column":4},"end":{"line":558,"column":113}},"type":"if","locations":[{"start":{"line":558,"column":4},"end":{"line":558,"column":113}},{"start":{},"end":{}}],"line":558},"56":{"loc":{"start":{"line":560,"column":4},"end":{"line":562,"column":5}},"type":"if","locations":[{"start":{"line":560,"column":4},"end":{"line":562,"column":5}},{"start":{},"end":{}}],"line":560},"57":{"loc":{"start":{"line":576,"column":4},"end":{"line":578,"column":5}},"type":"if","locations":[{"start":{"line":576,"column":4},"end":{"line":578,"column":5}},{"start":{},"end":{}}],"line":576},"58":{"loc":{"start":{"line":588,"column":19},"end":{"line":588,"column":35}},"type":"binary-expr","locations":[{"start":{"line":588,"column":19},"end":{"line":588,"column":29}},{"start":{"line":588,"column":33},"end":{"line":588,"column":35}}],"line":588},"59":{"loc":{"start":{"line":589,"column":19},"end":{"line":589,"column":35}},"type":"binary-expr","locations":[{"start":{"line":589,"column":19},"end":{"line":589,"column":27}},{"start":{"line":589,"column":33},"end":{"line":589,"column":35}}],"line":589},"60":{"loc":{"start":{"line":590,"column":19},"end":{"line":590,"column":35}},"type":"binary-expr","locations":[{"start":{"line":590,"column":19},"end":{"line":590,"column":25}},{"start":{"line":590,"column":33},"end":{"line":590,"column":35}}],"line":590},"61":{"loc":{"start":{"line":591,"column":19},"end":{"line":591,"column":37}},"type":"binary-expr","locations":[{"start":{"line":591,"column":19},"end":{"line":591,"column":27}},{"start":{"line":591,"column":33},"end":{"line":591,"column":37}}],"line":591},"62":{"loc":{"start":{"line":594,"column":31},"end":{"line":594,"column":47}},"type":"binary-expr","locations":[{"start":{"line":594,"column":31},"end":{"line":594,"column":39}},{"start":{"line":594,"column":43},"end":{"line":594,"column":47}}],"line":594},"63":{"loc":{"start":{"line":607,"column":2},"end":{"line":609,"column":3}},"type":"if","locations":[{"start":{"line":607,"column":2},"end":{"line":609,"column":3}},{"start":{},"end":{}}],"line":607},"64":{"loc":{"start":{"line":611,"column":2},"end":{"line":613,"column":3}},"type":"if","locations":[{"start":{"line":611,"column":2},"end":{"line":613,"column":3}},{"start":{},"end":{}}],"line":611},"65":{"loc":{"start":{"line":616,"column":4},"end":{"line":618,"column":26}},"type":"cond-expr","locations":[{"start":{"line":617,"column":8},"end":{"line":617,"column":12}},{"start":{"line":618,"column":8},"end":{"line":618,"column":26}}],"line":616},"66":{"loc":{"start":{"line":616,"column":4},"end":{"line":616,"column":72}},"type":"binary-expr","locations":[{"start":{"line":616,"column":4},"end":{"line":616,"column":28}},{"start":{"line":616,"column":32},"end":{"line":616,"column":51}},{"start":{"line":616,"column":55},"end":{"line":616,"column":72}}],"line":616},"67":{"loc":{"start":{"line":620,"column":2},"end":{"line":622,"column":3}},"type":"if","locations":[{"start":{"line":620,"column":2},"end":{"line":622,"column":3}},{"start":{},"end":{}}],"line":620},"68":{"loc":{"start":{"line":620,"column":6},"end":{"line":620,"column":63}},"type":"binary-expr","locations":[{"start":{"line":620,"column":6},"end":{"line":620,"column":30}},{"start":{"line":620,"column":34},"end":{"line":620,"column":63}}],"line":620},"69":{"loc":{"start":{"line":643,"column":12},"end":{"line":643,"column":24}},"type":"binary-expr","locations":[{"start":{"line":643,"column":12},"end":{"line":643,"column":16}},{"start":{"line":643,"column":20},"end":{"line":643,"column":24}}],"line":643},"70":{"loc":{"start":{"line":646,"column":20},"end":{"line":646,"column":49}},"type":"binary-expr","locations":[{"start":{"line":646,"column":20},"end":{"line":646,"column":41}},{"start":{"line":646,"column":45},"end":{"line":646,"column":49}}],"line":646},"71":{"loc":{"start":{"line":670,"column":2},"end":{"line":672,"column":3}},"type":"if","locations":[{"start":{"line":670,"column":2},"end":{"line":672,"column":3}},{"start":{},"end":{}}],"line":670},"72":{"loc":{"start":{"line":696,"column":2},"end":{"line":698,"column":3}},"type":"if","locations":[{"start":{"line":696,"column":2},"end":{"line":698,"column":3}},{"start":{},"end":{}}],"line":696},"73":{"loc":{"start":{"line":700,"column":2},"end":{"line":702,"column":3}},"type":"if","locations":[{"start":{"line":700,"column":2},"end":{"line":702,"column":3}},{"start":{},"end":{}}],"line":700},"74":{"loc":{"start":{"line":714,"column":4},"end":{"line":716,"column":5}},"type":"if","locations":[{"start":{"line":714,"column":4},"end":{"line":716,"column":5}},{"start":{},"end":{}}],"line":714},"75":{"loc":{"start":{"line":720,"column":4},"end":{"line":724,"column":5}},"type":"if","locations":[{"start":{"line":720,"column":4},"end":{"line":724,"column":5}},{"start":{},"end":{}}],"line":720},"76":{"loc":{"start":{"line":741,"column":2},"end":{"line":743,"column":3}},"type":"if","locations":[{"start":{"line":741,"column":2},"end":{"line":743,"column":3}},{"start":{},"end":{}}],"line":741},"77":{"loc":{"start":{"line":752,"column":4},"end":{"line":754,"column":5}},"type":"if","locations":[{"start":{"line":752,"column":4},"end":{"line":754,"column":5}},{"start":{},"end":{}}],"line":752},"78":{"loc":{"start":{"line":764,"column":4},"end":{"line":771,"column":5}},"type":"if","locations":[{"start":{"line":764,"column":4},"end":{"line":771,"column":5}},{"start":{},"end":{}}],"line":764},"79":{"loc":{"start":{"line":790,"column":2},"end":{"line":792,"column":3}},"type":"if","locations":[{"start":{"line":790,"column":2},"end":{"line":792,"column":3}},{"start":{},"end":{}}],"line":790},"80":{"loc":{"start":{"line":801,"column":4},"end":{"line":803,"column":5}},"type":"if","locations":[{"start":{"line":801,"column":4},"end":{"line":803,"column":5}},{"start":{},"end":{}}],"line":801},"81":{"loc":{"start":{"line":815,"column":4},"end":{"line":832,"column":5}},"type":"if","locations":[{"start":{"line":815,"column":4},"end":{"line":832,"column":5}},{"start":{"line":823,"column":11},"end":{"line":832,"column":5}}],"line":815},"82":{"loc":{"start":{"line":821,"column":32},"end":{"line":821,"column":43}},"type":"binary-expr","locations":[{"start":{"line":821,"column":32},"end":{"line":821,"column":37}},{"start":{"line":821,"column":41},"end":{"line":821,"column":43}}],"line":821},"83":{"loc":{"start":{"line":821,"column":46},"end":{"line":821,"column":65}},"type":"binary-expr","locations":[{"start":{"line":821,"column":46},"end":{"line":821,"column":60}},{"start":{"line":821,"column":64},"end":{"line":821,"column":65}}],"line":821},"84":{"loc":{"start":{"line":821,"column":67},"end":{"line":821,"column":86}},"type":"binary-expr","locations":[{"start":{"line":821,"column":67},"end":{"line":821,"column":77}},{"start":{"line":821,"column":81},"end":{"line":821,"column":86}}],"line":821},"85":{"loc":{"start":{"line":830,"column":24},"end":{"line":830,"column":35}},"type":"binary-expr","locations":[{"start":{"line":830,"column":24},"end":{"line":830,"column":29}},{"start":{"line":830,"column":33},"end":{"line":830,"column":35}}],"line":830},"86":{"loc":{"start":{"line":830,"column":38},"end":{"line":830,"column":57}},"type":"binary-expr","locations":[{"start":{"line":830,"column":38},"end":{"line":830,"column":52}},{"start":{"line":830,"column":56},"end":{"line":830,"column":57}}],"line":830},"87":{"loc":{"start":{"line":830,"column":59},"end":{"line":830,"column":78}},"type":"binary-expr","locations":[{"start":{"line":830,"column":59},"end":{"line":830,"column":69}},{"start":{"line":830,"column":73},"end":{"line":830,"column":78}}],"line":830},"88":{"loc":{"start":{"line":835,"column":4},"end":{"line":858,"column":5}},"type":"if","locations":[{"start":{"line":835,"column":4},"end":{"line":858,"column":5}},{"start":{},"end":{}}],"line":835},"89":{"loc":{"start":{"line":841,"column":6},"end":{"line":857,"column":7}},"type":"if","locations":[{"start":{"line":841,"column":6},"end":{"line":857,"column":7}},{"start":{},"end":{}}],"line":841},"90":{"loc":{"start":{"line":841,"column":10},"end":{"line":841,"column":70}},"type":"binary-expr","locations":[{"start":{"line":841,"column":10},"end":{"line":841,"column":35}},{"start":{"line":841,"column":39},"end":{"line":841,"column":70}}],"line":841},"91":{"loc":{"start":{"line":891,"column":2},"end":{"line":893,"column":3}},"type":"if","locations":[{"start":{"line":891,"column":2},"end":{"line":893,"column":3}},{"start":{},"end":{}}],"line":891},"92":{"loc":{"start":{"line":895,"column":2},"end":{"line":897,"column":3}},"type":"if","locations":[{"start":{"line":895,"column":2},"end":{"line":897,"column":3}},{"start":{},"end":{}}],"line":895},"93":{"loc":{"start":{"line":905,"column":4},"end":{"line":907,"column":5}},"type":"if","locations":[{"start":{"line":905,"column":4},"end":{"line":907,"column":5}},{"start":{},"end":{}}],"line":905},"94":{"loc":{"start":{"line":911,"column":21},"end":{"line":911,"column":55}},"type":"binary-expr","locations":[{"start":{"line":911,"column":21},"end":{"line":911,"column":49}},{"start":{"line":911,"column":53},"end":{"line":911,"column":55}}],"line":911},"95":{"loc":{"start":{"line":912,"column":29},"end":{"line":912,"column":72}},"type":"binary-expr","locations":[{"start":{"line":912,"column":29},"end":{"line":912,"column":37}},{"start":{"line":912,"column":46},"end":{"line":912,"column":63}},{"start":{"line":912,"column":70},"end":{"line":912,"column":72}}],"line":912},"96":{"loc":{"start":{"line":913,"column":29},"end":{"line":913,"column":75}},"type":"binary-expr","locations":[{"start":{"line":913,"column":29},"end":{"line":913,"column":43}},{"start":{"line":913,"column":47},"end":{"line":913,"column":69}},{"start":{"line":913,"column":73},"end":{"line":913,"column":75}}],"line":913},"97":{"loc":{"start":{"line":914,"column":29},"end":{"line":914,"column":81}},"type":"binary-expr","locations":[{"start":{"line":914,"column":29},"end":{"line":914,"column":36}},{"start":{"line":914,"column":47},"end":{"line":914,"column":75}},{"start":{"line":914,"column":79},"end":{"line":914,"column":81}}],"line":914},"98":{"loc":{"start":{"line":915,"column":29},"end":{"line":915,"column":59}},"type":"binary-expr","locations":[{"start":{"line":915,"column":29},"end":{"line":915,"column":35}},{"start":{"line":915,"column":47},"end":{"line":915,"column":59}}],"line":915},"99":{"loc":{"start":{"line":923,"column":4},"end":{"line":951,"column":5}},"type":"if","locations":[{"start":{"line":923,"column":4},"end":{"line":951,"column":5}},{"start":{"line":931,"column":11},"end":{"line":951,"column":5}}],"line":923},"100":{"loc":{"start":{"line":943,"column":6},"end":{"line":950,"column":7}},"type":"if","locations":[{"start":{"line":943,"column":6},"end":{"line":950,"column":7}},{"start":{},"end":{}}],"line":943},"101":{"loc":{"start":{"line":948,"column":10},"end":{"line":948,"column":79}},"type":"binary-expr","locations":[{"start":{"line":948,"column":10},"end":{"line":948,"column":22}},{"start":{"line":948,"column":26},"end":{"line":948,"column":79}}],"line":948}},"s":{"0":1,"1":1,"2":1,"3":1,"4":1,"5":1,"6":1,"7":1,"8":1,"9":1,"10":1,"11":1,"12":1,"13":1,"14":1,"15":14,"16":14,"17":14,"18":14,"19":0,"20":14,"21":1,"22":1,"23":1,"24":1,"25":1,"26":1,"27":1,"28":0,"29":1,"30":1,"31":1,"32":0,"33":1,"34":1,"35":0,"36":1,"37":1,"38":0,"39":1,"40":1,"41":0,"42":1,"43":1,"44":0,"45":0,"46":0,"47":0,"48":0,"49":0,"50":0,"51":0,"52":0,"53":0,"54":0,"55":0,"56":0,"57":0,"58":0,"59":0,"60":0,"61":0,"62":0,"63":0,"64":0,"65":0,"66":1,"67":0,"68":1,"69":1,"70":1,"71":1,"72":2,"73":2,"74":0,"75":2,"76":2,"77":2,"78":1,"79":1,"80":0,"81":0,"82":1,"83":0,"84":0,"85":0,"86":0,"87":0,"88":0,"89":0,"90":0,"91":0,"92":0,"93":0,"94":0,"95":0,"96":0,"97":0,"98":0,"99":1,"100":2,"101":2,"102":2,"103":1,"104":1,"105":1,"106":1,"107":2,"108":2,"109":2,"110":2,"111":1,"112":1,"113":0,"114":0,"115":1,"116":0,"117":0,"118":0,"119":0,"120":0,"121":0,"122":0,"123":0,"124":0,"125":0,"126":0,"127":0,"128":0,"129":0,"130":0,"131":1,"132":0,"133":0,"134":0,"135":0,"136":0,"137":0,"138":0,"139":0,"140":0,"141":0,"142":0,"143":0,"144":0,"145":0,"146":0,"147":0,"148":0,"149":0,"150":0,"151":0,"152":0,"153":0,"154":0,"155":0,"156":0,"157":1,"158":0,"159":0,"160":0,"161":0,"162":0,"163":0,"164":0,"165":0,"166":1,"167":0,"168":0,"169":0,"170":0,"171":0,"172":0,"173":0,"174":0,"175":0,"176":0,"177":0,"178":0,"179":0,"180":0,"181":0,"182":1,"183":0,"184":0,"185":0,"186":0,"187":0,"188":0,"189":0,"190":0,"191":0,"192":0,"193":0,"194":0,"195":0,"196":0,"197":0,"198":0,"199":0,"200":0,"201":0,"202":0,"203":0,"204":0,"205":0,"206":0,"207":0,"208":0,"209":0,"210":0,"211":0,"212":0,"213":0,"214":0,"215":0,"216":0,"217":0,"218":0,"219":1,"220":0,"221":0,"222":0,"223":0,"224":0,"225":0,"226":0,"227":0,"228":0,"229":0,"230":0,"231":0,"232":0,"233":0,"234":0,"235":0,"236":0,"237":0,"238":0,"239":0,"240":0,"241":0,"242":0,"243":0,"244":1,"245":0,"246":0,"247":0,"248":0,"249":0,"250":0,"251":0,"252":0,"253":0,"254":1,"255":0,"256":0,"257":0,"258":0,"259":0,"260":0,"261":0,"262":0,"263":0,"264":0,"265":0,"266":0,"267":0,"268":0,"269":0,"270":0,"271":0,"272":0,"273":1,"274":0,"275":0,"276":0,"277":0,"278":0,"279":0,"280":0,"281":0,"282":0,"283":0,"284":0,"285":0,"286":0,"287":0,"288":0,"289":1,"290":0,"291":0,"292":0,"293":0,"294":0,"295":0,"296":0,"297":0,"298":0,"299":0,"300":0,"301":0,"302":0,"303":0,"304":0,"305":0,"306":0,"307":0,"308":0,"309":0,"310":1,"311":1,"312":1,"313":0,"314":0,"315":0,"316":0,"317":0,"318":0,"319":0,"320":0,"321":0,"322":0,"323":0,"324":0,"325":0,"326":0,"327":0,"328":0,"329":0,"330":0,"331":0,"332":0,"333":0,"334":0,"335":0,"336":0,"337":0,"338":0,"339":0,"340":1},"f":{"0":14,"1":1,"2":0,"3":1,"4":0,"5":1,"6":0,"7":0,"8":0,"9":0,"10":0,"11":0,"12":0,"13":0,"14":2,"15":0,"16":2,"17":2,"18":0,"19":0,"20":0,"21":0,"22":0,"23":0,"24":0,"25":0,"26":0,"27":0,"28":0,"29":0},"b":{"0":[0,14],"1":[1,1],"2":[1,1],"3":[0,0],"4":[0,0],"5":[0,0],"6":[0,0],"7":[0,0],"8":[0,0],"9":[0,0],"10":[0,0],"11":[0,0],"12":[0,2],"13":[1,1],"14":[0,0],"15":[0,0],"16":[0,0],"17":[1,1],"18":[0,0],"19":[0,0],"20":[0,0],"21":[0,0],"22":[0,0],"23":[0,0],"24":[0,0],"25":[0,0,0],"26":[0,0],"27":[0,0,0],"28":[0,0],"29":[0,0],"30":[0,0],"31":[0,0],"32":[0,0],"33":[0,0],"34":[0,0],"35":[0,0],"36":[0,0],"37":[0,0],"38":[0,0],"39":[0,0],"40":[0,0],"41":[0,0],"42":[0,0],"43":[0,0],"44":[0,0],"45":[0,0],"46":[0,0],"47":[0,0],"48":[0,0],"49":[0,0],"50":[0,0],"51":[0,0],"52":[0,0],"53":[0,0],"54":[0,0],"55":[0,0],"56":[0,0],"57":[0,0],"58":[0,0],"59":[0,0],"60":[0,0],"61":[0,0],"62":[0,0],"63":[0,0],"64":[0,0],"65":[0,0],"66":[0,0,0],"67":[0,0],"68":[0,0],"69":[0,0],"70":[0,0],"71":[0,0],"72":[0,0],"73":[0,0],"74":[0,0],"75":[0,0],"76":[0,0],"77":[0,0],"78":[0,0],"79":[0,0],"80":[0,0],"81":[0,0],"82":[0,0],"83":[0,0],"84":[0,0],"85":[0,0],"86":[0,0],"87":[0,0],"88":[0,0],"89":[0,0],"90":[0,0],"91":[0,0],"92":[0,0],"93":[0,0],"94":[0,0],"95":[0,0,0],"96":[0,0,0],"97":[0,0,0],"98":[0,0],"99":[0,0],"100":[0,0],"101":[0,0]},"_coverageSchema":"1a1c01bbd47fc00a2c39e90264f33305004495a9","hash":"326ebfb05600ee4d7ac2bb9272c700a902c99783"}
,"C:\\Users\\norma\\OneDrive\\Documentos\\Semestre VI\\Software\\Software_Proyecto\\visa-app\\backend\\controllers\\interviewSessionController.js": {"path":"C:\\Users\\norma\\OneDrive\\Documentos\\Semestre VI\\Software\\Software_Proyecto\\visa-app\\backend\\controllers\\interviewSessionController.js","statementMap":{"0":{"start":{"line":3,"column":19},"end":{"line":3,"column":42}},"1":{"start":{"line":5,"column":6},"end":{"line":5,"column":75}},"2":{"start":{"line":7,"column":4},"end":{"line":9,"column":5}},"3":{"start":{"line":8,"column":6},"end":{"line":8,"column":55}},"4":{"start":{"line":11,"column":4},"end":{"line":11,"column":55}},"5":{"start":{"line":15,"column":4},"end":{"line":27,"column":5}},"6":{"start":{"line":16,"column":22},"end":{"line":19,"column":7}},"7":{"start":{"line":21,"column":6},"end":{"line":24,"column":9}},"8":{"start":{"line":26,"column":6},"end":{"line":26,"column":37}},"9":{"start":{"line":31,"column":4},"end":{"line":38,"column":5}},"10":{"start":{"line":32,"column":23},"end":{"line":34,"column":8}},"11":{"start":{"line":35,"column":6},"end":{"line":35,"column":36}},"12":{"start":{"line":37,"column":6},"end":{"line":37,"column":37}},"13":{"start":{"line":42,"column":4},"end":{"line":49,"column":5}},"14":{"start":{"line":43,"column":23},"end":{"line":45,"column":7}},"15":{"start":{"line":46,"column":6},"end":{"line":46,"column":36}},"16":{"start":{"line":48,"column":6},"end":{"line":48,"column":37}},"17":{"start":{"line":53,"column":4},"end":{"line":58,"column":5}},"18":{"start":{"line":54,"column":22},"end":{"line":54,"column":77}},"19":{"start":{"line":55,"column":6},"end":{"line":55,"column":35}},"20":{"start":{"line":57,"column":6},"end":{"line":57,"column":37}},"21":{"start":{"line":62,"column":4},"end":{"line":74,"column":5}},"22":{"start":{"line":63,"column":22},"end":{"line":66,"column":7}},"23":{"start":{"line":68,"column":6},"end":{"line":71,"column":9}},"24":{"start":{"line":73,"column":6},"end":{"line":73,"column":37}},"25":{"start":{"line":77,"column":2},"end":{"line":83,"column":4}},"26":{"start":{"line":86,"column":0},"end":{"line":86,"column":50}}},"fnMap":{"0":{"name":"createInterviewSessionController","decl":{"start":{"line":1,"column":9},"end":{"line":1,"column":41}},"loc":{"start":{"line":1,"column":67},"end":{"line":84,"column":1}},"line":1},"1":{"name":"handleError","decl":{"start":{"line":2,"column":11},"end":{"line":2,"column":22}},"loc":{"start":{"line":2,"column":35},"end":{"line":12,"column":3}},"line":2},"2":{"name":"createSession","decl":{"start":{"line":14,"column":17},"end":{"line":14,"column":30}},"loc":{"start":{"line":14,"column":41},"end":{"line":28,"column":3}},"line":14},"3":{"name":"listSessions","decl":{"start":{"line":30,"column":17},"end":{"line":30,"column":29}},"loc":{"start":{"line":30,"column":40},"end":{"line":39,"column":3}},"line":30},"4":{"name":"listUserSessions","decl":{"start":{"line":41,"column":17},"end":{"line":41,"column":33}},"loc":{"start":{"line":41,"column":44},"end":{"line":50,"column":3}},"line":41},"5":{"name":"getSession","decl":{"start":{"line":52,"column":17},"end":{"line":52,"column":27}},"loc":{"start":{"line":52,"column":38},"end":{"line":59,"column":3}},"line":52},"6":{"name":"updateFeedback","decl":{"start":{"line":61,"column":17},"end":{"line":61,"column":31}},"loc":{"start":{"line":61,"column":42},"end":{"line":75,"column":3}},"line":61}},"branchMap":{"0":{"loc":{"start":{"line":3,"column":19},"end":{"line":3,"column":42}},"type":"binary-expr","locations":[{"start":{"line":3,"column":19},"end":{"line":3,"column":35}},{"start":{"line":3,"column":39},"end":{"line":3,"column":42}}],"line":3},"1":{"loc":{"start":{"line":5,"column":6},"end":{"line":5,"column":75}},"type":"cond-expr","locations":[{"start":{"line":5,"column":23},"end":{"line":5,"column":59}},{"start":{"line":5,"column":62},"end":{"line":5,"column":75}}],"line":5},"2":{"loc":{"start":{"line":7,"column":4},"end":{"line":9,"column":5}},"type":"if","locations":[{"start":{"line":7,"column":4},"end":{"line":9,"column":5}},{"start":{},"end":{}}],"line":7},"3":{"loc":{"start":{"line":18,"column":8},"end":{"line":18,"column":23}},"type":"binary-expr","locations":[{"start":{"line":18,"column":8},"end":{"line":18,"column":17}},{"start":{"line":18,"column":21},"end":{"line":18,"column":23}}],"line":18}},"s":{"0":0,"1":0,"2":0,"3":0,"4":0,"5":1,"6":1,"7":1,"8":0,"9":0,"10":0,"11":0,"12":0,"13":0,"14":0,"15":0,"16":0,"17":0,"18":0,"19":0,"20":0,"21":1,"22":1,"23":1,"24":0,"25":1,"26":1},"f":{"0":1,"1":0,"2":1,"3":0,"4":0,"5":0,"6":1},"b":{"0":[0,0],"1":[0,0],"2":[0,0],"3":[1,0]},"_coverageSchema":"1a1c01bbd47fc00a2c39e90264f33305004495a9","hash":"8e5519138643a86cc29809e4b4c87e9a246c5924"}
,"C:\\Users\\norma\\OneDrive\\Documentos\\Semestre VI\\Software\\Software_Proyecto\\visa-app\\backend\\controllers\\notificacionController.js": {"path":"C:\\Users\\norma\\OneDrive\\Documentos\\Semestre VI\\Software\\Software_Proyecto\\visa-app\\backend\\controllers\\notificacionController.js","statementMap":{"0":{"start":{"line":3,"column":19},"end":{"line":3,"column":42}},"1":{"start":{"line":5,"column":6},"end":{"line":5,"column":81}},"2":{"start":{"line":7,"column":4},"end":{"line":9,"column":5}},"3":{"start":{"line":8,"column":6},"end":{"line":8,"column":50}},"4":{"start":{"line":11,"column":4},"end":{"line":11,"column":55}},"5":{"start":{"line":15,"column":4},"end":{"line":20,"column":5}},"6":{"start":{"line":16,"column":29},"end":{"line":16,"column":90}},"7":{"start":{"line":17,"column":6},"end":{"line":17,"column":42}},"8":{"start":{"line":19,"column":6},"end":{"line":19,"column":37}},"9":{"start":{"line":24,"column":4},"end":{"line":29,"column":5}},"10":{"start":{"line":25,"column":20},"end":{"line":25,"column":79}},"11":{"start":{"line":26,"column":6},"end":{"line":26,"column":33}},"12":{"start":{"line":28,"column":6},"end":{"line":28,"column":37}},"13":{"start":{"line":33,"column":4},"end":{"line":42,"column":5}},"14":{"start":{"line":34,"column":25},"end":{"line":34,"column":33}},"15":{"start":{"line":35,"column":6},"end":{"line":37,"column":7}},"16":{"start":{"line":36,"column":8},"end":{"line":36,"column":78}},"17":{"start":{"line":38,"column":27},"end":{"line":38,"column":87}},"18":{"start":{"line":39,"column":6},"end":{"line":39,"column":84}},"19":{"start":{"line":41,"column":6},"end":{"line":41,"column":37}},"20":{"start":{"line":46,"column":4},"end":{"line":54,"column":5}},"21":{"start":{"line":47,"column":27},"end":{"line":47,"column":89}},"22":{"start":{"line":48,"column":6},"end":{"line":51,"column":9}},"23":{"start":{"line":53,"column":6},"end":{"line":53,"column":37}},"24":{"start":{"line":58,"column":4},"end":{"line":76,"column":5}},"25":{"start":{"line":59,"column":66},"end":{"line":59,"column":74}},"26":{"start":{"line":60,"column":6},"end":{"line":62,"column":7}},"27":{"start":{"line":61,"column":8},"end":{"line":61,"column":67}},"28":{"start":{"line":63,"column":27},"end":{"line":69,"column":8}},"29":{"start":{"line":70,"column":6},"end":{"line":73,"column":9}},"30":{"start":{"line":75,"column":6},"end":{"line":75,"column":37}},"31":{"start":{"line":79,"column":2},"end":{"line":79,"column":75}},"32":{"start":{"line":82,"column":0},"end":{"line":82,"column":46}}},"fnMap":{"0":{"name":"createNotificacionController","decl":{"start":{"line":1,"column":9},"end":{"line":1,"column":37}},"loc":{"start":{"line":1,"column":59},"end":{"line":80,"column":1}},"line":1},"1":{"name":"handleError","decl":{"start":{"line":2,"column":11},"end":{"line":2,"column":22}},"loc":{"start":{"line":2,"column":35},"end":{"line":12,"column":3}},"line":2},"2":{"name":"listar","decl":{"start":{"line":14,"column":17},"end":{"line":14,"column":23}},"loc":{"start":{"line":14,"column":34},"end":{"line":21,"column":3}},"line":14},"3":{"name":"contarNoLeidas","decl":{"start":{"line":23,"column":17},"end":{"line":23,"column":31}},"loc":{"start":{"line":23,"column":42},"end":{"line":30,"column":3}},"line":23},"4":{"name":"marcarLeida","decl":{"start":{"line":32,"column":17},"end":{"line":32,"column":28}},"loc":{"start":{"line":32,"column":39},"end":{"line":43,"column":3}},"line":32},"5":{"name":"marcarTodasLeidas","decl":{"start":{"line":45,"column":17},"end":{"line":45,"column":34}},"loc":{"start":{"line":45,"column":45},"end":{"line":55,"column":3}},"line":45},"6":{"name":"crear","decl":{"start":{"line":57,"column":17},"end":{"line":57,"column":22}},"loc":{"start":{"line":57,"column":33},"end":{"line":77,"column":3}},"line":57}},"branchMap":{"0":{"loc":{"start":{"line":3,"column":19},"end":{"line":3,"column":42}},"type":"binary-expr","locations":[{"start":{"line":3,"column":19},"end":{"line":3,"column":35}},{"start":{"line":3,"column":39},"end":{"line":3,"column":42}}],"line":3},"1":{"loc":{"start":{"line":5,"column":6},"end":{"line":5,"column":81}},"type":"cond-expr","locations":[{"start":{"line":5,"column":23},"end":{"line":5,"column":65}},{"start":{"line":5,"column":68},"end":{"line":5,"column":81}}],"line":5},"2":{"loc":{"start":{"line":7,"column":4},"end":{"line":9,"column":5}},"type":"if","locations":[{"start":{"line":7,"column":4},"end":{"line":9,"column":5}},{"start":{},"end":{}}],"line":7},"3":{"loc":{"start":{"line":35,"column":6},"end":{"line":37,"column":7}},"type":"if","locations":[{"start":{"line":35,"column":6},"end":{"line":37,"column":7}},{"start":{},"end":{}}],"line":35},"4":{"loc":{"start":{"line":60,"column":6},"end":{"line":62,"column":7}},"type":"if","locations":[{"start":{"line":60,"column":6},"end":{"line":62,"column":7}},{"start":{},"end":{}}],"line":60}},"s":{"0":0,"1":0,"2":0,"3":0,"4":0,"5":1,"6":1,"7":1,"8":0,"9":0,"10":0,"11":0,"12":0,"13":1,"14":1,"15":1,"16":0,"17":1,"18":1,"19":0,"20":0,"21":0,"22":0,"23":0,"24":0,"25":0,"26":0,"27":0,"28":0,"29":0,"30":0,"31":1,"32":1},"f":{"0":1,"1":0,"2":1,"3":0,"4":1,"5":0,"6":0},"b":{"0":[0,0],"1":[0,0],"2":[0,0],"3":[0,1],"4":[0,0]},"_coverageSchema":"1a1c01bbd47fc00a2c39e90264f33305004495a9","hash":"1862b2f3664159e6403f02349b1170de6e38e6ca"}
,"C:\\Users\\norma\\OneDrive\\Documentos\\Semestre VI\\Software\\Software_Proyecto\\visa-app\\backend\\controllers\\questionBankController.js": {"path":"C:\\Users\\norma\\OneDrive\\Documentos\\Semestre VI\\Software\\Software_Proyecto\\visa-app\\backend\\controllers\\questionBankController.js","statementMap":{"0":{"start":{"line":3,"column":19},"end":{"line":3,"column":42}},"1":{"start":{"line":5,"column":6},"end":{"line":5,"column":76}},"2":{"start":{"line":7,"column":4},"end":{"line":9,"column":5}},"3":{"start":{"line":8,"column":6},"end":{"line":8,"column":51}},"4":{"start":{"line":11,"column":4},"end":{"line":11,"column":55}},"5":{"start":{"line":15,"column":4},"end":{"line":20,"column":5}},"6":{"start":{"line":16,"column":24},"end":{"line":16,"column":65}},"7":{"start":{"line":17,"column":6},"end":{"line":17,"column":37}},"8":{"start":{"line":19,"column":6},"end":{"line":19,"column":37}},"9":{"start":{"line":24,"column":4},"end":{"line":32,"column":5}},"10":{"start":{"line":25,"column":23},"end":{"line":25,"column":73}},"11":{"start":{"line":26,"column":6},"end":{"line":29,"column":9}},"12":{"start":{"line":31,"column":6},"end":{"line":31,"column":37}},"13":{"start":{"line":36,"column":4},"end":{"line":48,"column":5}},"14":{"start":{"line":37,"column":23},"end":{"line":40,"column":7}},"15":{"start":{"line":42,"column":6},"end":{"line":45,"column":9}},"16":{"start":{"line":47,"column":6},"end":{"line":47,"column":37}},"17":{"start":{"line":52,"column":4},"end":{"line":57,"column":5}},"18":{"start":{"line":53,"column":6},"end":{"line":53,"column":62}},"19":{"start":{"line":54,"column":6},"end":{"line":54,"column":71}},"20":{"start":{"line":56,"column":6},"end":{"line":56,"column":37}},"21":{"start":{"line":60,"column":2},"end":{"line":65,"column":4}},"22":{"start":{"line":68,"column":0},"end":{"line":68,"column":46}}},"fnMap":{"0":{"name":"createQuestionBankController","decl":{"start":{"line":1,"column":9},"end":{"line":1,"column":37}},"loc":{"start":{"line":1,"column":59},"end":{"line":66,"column":1}},"line":1},"1":{"name":"handleError","decl":{"start":{"line":2,"column":11},"end":{"line":2,"column":22}},"loc":{"start":{"line":2,"column":35},"end":{"line":12,"column":3}},"line":2},"2":{"name":"listQuestions","decl":{"start":{"line":14,"column":17},"end":{"line":14,"column":30}},"loc":{"start":{"line":14,"column":41},"end":{"line":21,"column":3}},"line":14},"3":{"name":"createQuestion","decl":{"start":{"line":23,"column":17},"end":{"line":23,"column":31}},"loc":{"start":{"line":23,"column":42},"end":{"line":33,"column":3}},"line":23},"4":{"name":"updateQuestion","decl":{"start":{"line":35,"column":17},"end":{"line":35,"column":31}},"loc":{"start":{"line":35,"column":42},"end":{"line":49,"column":3}},"line":35},"5":{"name":"deleteQuestion","decl":{"start":{"line":51,"column":17},"end":{"line":51,"column":31}},"loc":{"start":{"line":51,"column":42},"end":{"line":58,"column":3}},"line":51}},"branchMap":{"0":{"loc":{"start":{"line":3,"column":19},"end":{"line":3,"column":42}},"type":"binary-expr","locations":[{"start":{"line":3,"column":19},"end":{"line":3,"column":35}},{"start":{"line":3,"column":39},"end":{"line":3,"column":42}}],"line":3},"1":{"loc":{"start":{"line":5,"column":6},"end":{"line":5,"column":76}},"type":"cond-expr","locations":[{"start":{"line":5,"column":23},"end":{"line":5,"column":60}},{"start":{"line":5,"column":63},"end":{"line":5,"column":76}}],"line":5},"2":{"loc":{"start":{"line":7,"column":4},"end":{"line":9,"column":5}},"type":"if","locations":[{"start":{"line":7,"column":4},"end":{"line":9,"column":5}},{"start":{},"end":{}}],"line":7}},"s":{"0":0,"1":0,"2":0,"3":0,"4":0,"5":1,"6":1,"7":1,"8":0,"9":1,"10":1,"11":1,"12":0,"13":1,"14":1,"15":1,"16":0,"17":1,"18":1,"19":1,"20":0,"21":1,"22":1},"f":{"0":1,"1":0,"2":1,"3":1,"4":1,"5":1},"b":{"0":[0,0],"1":[0,0],"2":[0,0]},"_coverageSchema":"1a1c01bbd47fc00a2c39e90264f33305004495a9","hash":"47b7f4b0b81f2babbc72d1c27d5b3168659756d6"}
,"C:\\Users\\norma\\OneDrive\\Documentos\\Semestre VI\\Software\\Software_Proyecto\\visa-app\\backend\\routes\\interviewSessionRoutes.js": {"path":"C:\\Users\\norma\\OneDrive\\Documentos\\Semestre VI\\Software\\Software_Proyecto\\visa-app\\backend\\routes\\interviewSessionRoutes.js","statementMap":{"0":{"start":{"line":1,"column":16},"end":{"line":1,"column":34}},"1":{"start":{"line":2,"column":15},"end":{"line":2,"column":35}},"2":{"start":{"line":3,"column":41},"end":{"line":3,"column":93}},"3":{"start":{"line":4,"column":38},"end":{"line":4,"column":84}},"4":{"start":{"line":7,"column":17},"end":{"line":7,"column":33}},"5":{"start":{"line":8,"column":18},"end":{"line":8,"column":53}},"6":{"start":{"line":9,"column":21},"end":{"line":9,"column":62}},"7":{"start":{"line":11,"column":2},"end":{"line":11,"column":43}},"8":{"start":{"line":12,"column":2},"end":{"line":12,"column":59}},"9":{"start":{"line":13,"column":2},"end":{"line":13,"column":59}},"10":{"start":{"line":14,"column":2},"end":{"line":14,"column":44}},"11":{"start":{"line":15,"column":2},"end":{"line":15,"column":57}},"12":{"start":{"line":17,"column":2},"end":{"line":17,"column":16}},"13":{"start":{"line":20,"column":0},"end":{"line":20,"column":46}}},"fnMap":{"0":{"name":"createInterviewSessionRoutes","decl":{"start":{"line":6,"column":9},"end":{"line":6,"column":37}},"loc":{"start":{"line":6,"column":44},"end":{"line":18,"column":1}},"line":6}},"branchMap":{},"s":{"0":1,"1":1,"2":1,"3":1,"4":1,"5":1,"6":1,"7":1,"8":1,"9":1,"10":1,"11":1,"12":1,"13":1},"f":{"0":1},"b":{},"_coverageSchema":"1a1c01bbd47fc00a2c39e90264f33305004495a9","hash":"4bc8805f5d0bc582ecdc0602d3a5381d2d712a92"}
,"C:\\Users\\norma\\OneDrive\\Documentos\\Semestre VI\\Software\\Software_Proyecto\\visa-app\\backend\\routes\\notificacionRoutes.js": {"path":"C:\\Users\\norma\\OneDrive\\Documentos\\Semestre VI\\Software\\Software_Proyecto\\visa-app\\backend\\routes\\notificacionRoutes.js","statementMap":{"0":{"start":{"line":1,"column":16},"end":{"line":1,"column":34}},"1":{"start":{"line":2,"column":37},"end":{"line":2,"column":85}},"2":{"start":{"line":3,"column":34},"end":{"line":3,"column":76}},"3":{"start":{"line":6,"column":17},"end":{"line":6,"column":33}},"4":{"start":{"line":7,"column":18},"end":{"line":7,"column":49}},"5":{"start":{"line":8,"column":21},"end":{"line":8,"column":58}},"6":{"start":{"line":11,"column":2},"end":{"line":11,"column":37}},"7":{"start":{"line":14,"column":2},"end":{"line":14,"column":62}},"8":{"start":{"line":17,"column":2},"end":{"line":17,"column":44}},"9":{"start":{"line":20,"column":2},"end":{"line":20,"column":50}},"10":{"start":{"line":23,"column":2},"end":{"line":23,"column":66}},"11":{"start":{"line":25,"column":2},"end":{"line":25,"column":16}},"12":{"start":{"line":28,"column":0},"end":{"line":28,"column":42}}},"fnMap":{"0":{"name":"createNotificacionRoutes","decl":{"start":{"line":5,"column":9},"end":{"line":5,"column":33}},"loc":{"start":{"line":5,"column":40},"end":{"line":26,"column":1}},"line":5}},"branchMap":{},"s":{"0":1,"1":1,"2":1,"3":1,"4":1,"5":1,"6":1,"7":1,"8":1,"9":1,"10":1,"11":1,"12":1},"f":{"0":1},"b":{},"_coverageSchema":"1a1c01bbd47fc00a2c39e90264f33305004495a9","hash":"643b9004e1c77ea0d187d5ede57f0af888967716"}
,"C:\\Users\\norma\\OneDrive\\Documentos\\Semestre VI\\Software\\Software_Proyecto\\visa-app\\backend\\routes\\questionBankRoutes.js": {"path":"C:\\Users\\norma\\OneDrive\\Documentos\\Semestre VI\\Software\\Software_Proyecto\\visa-app\\backend\\routes\\questionBankRoutes.js","statementMap":{"0":{"start":{"line":1,"column":16},"end":{"line":1,"column":34}},"1":{"start":{"line":2,"column":37},"end":{"line":2,"column":85}},"2":{"start":{"line":3,"column":38},"end":{"line":3,"column":80}},"3":{"start":{"line":6,"column":17},"end":{"line":6,"column":33}},"4":{"start":{"line":7,"column":18},"end":{"line":7,"column":49}},"5":{"start":{"line":8,"column":21},"end":{"line":8,"column":58}},"6":{"start":{"line":10,"column":2},"end":{"line":10,"column":44}},"7":{"start":{"line":11,"column":2},"end":{"line":11,"column":46}},"8":{"start":{"line":12,"column":2},"end":{"line":12,"column":48}},"9":{"start":{"line":13,"column":2},"end":{"line":13,"column":51}},"10":{"start":{"line":15,"column":2},"end":{"line":15,"column":16}},"11":{"start":{"line":18,"column":0},"end":{"line":18,"column":42}}},"fnMap":{"0":{"name":"createQuestionBankRoutes","decl":{"start":{"line":5,"column":9},"end":{"line":5,"column":33}},"loc":{"start":{"line":5,"column":40},"end":{"line":16,"column":1}},"line":5}},"branchMap":{},"s":{"0":1,"1":1,"2":1,"3":1,"4":1,"5":1,"6":1,"7":1,"8":1,"9":1,"10":1,"11":1},"f":{"0":1},"b":{},"_coverageSchema":"1a1c01bbd47fc00a2c39e90264f33305004495a9","hash":"f1218575b4f07f05589e57ca5c94e5f13d444da6"}
,"C:\\Users\\norma\\OneDrive\\Documentos\\Semestre VI\\Software\\Software_Proyecto\\visa-app\\backend\\services\\interviewSessionService.js": {"path":"C:\\Users\\norma\\OneDrive\\Documentos\\Semestre VI\\Software\\Software_Proyecto\\visa-app\\backend\\services\\interviewSessionService.js","statementMap":{"0":{"start":{"line":1,"column":49},"end":{"line":1,"column":65}},"1":{"start":{"line":5,"column":4},"end":{"line":18,"column":7}},"2":{"start":{"line":22,"column":4},"end":{"line":26,"column":5}},"3":{"start":{"line":23,"column":20},"end":{"line":23,"column":59}},"4":{"start":{"line":24,"column":6},"end":{"line":24,"column":29}},"5":{"start":{"line":25,"column":6},"end":{"line":25,"column":18}},"6":{"start":{"line":28,"column":4},"end":{"line":28,"column":58}},"7":{"start":{"line":28,"column":40},"end":{"line":28,"column":58}},"8":{"start":{"line":30,"column":4},"end":{"line":36,"column":5}},"9":{"start":{"line":31,"column":6},"end":{"line":31,"column":36}},"10":{"start":{"line":33,"column":20},"end":{"line":33,"column":59}},"11":{"start":{"line":34,"column":6},"end":{"line":34,"column":29}},"12":{"start":{"line":35,"column":6},"end":{"line":35,"column":18}},"13":{"start":{"line":41,"column":6},"end":{"line":43,"column":25}},"14":{"start":{"line":45,"column":4},"end":{"line":49,"column":5}},"15":{"start":{"line":46,"column":20},"end":{"line":46,"column":58}},"16":{"start":{"line":47,"column":6},"end":{"line":47,"column":29}},"17":{"start":{"line":48,"column":6},"end":{"line":48,"column":18}},"18":{"start":{"line":51,"column":4},"end":{"line":55,"column":6}},"19":{"start":{"line":59,"column":4},"end":{"line":63,"column":5}},"20":{"start":{"line":60,"column":20},"end":{"line":60,"column":65}},"21":{"start":{"line":61,"column":6},"end":{"line":61,"column":29}},"22":{"start":{"line":62,"column":6},"end":{"line":62,"column":18}},"23":{"start":{"line":65,"column":4},"end":{"line":70,"column":8}},"24":{"start":{"line":65,"column":47},"end":{"line":70,"column":5}},"25":{"start":{"line":74,"column":4},"end":{"line":74,"column":25}},"26":{"start":{"line":76,"column":20},"end":{"line":76,"column":51}},"27":{"start":{"line":77,"column":17},"end":{"line":77,"column":44}},"28":{"start":{"line":78,"column":22},"end":{"line":78,"column":59}},"29":{"start":{"line":79,"column":25},"end":{"line":79,"column":27}},"30":{"start":{"line":81,"column":4},"end":{"line":131,"column":5}},"31":{"start":{"line":82,"column":24},"end":{"line":82,"column":26}},"32":{"start":{"line":84,"column":6},"end":{"line":109,"column":7}},"33":{"start":{"line":85,"column":26},"end":{"line":87,"column":9}},"34":{"start":{"line":86,"column":20},"end":{"line":86,"column":61}},"35":{"start":{"line":88,"column":20},"end":{"line":88,"column":24}},"36":{"start":{"line":90,"column":8},"end":{"line":102,"column":9}},"37":{"start":{"line":91,"column":32},"end":{"line":94,"column":12}},"38":{"start":{"line":95,"column":10},"end":{"line":95,"column":47}},"39":{"start":{"line":96,"column":10},"end":{"line":101,"column":12}},"40":{"start":{"line":104,"column":8},"end":{"line":108,"column":11}},"41":{"start":{"line":111,"column":21},"end":{"line":118,"column":7}},"42":{"start":{"line":120,"column":6},"end":{"line":120,"column":28}},"43":{"start":{"line":122,"column":6},"end":{"line":128,"column":8}},"44":{"start":{"line":124,"column":10},"end":{"line":126,"column":12}},"45":{"start":{"line":125,"column":12},"end":{"line":125,"column":74}},"46":{"start":{"line":130,"column":6},"end":{"line":130,"column":18}},"47":{"start":{"line":135,"column":4},"end":{"line":135,"column":25}
[...]
5}},"35":{"start":{"line":113,"column":4},"end":{"line":113,"column":30}},"36":{"start":{"line":117,"column":4},"end":{"line":117,"column":25}},"37":{"start":{"line":118,"column":16},"end":{"line":118,"column":35}},"38":{"start":{"line":120,"column":4},"end":{"line":124,"column":5}},"39":{"start":{"line":121,"column":20},"end":{"line":121,"column":57}},"40":{"start":{"line":122,"column":6},"end":{"line":122,"column":29}},"41":{"start":{"line":123,"column":6},"end":{"line":123,"column":18}},"42":{"start":{"line":126,"column":4},"end":{"line":130,"column":5}},"43":{"start":{"line":127,"column":20},"end":{"line":127,"column":58}},"44":{"start":{"line":128,"column":6},"end":{"line":128,"column":29}},"45":{"start":{"line":129,"column":6},"end":{"line":129,"column":18}},"46":{"start":{"line":132,"column":25},"end":{"line":132,"column":79}},"47":{"start":{"line":133,"column":22},"end":{"line":133,"column":65}},"48":{"start":{"line":135,"column":19},"end":{"line":141,"column":5}},"49":{"start":{"line":143,"column":4},"end":{"line":143,"column":26}},"50":{"start":{"line":147,"column":4},"end":{"line":147,"column":25}},"51":{"start":{"line":148,"column":16},"end":{"line":148,"column":35}},"52":{"start":{"line":150,"column":19},"end":{"line":158,"column":5}},"53":{"start":{"line":160,"column":4},"end":{"line":160,"column":34}},"54":{"start":{"line":163,"column":2},"end":{"line":171,"column":4}},"55":{"start":{"line":174,"column":0},"end":{"line":174,"column":43}}},"fnMap":{"0":{"name":"createNotificacionService","decl":{"start":{"line":1,"column":9},"end":{"line":1,"column":34}},"loc":{"start":{"line":1,"column":41},"end":{"line":172,"column":1}},"line":1},"1":{"name":"ensureSchema","decl":{"start":{"line":2,"column":17},"end":{"line":2,"column":29}},"loc":{"start":{"line":2,"column":32},"end":{"line":26,"column":3}},"line":2},"2":{"name":"parseUserId","decl":{"start":{"line":28,"column":11},"end":{"line":28,"column":22}},"loc":{"start":{"line":28,"column":31},"end":{"line":36,"column":3}},"line":28},"3":{"name":"parseId","decl":{"start":{"line":38,"column":11},"end":{"line":38,"column":18}},"loc":{"start":{"line":38,"column":23},"end":{"line":46,"column":3}},"line":38},"4":{"name":"listarPorUsuario","decl":{"start":{"line":48,"column":17},"end":{"line":48,"column":33}},"loc":{"start":{"line":48,"column":42},"end":{"line":62,"column":3}},"line":48},"5":{"name":"contarNoLeidas","decl":{"start":{"line":64,"column":17},"end":{"line":64,"column":31}},"loc":{"start":{"line":64,"column":40},"end":{"line":76,"column":3}},"line":64},"6":{"name":"marcarLeida","decl":{"start":{"line":78,"column":17},"end":{"line":78,"column":28}},"loc":{"start":{"line":78,"column":41},"end":{"line":99,"column":3}},"line":78},"7":{"name":"marcarTodasLeidas","decl":{"start":{"line":101,"column":17},"end":{"line":101,"column":34}},"loc":{"start":{"line":101,"column":43},"end":{"line":114,"column":3}},"line":101},"8":{"name":"crearNotificacion","decl":{"start":{"line":116,"column":17},"end":{"line":116,"column":34}},"loc":{"start":{"line":116,"column":104},"end":{"line":144,"column":3}},"line":116},"9":{"name":"existeNotificacionEtapa","decl":{"start":{"line":146,"column":17},"end":{"line":146,"column":40}},"loc":{"start":{"line":146,"column":67},"end":{"line":161,"column":3}},"line":146}},"branchMap":{"0":{"loc":{"start":{"line":30,"column":4},"end":{"line":34,"column":5}},"type":"if","locations":[{"start":{"line":30,"column":4},"end":{"line":34,"column":5}},{"start":{},"end":{}}],"line":30},"1":{"loc":{"start":{"line":30,"column":8},"end":{"line":30,"column":43}},"type":"binary-expr","locations":[{"start":{"line":30,"column":8},"end":{"line":30,"column":28}},{"start":{"line":30,"column":32},"end":{"line":30,"column":43}}],"line":30},"2":{"loc":{"start":{"line":40,"column":4},"end":{"line":44,"column":5}},"type":"if","locations":[{"start":{"line":40,"column":4},"end":{"line":44,"column":5}},{"start":{},"end":{}}],"line":40},"3":{"loc":{"start":{"line":40,"column":8},"end":{"line":40,"column":43}},"type":"binary-expr","locations":[{"start":{"line":40,"column":8},"end":{"line":40,"column":28}},{"start":{"line":40,"column":32},"end":{"line":40,"column":43}}],"line":40},"4":{"loc":{"start":{"line":92,"column":4},"end":{"line":96,"column":5}},"type":"if","locations":[{"start":{"line":92,"column":4},"end":{"line":96,"column":5}},{"start":{},"end":{}}],"line":92},"5":{"loc":{"start":{"line":116,"column":62},"end":{"line":116,"column":75}},"type":"default-arg","locations":[{"start":{"line":116,"column":69},"end":{"line":116,"column":75}}],"line":116},"6":{"loc":{"start":{"line":116,"column":77},"end":{"line":116,"column":100}},"type":"default-arg","locations":[{"start":{"line":116,"column":96},"end":{"line":116,"column":100}}],"line":116},"7":{"loc":{"start":{"line":120,"column":4},"end":{"line":124,"column":5}},"type":"if","locations":[{"start":{"line":120,"column":4},"end":{"line":124,"column":5}},{"start":{},"end":{}}],"line":120},"8":{"loc":{"start":{"line":120,"column":8},"end":{"line":120,"column":33}},"type":"binary-expr","locations":[{"start":{"line":120,"column":8},"end":{"line":120,"column":15}},{"start":{"line":120,"column":19},"end":{"line":120,"column":33}}],"line":120},"9":{"loc":{"start":{"line":126,"column":4},"end":{"line":130,"column":5}},"type":"if","locations":[{"start":{"line":126,"column":4},"end":{"line":130,"column":5}},{"start":{},"end":{}}],"line":126},"10":{"loc":{"start":{"line":126,"column":8},"end":{"line":126,"column":35}},"type":"binary-expr","locations":[{"start":{"line":126,"column":8},"end":{"line":126,"column":16}},{"start":{"line":126,"column":20},"end":{"line":126,"column":35}}],"line":126},"11":{"loc":{"start":{"line":133,"column":22},"end":{"line":133,"column":65}},"type":"cond-expr","locations":[{"start":{"line":133,"column":52},"end":{"line":133,"column":56}},{"start":{"line":133,"column":59},"end":{"line":133,"column":65}}],"line":133},"12":{"loc":{"start":{"line":140,"column":54},"end":{"line":140,"column":78}},"type":"binary-expr","locations":[{"start":{"line":140,"column":54},"end":{"line":140,"column":70}},{"start":{"line":140,"column":74},"end":{"line":140,"column":78}}],"line":140}},"s":{"0":3,"1":3,"2":3,"3":2,"4":2,"5":0,"6":0,"7":0,"8":2,"9":1,"10":1,"11":0,"12":0,"13":0,"14":1,"15":1,"16":1,"17":1,"18":1,"19":0,"20":0,"21":0,"22":0,"23":1,"24":1,"25":1,"26":1,"27":1,"28":0,"29":0,"30":0,"31":1,"32":0,"33":0,"34":0,"35":0,"36":0,"37":0,"38":0,"39":0,"40":0,"41":0,"42":0,"43":0,"44":0,"45":0,"46":0,"47":0,"48":0,"49":0,"50":0,"51":0,"52":0,"53":0,"54":2,"55":1},"f":{"0":2,"1":3,"2":2,"3":1,"4":1,"5":0,"6":1,"7":0,"8":0,"9":0},"b":{"0":[0,2],"1":[2,2],"2":[0,1],"3":[1,1],"4":[0,1],"5":[0],"6":[0],"7":[0,0],"8":[0,0],"9":[0,0],"10":[0,0],"11":[0,0],"12":[0,0]},"_coverageSchema":"1a1c01bbd47fc00a2c39e90264f33305004495a9","hash":"8e69030114e80ef4ecf5b89a5ee26d4d10a11dfe"}
,"C:\\Users\\norma\\OneDrive\\Documentos\\Semestre VI\\Software\\Software_Proyecto\\visa-app\\backend\\services\\questionBankService.js": {"path":"C:\\Users\\norma\\OneDrive\\Documentos\\Semestre VI\\Software\\Software_Proyecto\\visa-app\\backend\\services\\questionBankService.js","statementMap":{"0":{"start":{"line":1,"column":19},"end":{"line":10,"column":1}},"1":{"start":{"line":12,"column":21},"end":{"line":12,"column":47}},"2":{"start":{"line":14,"column":23},"end":{"line":105,"column":1}},"3":{"start":{"line":109,"column":4},"end":{"line":118,"column":7}},"4":{"start":{"line":122,"column":4},"end":{"line":122,"column":25}},"5":{"start":{"line":124,"column":21},"end":{"line":124,"column":89}},"6":{"start":{"line":125,"column":4},"end":{"line":125,"column":35}},"7":{"start":{"line":125,"column":28},"end":{"line":125,"column":35}},"8":{"start":{"line":127,"column":19},"end":{"line":127,"column":21}},"9":{"start":{"line":128,"column":25},"end":{"line":132,"column":6}},"10":{"start":{"line":129,"column":21},"end":{"line":129,"column":30}},"11":{"start":{"line":130,"column":6},"end":{"line":130,"column":83}},"12":{"start":{"line":131,"column":6},"end":{"line":131,"column":80}},"13":{"start":{"line":134,"column":4},"end":{"line":138,"column":6}},"14":{"start":{"line":142,"column":23},"end":{"line":142,"column":25}},"15":{"start":{"line":144,"column":4},"end":{"line":151,"column":5}},"16":{"start":{"line":145,"column":6},"end":{"line":145,"column":66}},"17":{"start":{"line":146,"column":6},"end":{"line":150,"column":7}},"18":{"start":{"line":147,"column":22},"end":{"line":147,"column":61}},"19":{"start":{"line":148,"column":8},"end":{"line":148,"column":31}},"20":{"start":{"line":149,"column":8},"end":{"line":149,"column":20}},"21":{"start":{"line":153,"column":4},"end":{"line":161,"column":5}},"22":{"start":{"line":154,"column":23},"end":{"line":154,"column":67}},"23":{"start":{"line":155,"column":6},"end":{"line":159,"column":7}},"24":{"start":{"line":156,"column":22},"end":{"line":156,"column":53}},"25":{"start":{"line":157,"column":8},"end":{"line":157,"column":31}},"26":{"start":{"line":158,"column":8},"end":{"line":158,"column":20}},"27":{"start":{"line":160,"column":6},"end":{"line":160,"column":37}},"28":{"start":{"line":163,"column":4},"end":{"line":171,"column":5}},"29":{"start":{"line":164,"column":25},"end":{"line":164,"column":69}},"30":{"start":{"line":165,"column":6},"end":{"line":169,"column":7}},"31":{"start":{"line":166,"column":22},"end":{"line":166,"column":54}},"32":{"start":{"line":167,"column":8},"end":{"line":167,"column":31}},"33":{"start":{"line":168,"column":8},"end":{"line":168,"column":20}},"34":{"start":{"line":170,"column":6},"end":{"line":170,"column":41}},"35":{"start":{"line":173,"column":4},"end":{"line":179,"column":5}},"36":{"start":{"line":174,"column":6},"end":{"line":178,"column":36}},"37":{"start":{"line":181,"column":4},"end":{"line":181,"column":22}},"38":{"start":{"line":185,"column":4},"end":{"line":185,"column":25}},"39":{"start":{"line":187,"column":19},"end":{"line":191,"column":5}},"40":{"start":{"line":193,"column":4},"end":{"line":193,"column":23}},"41":{"start":{"line":197,"column":4},"end":{"line":197,"column":25}},"42":{"start":{"line":199,"column":17},"end":{"line":199,"column":50}},"43":{"start":{"line":200,"column":19},"end":{"line":205,"column":5}},"44":{"start":{"line":207,"column":4},"end":{"line":207,"column":26}},"45":{"start":{"line":211,"column":4},"end":{"line":211,"column":25}},"46":{"start":{"line":213,"column":23},"end":{"line":213,"column":33}},"47":{"start":{"line":214,"column":4},"end":{"line":218,"column":5}},"48":{"start":{"line":215,"column":20},"end":{"line":215,"column":44}},"49":{"start":{"line":216,"column":6},"end":{"line":216,"column":29}},"50":{"start":{"line":217,"column":6},"end":{"line":217,"column":18}},"51":{"start":{"line":220,"column":17},"end":{"line":220,"column":50}},"52":{"start":{"line":221,"column":19},"end":{"line":230,"column":5}},"53":{"start":{"line":232,"column":4},"end":{"line":236,"column":5}},"54":{"start":{"line":233,"column":20},"end":{"line":233,"column":55}},"55":{"start":{"line":234,"column":6},"end":{"line":234,"column":29}},"56":{"start":{"line":235,"column":6},"end":{"line":235,"column":18}},"57":{"start":{"line":238,"column":4},"end":{"line":238,"column":26}},"58":{"start":{"line":242,"column":4},"end":{"line":242,"column":25}},"59":{"start":{"line":244,"column":23},"end":{"line":244,"column":33}},"60":{"start":{"line":245,"column":4},"end":{"line":249,"column":5}},"61":{"start":{"line":246,"column":20},"end":{"line":246,"column":44}},"62":{"start":{"line":247,"column":6},"end":{"line":247,"column":29}},"63":{"start":{"line":248,"column":6},"end":{"line":248,"column":18}},"64":{"start":{"line":251,"column":19},"end":{"line":256,"column":5}},"65":{"start":{"line":258,"column":4},"end":{"line":262,"column":5}},"66":{"start":{"line":259,"column":20},"end":{"line":259,"column":55}},"67":{"start":{"line":260,"column":6},"end":{"line":260,"column":29}},"68":{"start":{"line":261,"column":6},"end":{"line":261,"column":18}},"69":{"start":{"line":264,"column":4},"end":{"line":264,"column":26}},"70":{"start":{"line":267,"column":2},"end":{"line":274,"column":4}},"71":{"start":{"line":277,"column":0},"end":{"line":282,"column":2}}},"fnMap":{"0":{"name":"createQuestionBankService","decl":{"start":{"line":107,"column":9},"end":{"line":107,"column":34}},"loc":{"start":{"line":107,"column":41},"end":{"line":275,"column":1}},"line":107},"1":{"name":"ensureSchema","decl":{"start":{"line":108,"column":17},"end":{"line":108,"column":29}},"loc":{"start":{"line":108,"column":32},"end":{"line":119,"column":3}},"line":108},"2":{"name":"seedInitialQuestions","decl":{"start":{"line":121,"column":17},"end":{"line":121,"column":37}},"loc":{"start":{"line":121,"column":40},"end":{"line":139,"column":3}},"line":121},"3":{"name":"(anonymous_3)","decl":{"start":{"line":128,"column":44},"end":{"line":128,"column":45}},"loc":{"start":{"line":128,"column":61},"end":{"line":132,"column":5}},"line":128},"4":{"name":"normalizeQuestionPayload","decl":{"start":{"line":141,"column":11},"end":{"line":141,"column":35}},"loc":{"start":{"line":141,"column":76},"end":{"line":182,"column":3}},"line":141},"5":{"name":"listQuestions","decl":{"start":{"line":184,"column":17},"end":{"line":184,"column":30}},"loc":{"start":{"line":184,"column":33},"end":{"line":194,"column":3}},"line":184},"6":{"name":"createQuestion","decl":{"start":{"line":196,"column":17},"end":{"line":196,"column":31}},"loc":{"start":{"line":196,"column":41},"end":{"line":208,"column":3}},"line":196},"7":{"name":"updateQuestion","decl":{"start":{"line":210,"column":17},"end":{"line":210,"column":31}},"loc":{"start":{"line":210,"column":45},"end":{"line":239,"column":3}},"line":210},"8":{"name":"deleteQuestion","decl":{"start":{"line":241,"column":17},"end":{"line":241,"column":31}},"loc":{"start":{"line":241,"column":36},"end":{"line":265,"column":3}},"line":241}},"branchMap":{"0":{"loc":{"start":{"line":125,"column":4},"end":{"line":125,"column":35}},"type":"if","locations":[{"start":{"line":125,"column":4},"end":{"line":125,"column":35}},{"start":{},"end":{}}],"line":125},"1":{"loc":{"start":{"line":141,"column":36},"end":{"line":141,"column":48}},"type":"default-arg","locations":[{"start":{"line":141,"column":46},"end":{"line":141,"column":48}}],"line":141},"2":{"loc":{"start":{"line":141,"column":50},"end":{"line":141,"column":74}},"type":"default-arg","locations":[{"start":{"line":141,"column":72},"end":{"line":141,"column":74}}],"line":141},"3":{"loc":{"start":{"line":141,"column":52},"end":{"line":141,"column":67}},"type":"default-arg","locations":[{"start":{"line":141,"column":62},"end":{"line":141,"column":67}}],"line":141},"4":{"loc":{"start":{"line":144,"column":4},"end":{"line":151,"column":5}},"type":"if","locations":[{"start":{"line":144,"column":4},"end":{"line":151,"column":5}},{"start":{},"end":{}}],"line":144},"5":{"loc":{"start":{"line":144,"column":8},"end":{"line":144,"column":50}},"type":"binary-expr","locations":[{"start":{"line":144,"column":8},"end":{"line":144,"column":16}},{"start":{"line":144,"column":20},"end":{"line":144,"column":50}}],"line":144},"6":{"loc":{"start":{"line":145,"column":35},"end":{"line":145,"column":57}},"type":"binary-expr","locations":[{"start":{"line":145,"column":35},"end":{"line":145,"column":51}},{"start":{"line":145,"column":55},"end":{"line":145,"column":57}}],"line":145},"7":{"loc":{"start":{"line":146,"column":6},"end":{"line":150,"column":7}},"type":"if","locations":[{"start":{"line":146,"column":6},"end":{"line":150,"column":7}},{"start":{},"end":{}}],"line":146},"8":{"loc":{"start":{"line":153,"column":4},"end":{"line":161,"column":5}},"type":"if","locations":[{"start":{"line":153,"column":4},"end":{"line":161,"column":5}},{"start":{},"end":{}}],"line":153},"9":{"loc":{"start":{"line":153,"column":8},"end":{"line":153,"column":50}},"type":"binary-expr","locations":[{"start":{"line":153,"column":8},"end":{"line":153,"column":16}},{"start":{"line":153,"column":20},"end":{"line":153,"column":50}}],"line":153},"10":{"loc":{"start":{"line":154,"column":30},"end":{"line":154,"column":59}},"type":"binary-expr","locations":[{"start":{"line":154,"column":30},"end":{"line":154,"column":46}},{"start":{"line":154,"column":50},"end":{"line":154,"column":59}}],"line":154},"11":{"loc":{"start":{"line":155,"column":6},"end":{"line":159,"column":7}},"type":"if","locations":[{"start":{"line":155,"column":6},"end":{"line":159,"column":7}},{"start":{},"end":{}}],"line":155},"12":{"loc":{"start":{"line":163,"column":4},"end":{"line":171,"column":5}},"type":"if","locations":[{"start":{"line":163,"column":4},"end":{"line":171,"column":5}},{"start":{},"end":{}}],"line":163},"13":{"loc":{"start":{"line":163,"column":8},"end":{"line":163,"column":52}},"type":"binary-expr","locations":[{"start":{"line":163,"column":8},"end":{"line":163,"column":16}},{"start":{"line":163,"column":20},"end":{"line":163,"column":52}}],"line":163},"14":{"loc":{"start":{"line":164,"column":32},"end":{"line":164,"column":61}},"type":"binary-expr","locations":[{"start":{"line":164,"column":32},"end":{"line":164,"column":50}},{"start":{"line":164,"column":54},"end":{"line":164,"column":61}}],"line":164},"15":{"loc":{"start":{"line":165,"column":6},"end":{"line":169,"column":7}},"type":"if","locations":[{"start":{"line":165,"column":6},"end":{"line":169,"column":7}},{"start":{},"end":{}}],"line":165},"16":{"loc":{"start":{"line":173,"column":4},"end":{"line":179,"column":5}},"type":"if","locations":[{"start":{"line":173,"column":4},"end":{"line":179,"column":5}},{"start":{},"end":{}}],"line":173},"17":{"loc":{"start":{"line":173,"column":8},"end":{"line":173,"column":53}},"type":"binary-expr","locations":[{"start":{"line":173,"column":8},"end":{"line":173,"column":16}},{"start":{"line":173,"column":20},"end":{"line":173,"column":53}}],"line":173},"18":{"loc":{"start":{"line":175,"column":8},"end":{"line":178,"column":35}},"type":"binary-expr","locations":[{"start":{"line":175,"column":8},"end":{"line":175,"column":36}},{"start":{"line":176,"column":8},"end":{"line":176,"column":38}},{"start":{"line":177,"column":8},"end":{"line":177,"column":33}},{"start":{"line":178,"column":8},"end":{"line":178,"column":35}}],"line":175},"19":{"loc":{"start":{"line":214,"column":4},"end":{"line":218,"column":5}},"type":"if","locations":[{"start":{"line":214,"column":4},"end":{"line":218,"column":5}},{"start":{},"end":{}}],"line":214},"20":{"loc":{"start":{"line":232,"column":4},"end":{"line":236,"column":5}},"type":"if","locations":[{"start":{"line":232,"column":4},"end":{"line":236,"column":5}},{"start":{},"end":{}}],"line":232},"21":{"loc":{"start":{"line":245,"column":4},"end":{"line":249,"column":5}},"type":"if","locations":[{"start":{"line":245,"column":4},"end":{"line":249,"column":5}},{"start":{},"end":{}}],"line":245},"22":{"loc":{"start":{"line":258,"column":4},"end":{"line":262,"column":5}},"type":"if","locations":[{"start":{"line":258,"column":4},"end":{"line":262,"column":5}},{"start":{},"end":{}}],"line":258}},"s":{"0":1,"1":1,"2":1,"3":5,"4":1,"5":1,"6":1,"7":1,"8":0,"9":0,"10":0,"11":0,"12":0,"13":0,"14":2,"15":2,"16":2,"17":2,"18":0,"19":0,"20":0,"21":2,"22":2,"23":2,"24":0,"25":0,"26":0,"27":2,"28":2,"29":2,"30":2,"31":0,"32":0,"33":0,"34":2,"35":2,"36":2,"37":2,"38":1,"39":1,"40":1,"41":1,"42":1,"43":1,"44":1,"45":1,"46":1,"47":1,"48":0,"49":0,"50":0,"51":1,"52":1,"53":1,"54":0,"55":0,"56":0,"57":1,"58":1,"59":1,"60":1,"61":0,"62":0,"63":0,"64":1,"65":1,"66":0,"67":0,"68":0,"69":1,"70":2,"71":1},"f":{"0":2,"1":5,"2":1,"3":0,"4":2,"5":1,"6":1,"7":1,"8":1},"b":{"0":[1,0],"1":[0],"2":[2],"3":[2],"4":[2,0],"5":[2,0],"6":[2,0],"7":[0,2],"8":[2,0],"9":[2,0],"10":[2,0],"11":[0,2],"12":[2,0],"13":[2,0],"14":[2,0],"15":[0,2],"16":[2,0],"17":[2,0],"18":[2,1,1,1],"19":[0,1],"20":[0,1],"21":[0,1],"22":[0,1]},"_coverageSchema":"1a1c01bbd47fc00a2c39e90264f33305004495a9","hash":"7968a07e4d1f4c25b97eda03a0a018541a2c694d"}
}
