TN:
SF:app.js
FN:22,(anonymous_0)
FN:52,(anonymous_1)
FN:53,(anonymous_2)
FN:55,ensureDocumentSchema
FN:72,(anonymous_4)
FN:76,ensureUserSchema
FN:87,(anonymous_6)
FN:92,(anonymous_7)
FN:97,(anonymous_8)
FN:102,(anonymous_9)
FN:106,notificarCambioEtapa
FN:122,insertDocumento
FN:161,(anonymous_12)
FN:182,(anonymous_13)
FN:191,(anonymous_14)
FN:216,(anonymous_15)
FN:271,(anonymous_16)
FN:291,(anonymous_17)
FN:315,(anonymous_18)
FN:370,(anonymous_19)
FN:440,calcularEtapa
FN:451,(anonymous_21)
FN:524,(anonymous_22)
FN:598,(anonymous_23)
FN:659,(anonymous_24)
FN:684,(anonymous_25)
FN:713,(anonymous_26)
FN:730,(anonymous_27)
FN:779,(anonymous_28)
FN:880,(anonymous_29)
FNF:30
FNH:11
FNDA:17,(anonymous_0)
FNDA:1,(anonymous_1)
FNDA:0,(anonymous_2)
FNDA:1,ensureDocumentSchema
FNDA:0,(anonymous_4)
FNDA:1,ensureUserSchema
FNDA:0,(anonymous_6)
FNDA:0,(anonymous_7)
FNDA:0,(anonymous_8)
FNDA:0,(anonymous_9)
FNDA:0,notificarCambioEtapa
FNDA:1,insertDocumento
FNDA:0,(anonymous_12)
FNDA:0,(anonymous_13)
FNDA:2,(anonymous_14)
FNDA:0,(anonymous_15)
FNDA:2,(anonymous_16)
FNDA:2,(anonymous_17)
FNDA:0,(anonymous_18)
FNDA:1,(anonymous_19)
FNDA:0,calcularEtapa
FNDA:0,(anonymous_21)
FNDA:1,(anonymous_22)
FNDA:0,(anonymous_23)
FNDA:0,(anonymous_24)
FNDA:1,(anonymous_25)
FNDA:0,(anonymous_26)
FNDA:0,(anonymous_27)
FNDA:0,(anonymous_28)
FNDA:0,(anonymous_29)
DA:1,1
DA:3,1
DA:5,1
DA:6,1
DA:7,1
DA:8,1
DA:9,1
DA:10,1
DA:11,1
DA:12,1
DA:13,1
DA:14,1
DA:15,1
DA:17,1
DA:22,1
DA:23,17
DA:24,17
DA:25,17
DA:26,17
DA:27,0
DA:29,17
DA:31,1
DA:33,1
DA:34,1
DA:35,1
DA:38,1
DA:39,1
DA:42,1
DA:50,1
DA:52,1
DA:53,0
DA:56,1
DA:65,1
DA:72,1
DA:73,0
DA:77,1
DA:87,1
DA:88,0
DA:91,1
DA:92,1
DA:93,0
DA:96,1
DA:97,1
DA:98,0
DA:101,1
DA:102,1
DA:103,0
DA:107,0
DA:108,0
DA:109,0
DA:110,0
DA:118,0
DA:130,1
DA:132,1
DA:134,1
DA:135,1
DA:142,1
DA:145,1
DA:146,0
DA:160,0
DA:161,0
DA:162,0
DA:166,0
DA:167,0
DA:170,1
DA:177,1
DA:178,1
DA:182,1
DA:183,0
DA:186,1
DA:187,1
DA:188,1
DA:191,1
DA:192,2
DA:194,2
DA:195,0
DA:198,2
DA:199,2
DA:204,2
DA:205,1
DA:207,1
DA:210,0
DA:211,0
DA:216,1
DA:217,0
DA:219,0
DA:220,0
DA:223,0
DA:225,0
DA:230,0
DA:231,0
DA:234,0
DA:237,0
DA:245,0
DA:246,0
DA:252,0
DA:254,0
DA:257,0
DA:265,0
DA:266,0
DA:271,1
DA:272,2
DA:274,2
DA:275,2
DA:280,1
DA:285,1
DA:286,1
DA:291,1
DA:292,2
DA:294,2
DA:295,2
DA:300,2
DA:301,1
DA:306,1
DA:309,0
DA:310,0
DA:315,1
DA:316,0
DA:318,0
DA:319,0
DA:324,0
DA:325,0
DA:330,0
DA:331,0
DA:334,0
DA:337,0
DA:342,0
DA:343,0
DA:352,0
DA:360,0
DA:365,0
DA:366,0
DA:370,1
DA:371,1
DA:373,1
DA:374,0
DA:377,1
DA:378,1
DA:380,1
DA:384,1
DA:385,0
DA:390,1
DA:391,1
DA:394,1
DA:403,1
DA:410,0
DA:412,0
DA:413,0
DA:416,0
DA:417,0
DA:420,0
DA:421,0
DA:423,0
DA:426,0
DA:430,1
DA:441,0
DA:442,0
DA:443,0
DA:444,0
DA:445,0
DA:451,1
DA:452,0
DA:454,0
DA:455,0
DA:458,0
DA:459,0
DA:461,0
DA:470,0
DA:471,0
DA:474,0
DA:477,0
DA:482,0
DA:488,0
DA:490,0
DA:515,0
DA:516,0
DA:524,1
DA:533,1
DA:535,1
DA:536,0
DA:539,1
DA:540,1
DA:543,1
DA:544,1
DA:545,1
DA:547,1
DA:548,1
DA:549,1
DA:550,1
DA:551,1
DA:552,1
DA:554,1
DA:555,0
DA:558,1
DA:560,1
DA:570,1
DA:571,0
DA:574,1
DA:576,1
DA:593,0
DA:594,0
DA:598,1
DA:599,0
DA:601,0
DA:602,0
DA:605,0
DA:606,0
DA:610,0
DA:614,0
DA:615,0
DA:620,0
DA:621,0
DA:625,0
DA:626,0
DA:627,0
DA:629,0
DA:632,0
DA:633,0
DA:642,0
DA:647,0
DA:649,0
DA:650,0
DA:652,0
DA:655,0
DA:659,1
DA:660,0
DA:662,0
DA:663,0
DA:666,0
DA:667,0
DA:669,0
DA:677,0
DA:679,0
DA:680,0
DA:684,1
DA:685,1
DA:686,1
DA:688,1
DA:689,0
DA:692,1
DA:693,0
DA:696,1
DA:697,1
DA:699,1
DA:706,1
DA:707,0
DA:710,1
DA:712,1
DA:713,1
DA:714,0
DA:718,1
DA:720,0
DA:721,0
DA:730,1
DA:731,0
DA:733,0
DA:734,0
DA:737,0
DA:739,0
DA:744,0
DA:745,0
DA:748,0
DA:751,0
DA:756,0
DA:758,0
DA:765,0
DA:766,0
DA:773,0
DA:774,0
DA:779,1
DA:780,0
DA:782,0
DA:783,0
DA:786,0
DA:788,0
DA:793,0
DA:794,0
DA:797,0
DA:800,0
DA:807,0
DA:809,0
DA:817,0
DA:827,0
DA:828,0
DA:833,0
DA:834,0
DA:843,0
DA:852,0
DA:858,0
DA:859,0
DA:864,1
DA:872,1
DA:880,1
DA:881,0
DA:883,0
DA:884,0
DA:887,0
DA:888,0
DA:891,0
DA:892,0
DA:897,0
DA:898,0
DA:901,0
DA:903,0
DA:904,0
DA:905,0
DA:906,0
DA:907,0
DA:909,0
DA:915,0
DA:916,0
DA:922,0
DA:924,0
DA:925,0
DA:933,0
DA:935,0
DA:936,0
DA:945,0
DA:956,0
DA:957,0
DA:961,1
LF:321
LH:131
BRDA:26,0,0,0
BRDA:26,0,1,17
BRDA:34,1,0,1
BRDA:34,1,1,0
BRDA:38,2,0,1
BRDA:38,2,1,1
BRDA:39,3,0,1
BRDA:39,3,1,1
BRDA:109,4,0,0
BRDA:109,4,1,0
BRDA:134,5,0,1
BRDA:134,5,1,0
BRDA:134,6,0,1
BRDA:134,6,1,1
BRDA:142,7,0,1
BRDA:142,7,1,1
BRDA:145,8,0,0
BRDA:145,8,1,1
BRDA:160,9,0,0
BRDA:160,9,1,0
BRDA:160,10,0,0
BRDA:160,10,1,0
BRDA:174,11,0,1
BRDA:174,11,1,0
BRDA:174,12,0,1
BRDA:174,12,1,0
BRDA:194,13,0,0
BRDA:194,13,1,2
BRDA:204,14,0,1
BRDA:204,14,1,1
BRDA:219,15,0,0
BRDA:219,15,1,0
BRDA:230,16,0,0
BRDA:230,16,1,0
BRDA:245,17,0,0
BRDA:245,17,1,0
BRDA:300,18,0,1
BRDA:300,18,1,1
BRDA:318,19,0,0
BRDA:318,19,1,0
BRDA:318,20,0,0
BRDA:318,20,1,0
BRDA:330,21,0,0
BRDA:330,21,1,0
BRDA:342,22,0,0
BRDA:342,22,1,0
BRDA:342,23,0,0
BRDA:342,23,1,0
BRDA:373,24,0,0
BRDA:373,24,1,1
BRDA:377,25,0,1
BRDA:377,25,1,0
BRDA:378,26,0,1
BRDA:378,26,1,0
BRDA:378,26,2,0
BRDA:380,27,0,0
BRDA:380,27,1,1
BRDA:380,28,0,1
BRDA:380,28,1,1
BRDA:380,28,2,1
BRDA:384,29,0,0
BRDA:384,29,1,1
BRDA:384,30,0,1
BRDA:384,30,1,1
BRDA:399,31,0,1
BRDA:399,31,1,0
BRDA:412,32,0,0
BRDA:412,32,1,0
BRDA:412,33,0,0
BRDA:412,33,1,0
BRDA:412,33,2,0
BRDA:416,34,0,0
BRDA:416,34,1,0
BRDA:441,35,0,0
BRDA:441,35,1,0
BRDA:442,36,0,0
BRDA:442,36,1,0
BRDA:442,37,0,0
BRDA:442,37,1,0
BRDA:443,38,0,0
BRDA:443,38,1,0
BRDA:444,39,0,0
BRDA:444,39,1,0
BRDA:454,40,0,0
BRDA:454,40,1,0
BRDA:470,41,0,0
BRDA:470,41,1,0
BRDA:482,42,0,0
BRDA:482,42,1,0
BRDA:495,43,0,0
BRDA:495,43,1,0
BRDA:496,44,0,0
BRDA:496,44,1,0
BRDA:497,45,0,0
BRDA:497,45,1,0
BRDA:498,46,0,0
BRDA:498,46,1,0
BRDA:501,47,0,0
BRDA:501,47,1,0
BRDA:505,48,0,0
BRDA:505,48,1,0
BRDA:506,49,0,0
BRDA:506,49,1,0
BRDA:535,50,0,0
BRDA:535,50,1,1
BRDA:547,51,0,1
BRDA:547,51,1,0
BRDA:548,52,0,1
BRDA:548,52,1,0
BRDA:549,53,0,1
BRDA:549,53,1,0
BRDA:550,54,0,1
BRDA:550,54,1,0
BRDA:551,55,0,0
BRDA:551,55,1,1
BRDA:552,56,0,0
BRDA:552,56,1,1
BRDA:554,57,0,0
BRDA:554,57,1,1
BRDA:570,58,0,0
BRDA:570,58,1,1
BRDA:582,59,0,1
BRDA:582,59,1,0
BRDA:583,60,0,1
BRDA:583,60,1,0
BRDA:584,61,0,1
BRDA:584,61,1,0
BRDA:585,62,0,1
BRDA:585,62,1,0
BRDA:588,63,0,1
BRDA:588,63,1,0
BRDA:601,64,0,0
BRDA:601,64,1,0
BRDA:605,65,0,0
BRDA:605,65,1,0
BRDA:610,66,0,0
BRDA:610,66,1,0
BRDA:610,67,0,0
BRDA:610,67,1,0
BRDA:610,67,2,0
BRDA:614,68,0,0
BRDA:614,68,1,0
BRDA:614,69,0,0
BRDA:614,69,1,0
BRDA:626,70,0,0
BRDA:626,70,1,0
BRDA:626,71,0,0
BRDA:626,71,1,0
BRDA:626,71,2,0
BRDA:635,72,0,0
BRDA:635,72,1,0
BRDA:638,73,0,0
BRDA:638,73,1,0
BRDA:662,74,0,0
BRDA:662,74,1,0
BRDA:688,75,0,0
BRDA:688,75,1,1
BRDA:692,76,0,0
BRDA:692,76,1,1
BRDA:706,77,0,0
BRDA:706,77,1,1
BRDA:712,78,0,1
BRDA:712,78,1,0
BRDA:733,79,0,0
BRDA:733,79,1,0
BRDA:744,80,0,0
BRDA:744,80,1,0
BRDA:756,81,0,0
BRDA:756,81,1,0
BRDA:782,82,0,0
BRDA:782,82,1,0
BRDA:793,83,0,0
BRDA:793,83,1,0
BRDA:807,84,0,0
BRDA:807,84,1,0
BRDA:813,85,0,0
BRDA:813,85,1,0
BRDA:813,86,0,0
BRDA:813,86,1,0
BRDA:813,87,0,0
BRDA:813,87,1,0
BRDA:822,88,0,0
BRDA:822,88,1,0
BRDA:822,89,0,0
BRDA:822,89,1,0
BRDA:822,90,0,0
BRDA:822,90,1,0
BRDA:827,91,0,0
BRDA:827,91,1,0
BRDA:833,92,0,0
BRDA:833,92,1,0
BRDA:833,93,0,0
BRDA:833,93,1,0
BRDA:883,94,0,0
BRDA:883,94,1,0
BRDA:887,95,0,0
BRDA:887,95,1,0
BRDA:897,96,0,0
BRDA:897,96,1,0
BRDA:903,97,0,0
BRDA:903,97,1,0
BRDA:904,98,0,0
BRDA:904,98,1,0
BRDA:904,98,2,0
BRDA:905,99,0,0
BRDA:905,99,1,0
BRDA:905,99,2,0
BRDA:906,100,0,0
BRDA:906,100,1,0
BRDA:906,100,2,0
BRDA:907,101,0,0
BRDA:907,101,1,0
BRDA:915,102,0,0
BRDA:915,102,1,0
BRDA:935,103,0,0
BRDA:935,103,1,0
BRDA:940,104,0,0
BRDA:940,104,1,0
BRF:218
BRH:48
end_of_record
TN:
SF:r2.js
FN:17,getMissingR2EnvVars
FN:24,(anonymous_1)
FN:25,(anonymous_2)
FN:28,validateR2Config
FN:45,sanitizeFilename
FN:49,buildObjectKey
FN:53,buildFileUrl
FN:57,uploadBufferToR2
FN:80,deleteObjectFromR2
FNF:9
FNH:0
FNDA:0,getMissingR2EnvVars
FNDA:0,(anonymous_1)
FNDA:0,(anonymous_2)
FNDA:0,validateR2Config
FNDA:0,sanitizeFilename
FNDA:0,buildObjectKey
FNDA:0,buildFileUrl
FNDA:0,uploadBufferToR2
FNDA:0,deleteObjectFromR2
DA:1,0
DA:3,0
DA:4,0
DA:5,0
DA:6,0
DA:8,0
DA:18,0
DA:24,0
DA:25,0
DA:29,0
DA:31,0
DA:32,0
DA:35,0
DA:41,0
DA:46,0
DA:50,0
DA:54,0
DA:58,0
DA:59,0
DA:61,0
DA:63,0
DA:72,0
DA:74,0
DA:81,0
DA:82,0
DA:90,0
LF:26
LH:0
BRDA:31,0,0,0
BRDA:31,0,1,0
BRDA:35,1,0,0
BRDA:35,1,1,0
BRDA:36,2,0,0
BRDA:36,2,1,0
BRDA:36,2,2,0
BRDA:36,2,3,0
BRF:8
BRH:0
end_of_record
TN:
SF:storage.js
FN:14,sanitizeFilename
FN:18,canUseLocalFallback
FN:22,uploadLocalFile
FN:33,uploadStoredFile
FN:45,deleteStoredFile
FNF:5
FNH:5
FNDA:1,sanitizeFilename
FNDA:1,canUseLocalFallback
FNDA:1,uploadLocalFile
FNDA:1,uploadStoredFile
FNDA:1,deleteStoredFile
DA:1,2
DA:2,2
DA:3,2
DA:8,2
DA:10,2
DA:15,1
DA:19,1
DA:23,1
DA:24,1
DA:25,1
DA:26,1
DA:34,1
DA:35,1
DA:37,1
DA:38,1
DA:41,0
DA:42,0
DA:46,1
DA:47,1
DA:48,0
DA:49,0
DA:52,1
DA:53,1
DA:54,1
DA:56,0
DA:60,2
LF:26
LH:21
BRDA:10,0,0,2
BRDA:10,0,1,0
BRDA:37,1,0,0
BRDA:37,1,1,1
BRDA:46,2,0,0
BRDA:46,2,1,1
BRDA:47,3,0,0
BRDA:47,3,1,1
BRDA:56,4,0,0
BRDA:56,4,1,0
BRF:10
BRH:4
end_of_record
TN:
SF:upload.js
FNF:0
FNH:0
DA:1,1
DA:3,1
DA:5,1
DA:7,1
LF:4
LH:4
BRF:0
BRH:0
end_of_record
TN:
SF:controllers\interviewSessionController.js
FN:1,createInterviewSessionController
FN:2,handleError
FN:14,createSession
FN:30,listSessions
FN:41,listUserSessions
FN:52,getSession
FN:61,updateFeedback
FNF:7
FNH:3
FNDA:1,createInterviewSessionController
FNDA:0,handleError
FNDA:1,createSession
FNDA:0,listSessions
FNDA:0,listUserSessions
FNDA:0,getSession
FNDA:1,updateFeedback
DA:3,0
DA:5,0
DA:7,0
DA:8,0
DA:11,0
DA:15,1
DA:16,1
DA:21,1
DA:26,0
DA:31,0
DA:32,0
DA:35,0
DA:37,0
DA:42,0
DA:43,0
DA:46,0
DA:48,0
DA:53,0
DA:54,0
DA:55,0
DA:57,0
DA:62,1
DA:63,1
DA:68,1
DA:73,0
DA:77,1
DA:86,1
LF:27
LH:8
BRDA:3,0,0,0
BRDA:3,0,1,0
BRDA:5,1,0,0
BRDA:5,1,1,0
BRDA:7,2,0,0
BRDA:7,2,1,0
BRDA:18,3,0,1
BRDA:18,3,1,0
BRF:8
BRH:1
end_of_record
TN:
SF:controllers\notificacionController.js
FN:1,createNotificacionController
FN:2,handleError
FN:14,listar
FN:23,contarNoLeidas
FN:32,marcarLeida
FN:45,marcarTodasLeidas
FN:57,crear
FNF:7
FNH:3
FNDA:1,createNotificacionController
FNDA:0,handleError
FNDA:1,listar
FNDA:0,contarNoLeidas
FNDA:1,marcarLeida
FNDA:0,marcarTodasLeidas
FNDA:0,crear
DA:3,0
DA:5,0
DA:7,0
DA:8,0
DA:11,0
DA:15,1
DA:16,1
DA:17,1
DA:19,0
DA:24,0
DA:25,0
DA:26,0
DA:28,0
DA:33,1
DA:34,1
DA:35,1
DA:36,0
DA:38,1
DA:39,1
DA:41,0
DA:46,0
DA:47,0
DA:48,0
DA:53,0
DA:58,0
DA:59,0
DA:60,0
DA:61,0
DA:63,0
DA:70,0
DA:75,0
DA:79,1
DA:82,1
LF:33
LH:10
BRDA:3,0,0,0
BRDA:3,0,1,0
BRDA:5,1,0,0
BRDA:5,1,1,0
BRDA:7,2,0,0
BRDA:7,2,1,0
BRDA:35,3,0,0
BRDA:35,3,1,1
BRDA:60,4,0,0
BRDA:60,4,1,0
BRF:10
BRH:1
end_of_record
TN:
SF:controllers\questionBankController.js
FN:1,createQuestionBankController
FN:2,handleError
FN:14,listQuestions
FN:23,createQuestion
FN:35,updateQuestion
FN:51,deleteQuestion
FNF:6
FNH:5
FNDA:1,createQuestionBankController
FNDA:0,handleError
FNDA:1,listQuestions
FNDA:1,createQuestion
FNDA:1,updateQuestion
FNDA:1,deleteQuestion
DA:3,0
DA:5,0
DA:7,0
DA:8,0
DA:11,0
DA:15,1
DA:16,1
DA:17,1
DA:19,0
DA:24,1
DA:25,1
DA:26,1
DA:31,0
DA:36,1
DA:37,1
DA:42,1
DA:47,0
DA:52,1
DA:53,1
DA:54,1
DA:56,0
DA:60,1
DA:68,1
LF:23
LH:14
BRDA:3,0,0,0
BRDA:3,0,1,0
BRDA:5,1,0,0
BRDA:5,1,1,0
BRDA:7,2,0,0
BRDA:7,2,1,0
BRF:6
BRH:0
end_of_record
TN:
SF:routes\interviewSessionRoutes.js
FN:6,createInterviewSessionRoutes
FNF:1
FNH:1
FNDA:1,createInterviewSessionRoutes
DA:1,1
DA:2,1
DA:3,1
DA:4,1
DA:7,1
DA:8,1
DA:9,1
DA:11,1
DA:12,1
DA:13,1
DA:14,1
DA:15,1
DA:17,1
DA:20,1
LF:14
LH:14
BRF:0
BRH:0
end_of_record
TN:
SF:routes\notificacionRoutes.js
FN:5,createNotificacionRoutes
FNF:1
FNH:1
FNDA:1,createNotificacionRoutes
DA:1,1
DA:2,1
DA:3,1
DA:6,1
DA:7,1
DA:8,1
DA:11,1
DA:14,1
DA:17,1
DA:20,1
DA:23,1
DA:25,1
DA:28,1
LF:13
LH:13
BRF:0
BRH:0
end_of_record
TN:
SF:routes\questionBankRoutes.js
FN:5,createQuestionBankRoutes
FNF:1
FNH:1
FNDA:1,createQuestionBankRoutes
DA:1,1
DA:2,1
DA:3,1
DA:6,1
DA:7,1
DA:8,1
DA:10,1
DA:11,1
DA:12,1
DA:13,1
DA:15,1
DA:18,1
LF:12
LH:12
BRF:0
BRH:0
end_of_record
TN:
SF:services\interviewSessionService.js
FN:3,createInterviewSessionService
FN:4,ensureSchema
FN:21,parseSessionPayload
FN:39,normalizeUser
FN:58,normalizeQuestions
FN:65,(anonymous_5)
FN:73,createSession
FN:86,(anonymous_7)
FN:123,(anonymous_8)
FN:124,(anonymous_9)
FN:134,listSessions
FN:157,listUserSessions
FN:179,getSession
FN:206,updateFeedback
FNF:14
FNH:8
FNDA:2,createInterviewSessionService
FNDA:3,ensureSchema
FNDA:1,parseSessionPayload
FNDA:1,normalizeUser
FNDA:1,normalizeQuestions
FNDA:1,(anonymous_5)
FNDA:1,createSession
FNDA:0,(anonymous_7)
FNDA:0,(anonymous_8)
FNDA:0,(anonymous_9)
FNDA:0,listSessions
FNDA:0,listUserSessions
FNDA:0,getSession
FNDA:1,updateFeedback
DA:1,1
DA:5,3
DA:22,1
DA:23,0
DA:24,0
DA:25,0
DA:28,1
DA:30,1
DA:31,1
DA:33,0
DA:34,0
DA:35,0
DA:41,1
DA:45,1
DA:46,0
DA:47,0
DA:48,0
DA:51,1
DA:59,1
DA:60,0
DA:61,0
DA:62,0
DA:65,1
DA:74,1
DA:76,1
DA:77,1
DA:78,1
DA:79,1
DA:81,1
DA:82,1
DA:84,1
DA:85,1
DA:86,0
DA:88,1
DA:90,1
DA:91,0
DA:95,0
DA:96,0
DA:104,1
DA:111,1
DA:120,1
DA:122,0
DA:124,0
DA:125,0
DA:130,0
DA:135,0
DA:137,0
DA:138,0
DA:140,0
DA:141,0
DA:142,0
DA:145,0
DA:154,0
DA:158,0
DA:160,0
DA:161,0
DA:162,0
DA:163,0
DA:164,0
DA:167,0
DA:176,0
DA:180,0
DA:182,0
DA:183,0
DA:184,0
DA:185,0
DA:186,0
DA:189,0
DA:197,0
DA:198,0
DA:199,0
DA:200,0
DA:203,0
DA:207,1
DA:209,1
DA:210,1
DA:211,0
DA:212,0
DA:213,0
DA:216,1
DA:217,1
DA:218,0
DA:219,0
DA:220,0
DA:224,1
DA:228,1
DA:229,0
DA:230,0
DA:231,0
DA:234,1
DA:246,1
DA:247,0
DA:248,0
DA:249,0
DA:252,1
DA:255,2
DA:265,1
LF:97
LH:37
BRDA:22,0,0,0
BRDA:22,0,1,1
BRDA:28,1,0,0
BRDA:28,1,1,1
BRDA:39,2,0,0
BRDA:41,3,0,0
BRDA:41,3,1,1
BRDA:41,4,0,1
BRDA:41,4,1,1
BRDA:41,4,2,1
BRDA:45,5,0,0
BRDA:45,5,1,1
BRDA:45,6,0,1
BRDA:45,6,1,1
BRDA:53,7,0,1
BRDA:53,7,1,0
BRDA:53,7,2,0
BRDA:54,8,0,1
BRDA:54,8,1,0
BRDA:54,8,2,0
BRDA:59,9,0,0
BRDA:59,9,1,1
BRDA:59,10,0,1
BRDA:59,10,1,1
BRDA:66,11,0,1
BRDA:66,11,1,0
BRDA:67,12,0,1
BRDA:67,12,1,0
BRDA:69,13,0,1
BRDA:69,13,1,0
BRDA:73,14,0,0
BRDA:90,15,0,0
BRDA:90,15,1,1
BRDA:93,16,0,0
BRDA:93,16,1,0
BRDA:106,17,0,1
BRDA:106,17,1,1
BRDA:134,18,0,0
BRDA:140,19,0,0
BRDA:140,19,1,0
BRDA:149,20,0,0
BRDA:149,20,1,0
BRDA:161,21,0,0
BRDA:161,21,1,0
BRDA:183,22,0,0
BRDA:183,22,1,0
BRDA:197,23,0,0
BRDA:197,23,1,0
BRDA:206,24,0,0
BRDA:210,25,0,0
BRDA:210,25,1,1
BRDA:216,26,0,1
BRDA:216,26,1,0
BRDA:217,27,0,0
BRDA:217,27,1,1
BRDA:224,28,0,0
BRDA:224,28,1,1
BRDA:224,29,0,1
BRDA:224,29,1,1
BRDA:224,29,2,1
BRDA:228,30,0,0
BRDA:228,30,1,1
BRDA:228,31,0,1
BRDA:228,31,1,1
BRDA:228,31,2,1
BRDA:228,31,3,1
BRDA:246,32,0,0
BRDA:246,32,1,1
BRF:68
BRH:33
end_of_record
TN:
SF:services\notificacionService.js
FN:1,createNotificacionService
FN:2,ensureSchema
FN:28,parseUserId
FN:38,parseId
FN:48,listarPorUsuario
FN:64,contarNoLeidas
FN:78,marcarLeida
FN:101,marcarTodasLeidas
FN:116,crearNotificacion
FN:146,existeNotificacionEtapa
FNF:10
FNH:6
FNDA:2,createNotificacionService
FNDA:3,ensureSchema
FNDA:2,parseUserId
FNDA:1,parseId
FNDA:1,listarPorUsuario
FNDA:0,contarNoLeidas
FNDA:1,marcarLeida
FNDA:0,marcarTodasLeidas
FNDA:0,crearNotificacion
FNDA:0,existeNotificacionEtapa
DA:3,3
DA:17,3
DA:22,3
DA:29,2
DA:30,2
DA:31,0
DA:32,0
DA:33,0
DA:35,2
DA:39,1
DA:40,1
DA:41,0
DA:42,0
DA:43,0
DA:45,1
DA:49,1
DA:50,1
DA:52,1
DA:61,1
DA:65,0
DA:66,0
DA:68,0
DA:75,0
DA:79,1
DA:80,1
DA:81,1
DA:83,1
DA:92,1
DA:93,0
DA:94,0
DA:95,0
DA:98,1
DA:102,0
DA:103,0
DA:105,0
DA:113,0
DA:117,0
DA:118,0
DA:120,0
DA:121,0
DA:122,0
DA:123,0
DA:126,0
DA:127,0
DA:128,0
DA:129,0
DA:132,0
DA:133,0
DA:135,0
DA:143,0
DA:147,0
DA:148,0
DA:150,0
DA:160,0
DA:163,2
DA:174,1
LF:56
LH:21
BRDA:30,0,0,0
BRDA:30,0,1,2
BRDA:30,1,0,2
BRDA:30,1,1,2
BRDA:40,2,0,0
BRDA:40,2,1,1
BRDA:40,3,0,1
BRDA:40,3,1,1
BRDA:92,4,0,0
BRDA:92,4,1,1
BRDA:116,5,0,0
BRDA:116,6,0,0
BRDA:120,7,0,0
BRDA:120,7,1,0
BRDA:120,8,0,0
BRDA:120,8,1,0
BRDA:126,9,0,0
BRDA:126,9,1,0
BRDA:126,10,0,0
BRDA:126,10,1,0
BRDA:133,11,0,0
BRDA:133,11,1,0
BRDA:140,12,0,0
BRDA:140,12,1,0
BRF:24
BRH:7
end_of_record
TN:
SF:services\questionBankService.js
FN:107,createQuestionBankService
FN:108,ensureSchema
FN:121,seedInitialQuestions
FN:128,(anonymous_3)
FN:141,normalizeQuestionPayload
FN:184,listQuestions
FN:196,createQuestion
FN:210,updateQuestion
FN:241,deleteQuestion
FNF:9
FNH:8
FNDA:2,createQuestionBankService
FNDA:5,ensureSchema
FNDA:1,seedInitialQuestions
FNDA:0,(anonymous_3)
FNDA:2,normalizeQuestionPayload
FNDA:1,listQuestions
FNDA:1,createQuestion
FNDA:1,updateQuestion
FNDA:1,deleteQuestion
DA:1,1
DA:12,1
DA:14,1
DA:109,5
DA:122,1
DA:124,1
DA:125,1
DA:127,0
DA:128,0
DA:129,0
DA:130,0
DA:131,0
DA:134,0
DA:142,2
DA:144,2
DA:145,2
DA:146,2
DA:147,0
DA:148,0
DA:149,0
DA:153,2
DA:154,2
DA:155,2
DA:156,0
DA:157,0
DA:158,0
DA:160,2
DA:163,2
DA:164,2
DA:165,2
DA:166,0
DA:167,0
DA:168,0
DA:170,2
DA:173,2
DA:174,2
DA:181,2
DA:185,1
DA:187,1
DA:193,1
DA:197,1
DA:199,1
DA:200,1
DA:207,1
DA:211,1
DA:213,1
DA:214,1
DA:215,0
DA:216,0
DA:217,0
DA:220,1
DA:221,1
DA:232,1
DA:233,0
DA:234,0
DA:235,0
DA:238,1
DA:242,1
DA:244,1
DA:245,1
DA:246,0
DA:247,0
DA:248,0
DA:251,1
DA:258,1
DA:259,0
DA:260,0
DA:261,0
DA:264,1
DA:267,2
DA:277,1
LF:71
LH:44
BRDA:125,0,0,1
BRDA:125,0,1,0
BRDA:141,1,0,0
BRDA:141,2,0,2
BRDA:141,3,0,2
BRDA:144,4,0,2
BRDA:144,4,1,0
BRDA:144,5,0,2
BRDA:144,5,1,0
BRDA:145,6,0,2
BRDA:145,6,1,0
BRDA:146,7,0,0
BRDA:146,7,1,2
BRDA:153,8,0,2
BRDA:153,8,1,0
BRDA:153,9,0,2
BRDA:153,9,1,0
BRDA:154,10,0,2
BRDA:154,10,1,0
BRDA:155,11,0,0
BRDA:155,11,1,2
BRDA:163,12,0,2
BRDA:163,12,1,0
BRDA:163,13,0,2
BRDA:163,13,1,0
BRDA:164,14,0,2
BRDA:164,14,1,0
BRDA:165,15,0,0
BRDA:165,15,1,2
BRDA:173,16,0,2
BRDA:173,16,1,0
BRDA:173,17,0,2
BRDA:173,17,1,0
BRDA:175,18,0,2
BRDA:175,18,1,1
BRDA:175,18,2,1
BRDA:175,18,3,1
BRDA:214,19,0,0
BRDA:214,19,1,1
BRDA:232,20,0,0
BRDA:232,20,1,1
BRDA:245,21,0,0
BRDA:245,21,1,1
BRDA:258,22,0,0
BRDA:258,22,1,1
BRF:45
BRH:25
end_of_record
