TN:
SF:app.js
FN:26,(anonymous_0)
FN:53,(anonymous_1)
FN:54,(anonymous_2)
FN:56,ensureDocumentSchema
FN:73,(anonymous_4)
FN:77,ensureUserSchema
FN:88,(anonymous_6)
FN:93,(anonymous_7)
FN:98,(anonymous_8)
FN:103,(anonymous_9)
FN:107,notificarCambioEtapa
FN:123,insertDocumento
FN:162,(anonymous_12)
FN:183,(anonymous_13)
FN:192,(anonymous_14)
FN:217,(anonymous_15)
FN:272,(anonymous_16)
FN:292,(anonymous_17)
FN:316,(anonymous_18)
FN:371,(anonymous_19)
FN:446,calcularEtapa
FN:457,(anonymous_21)
FN:530,(anonymous_22)
FN:604,(anonymous_23)
FN:667,(anonymous_24)
FN:692,(anonymous_25)
FN:721,(anonymous_26)
FN:738,(anonymous_27)
FN:787,(anonymous_28)
FN:888,(anonymous_29)
FNF:30
FNH:7
FNDA:14,(anonymous_0)
FNDA:1,(anonymous_1)
FNDA:0,(anonymous_2)
FNDA:1,ensureDocumentSchema
FNDA:0,(anonymous_4)
FNDA:1,ensureUserSchema
FNDA:0,(anonymous_6)
FNDA:0,(anonymous_7)
FNDA:0,(anonymous_8)
FNDA:0,(anonymous_9)
FNDA:0,notificarCambioEtapa
FNDA:0,insertDocumento
FNDA:0,(anonymous_12)
FNDA:0,(anonymous_13)
FNDA:2,(anonymous_14)
FNDA:0,(anonymous_15)
FNDA:2,(anonymous_16)
FNDA:2,(anonymous_17)
FNDA:0,(anonymous_18)
FNDA:0,(anonymous_19)
FNDA:0,calcularEtapa
FNDA:0,(anonymous_21)
FNDA:0,(anonymous_22)
FNDA:0,(anonymous_23)
FNDA:0,(anonymous_24)
FNDA:0,(anonymous_25)
FNDA:0,(anonymous_26)
FNDA:0,(anonymous_27)
FNDA:0,(anonymous_28)
FNDA:0,(anonymous_29)
DA:1,1
DA:3,1
DA:5,1
DA:6,1
DA:7,1
DA:8,1
DA:9,1
DA:10,1
DA:11,1
DA:12,1
DA:13,1
DA:14,1
DA:19,1
DA:21,1
DA:26,1
DA:27,14
DA:28,14
DA:29,14
DA:30,14
DA:31,0
DA:33,14
DA:35,1
DA:37,1
DA:39,1
DA:40,1
DA:43,1
DA:51,1
DA:53,1
DA:54,0
DA:57,1
DA:66,1
DA:73,1
DA:74,0
DA:78,1
DA:88,1
DA:89,0
DA:92,1
DA:93,1
DA:94,0
DA:97,1
DA:98,1
DA:99,0
DA:102,1
DA:103,1
DA:104,0
DA:108,0
DA:109,0
DA:110,0
DA:111,0
DA:119,0
DA:131,0
DA:133,0
DA:135,0
DA:136,0
DA:143,0
DA:146,0
DA:147,0
DA:161,0
DA:162,0
DA:163,0
DA:167,0
DA:168,0
DA:171,0
DA:178,0
DA:179,0
DA:183,1
DA:184,0
DA:187,1
DA:188,1
DA:189,1
DA:192,1
DA:193,2
DA:195,2
DA:196,0
DA:199,2
DA:200,2
DA:205,2
DA:206,1
DA:208,1
DA:211,0
DA:212,0
DA:217,1
DA:218,0
DA:220,0
DA:221,0
DA:224,0
DA:226,0
DA:231,0
DA:232,0
DA:235,0
DA:238,0
DA:246,0
DA:247,0
DA:253,0
DA:255,0
DA:258,0
DA:266,0
DA:267,0
DA:272,1
DA:273,2
DA:275,2
DA:276,2
DA:281,1
DA:286,1
DA:287,1
DA:292,1
DA:293,2
DA:295,2
DA:296,2
DA:301,2
DA:302,1
DA:307,1
DA:310,0
DA:311,0
DA:316,1
DA:317,0
DA:319,0
DA:320,0
DA:325,0
DA:326,0
DA:331,0
DA:332,0
DA:335,0
DA:338,0
DA:343,0
DA:344,0
DA:353,0
DA:361,0
DA:366,0
DA:367,0
DA:371,1
DA:372,0
DA:374,0
DA:375,0
DA:378,0
DA:379,0
DA:381,0
DA:385,0
DA:386,0
DA:389,0
DA:390,0
DA:392,0
DA:393,0
DA:398,0
DA:399,0
DA:400,0
DA:409,0
DA:416,0
DA:418,0
DA:419,0
DA:422,0
DA:423,0
DA:426,0
DA:427,0
DA:429,0
DA:432,0
DA:436,1
DA:447,0
DA:448,0
DA:449,0
DA:450,0
DA:451,0
DA:457,1
DA:458,0
DA:460,0
DA:461,0
DA:464,0
DA:465,0
DA:467,0
DA:476,0
DA:477,0
DA:480,0
DA:483,0
DA:488,0
DA:494,0
DA:496,0
DA:521,0
DA:522,0
DA:530,1
DA:539,0
DA:541,0
DA:542,0
DA:545,0
DA:546,0
DA:549,0
DA:550,0
DA:551,0
DA:553,0
DA:554,0
DA:555,0
DA:556,0
DA:557,0
DA:558,0
DA:560,0
DA:561,0
DA:564,0
DA:566,0
DA:576,0
DA:577,0
DA:580,0
DA:582,0
DA:599,0
DA:600,0
DA:604,1
DA:605,0
DA:607,0
DA:608,0
DA:611,0
DA:612,0
DA:616,0
DA:620,0
DA:621,0
DA:624,0
DA:625,0
DA:627,0
DA:628,0
DA:633,0
DA:634,0
DA:636,0
DA:637,0
DA:640,0
DA:641,0
DA:650,0
DA:655,0
DA:657,0
DA:658,0
DA:660,0
DA:663,0
DA:667,1
DA:668,0
DA:670,0
DA:671,0
DA:674,0
DA:675,0
DA:677,0
DA:685,0
DA:687,0
DA:688,0
DA:692,1
DA:693,0
DA:694,0
DA:696,0
DA:697,0
DA:700,0
DA:701,0
DA:704,0
DA:705,0
DA:707,0
DA:714,0
DA:715,0
DA:718,0
DA:720,0
DA:721,0
DA:722,0
DA:726,0
DA:728,0
DA:729,0
DA:738,1
DA:739,0
DA:741,0
DA:742,0
DA:745,0
DA:747,0
DA:752,0
DA:753,0
DA:756,0
DA:759,0
DA:764,0
DA:766,0
DA:773,0
DA:774,0
DA:781,0
DA:782,0
DA:787,1
DA:788,0
DA:790,0
DA:791,0
DA:794,0
DA:796,0
DA:801,0
DA:802,0
DA:805,0
DA:808,0
DA:815,0
DA:817,0
DA:825,0
DA:835,0
DA:836,0
DA:841,0
DA:842,0
DA:851,0
DA:860,0
DA:866,0
DA:867,0
DA:872,1
DA:880,1
DA:888,1
DA:889,0
DA:891,0
DA:892,0
DA:895,0
DA:896,0
DA:899,0
DA:900,0
DA:905,0
DA:906,0
DA:909,0
DA:911,0
DA:912,0
DA:913,0
DA:914,0
DA:915,0
DA:917,0
DA:923,0
DA:924,0
DA:930,0
DA:932,0
DA:933,0
DA:941,0
DA:943,0
DA:944,0
DA:953,0
DA:964,0
DA:965,0
DA:969,1
LF:325
LH:79
BRDA:30,0,0,0
BRDA:30,0,1,14
BRDA:39,1,0,1
BRDA:39,1,1,1
BRDA:40,2,0,1
BRDA:40,2,1,1
BRDA:110,3,0,0
BRDA:110,3,1,0
BRDA:135,4,0,0
BRDA:135,4,1,0
BRDA:135,5,0,0
BRDA:135,5,1,0
BRDA:143,6,0,0
BRDA:143,6,1,0
BRDA:146,7,0,0
BRDA:146,7,1,0
BRDA:161,8,0,0
BRDA:161,8,1,0
BRDA:161,9,0,0
BRDA:161,9,1,0
BRDA:175,10,0,0
BRDA:175,10,1,0
BRDA:175,11,0,0
BRDA:175,11,1,0
BRDA:195,12,0,0
BRDA:195,12,1,2
BRDA:205,13,0,1
BRDA:205,13,1,1
BRDA:220,14,0,0
BRDA:220,14,1,0
BRDA:231,15,0,0
BRDA:231,15,1,0
BRDA:246,16,0,0
BRDA:246,16,1,0
BRDA:301,17,0,1
BRDA:301,17,1,1
BRDA:319,18,0,0
BRDA:319,18,1,0
BRDA:319,19,0,0
BRDA:319,19,1,0
BRDA:331,20,0,0
BRDA:331,20,1,0
BRDA:343,21,0,0
BRDA:343,21,1,0
BRDA:343,22,0,0
BRDA:343,22,1,0
BRDA:374,23,0,0
BRDA:374,23,1,0
BRDA:378,24,0,0
BRDA:378,24,1,0
BRDA:379,25,0,0
BRDA:379,25,1,0
BRDA:379,25,2,0
BRDA:381,26,0,0
BRDA:381,26,1,0
BRDA:381,27,0,0
BRDA:381,27,1,0
BRDA:381,27,2,0
BRDA:385,28,0,0
BRDA:385,28,1,0
BRDA:385,29,0,0
BRDA:385,29,1,0
BRDA:405,30,0,0
BRDA:405,30,1,0
BRDA:418,31,0,0
BRDA:418,31,1,0
BRDA:418,32,0,0
BRDA:418,32,1,0
BRDA:422,33,0,0
BRDA:422,33,1,0
BRDA:447,34,0,0
BRDA:447,34,1,0
BRDA:448,35,0,0
BRDA:448,35,1,0
BRDA:448,36,0,0
BRDA:448,36,1,0
BRDA:449,37,0,0
BRDA:449,37,1,0
BRDA:450,38,0,0
BRDA:450,38,1,0
BRDA:460,39,0,0
BRDA:460,39,1,0
BRDA:476,40,0,0
BRDA:476,40,1,0
BRDA:488,41,0,0
BRDA:488,41,1,0
BRDA:501,42,0,0
BRDA:501,42,1,0
BRDA:502,43,0,0
BRDA:502,43,1,0
BRDA:503,44,0,0
BRDA:503,44,1,0
BRDA:504,45,0,0
BRDA:504,45,1,0
BRDA:507,46,0,0
BRDA:507,46,1,0
BRDA:511,47,0,0
BRDA:511,47,1,0
BRDA:512,48,0,0
BRDA:512,48,1,0
BRDA:541,49,0,0
BRDA:541,49,1,0
BRDA:553,50,0,0
BRDA:553,50,1,0
BRDA:554,51,0,0
BRDA:554,51,1,0
BRDA:555,52,0,0
BRDA:555,52,1,0
BRDA:556,53,0,0
BRDA:556,53,1,0
BRDA:557,54,0,0
BRDA:557,54,1,0
BRDA:558,55,0,0
BRDA:558,55,1,0
BRDA:560,56,0,0
BRDA:560,56,1,0
BRDA:576,57,0,0
BRDA:576,57,1,0
BRDA:588,58,0,0
BRDA:588,58,1,0
BRDA:589,59,0,0
BRDA:589,59,1,0
BRDA:590,60,0,0
BRDA:590,60,1,0
BRDA:591,61,0,0
BRDA:591,61,1,0
BRDA:594,62,0,0
BRDA:594,62,1,0
BRDA:607,63,0,0
BRDA:607,63,1,0
BRDA:611,64,0,0
BRDA:611,64,1,0
BRDA:616,65,0,0
BRDA:616,65,1,0
BRDA:616,66,0,0
BRDA:616,66,1,0
BRDA:616,66,2,0
BRDA:620,67,0,0
BRDA:620,67,1,0
BRDA:620,68,0,0
BRDA:620,68,1,0
BRDA:643,69,0,0
BRDA:643,69,1,0
BRDA:646,70,0,0
BRDA:646,70,1,0
BRDA:670,71,0,0
BRDA:670,71,1,0
BRDA:696,72,0,0
BRDA:696,72,1,0
BRDA:700,73,0,0
BRDA:700,73,1,0
BRDA:714,74,0,0
BRDA:714,74,1,0
BRDA:720,75,0,0
BRDA:720,75,1,0
BRDA:741,76,0,0
BRDA:741,76,1,0
BRDA:752,77,0,0
BRDA:752,77,1,0
BRDA:764,78,0,0
BRDA:764,78,1,0
BRDA:790,79,0,0
BRDA:790,79,1,0
BRDA:801,80,0,0
BRDA:801,80,1,0
BRDA:815,81,0,0
BRDA:815,81,1,0
BRDA:821,82,0,0
BRDA:821,82,1,0
BRDA:821,83,0,0
BRDA:821,83,1,0
BRDA:821,84,0,0
BRDA:821,84,1,0
BRDA:830,85,0,0
BRDA:830,85,1,0
BRDA:830,86,0,0
BRDA:830,86,1,0
BRDA:830,87,0,0
BRDA:830,87,1,0
BRDA:835,88,0,0
BRDA:835,88,1,0
BRDA:841,89,0,0
BRDA:841,89,1,0
BRDA:841,90,0,0
BRDA:841,90,1,0
BRDA:891,91,0,0
BRDA:891,91,1,0
BRDA:895,92,0,0
BRDA:895,92,1,0
BRDA:905,93,0,0
BRDA:905,93,1,0
BRDA:911,94,0,0
BRDA:911,94,1,0
BRDA:912,95,0,0
BRDA:912,95,1,0
BRDA:912,95,2,0
BRDA:913,96,0,0
BRDA:913,96,1,0
BRDA:913,96,2,0
BRDA:914,97,0,0
BRDA:914,97,1,0
BRDA:914,97,2,0
BRDA:915,98,0,0
BRDA:915,98,1,0
BRDA:923,99,0,0
BRDA:923,99,1,0
BRDA:943,100,0,0
BRDA:943,100,1,0
BRDA:948,101,0,0
BRDA:948,101,1,0
BRF:210
BRH:10
end_of_record
TN:
SF:controllers\interviewSessionController.js
FN:1,createInterviewSessionController
FN:2,handleError
FN:14,createSession
FN:30,listSessions
FN:41,listUserSessions
FN:52,getSession
FN:61,updateFeedback
FNF:7
FNH:3
FNDA:1,createInterviewSessionController
FNDA:0,handleError
FNDA:1,createSession
FNDA:0,listSessions
FNDA:0,listUserSessions
FNDA:0,getSession
FNDA:1,updateFeedback
DA:3,0
DA:5,0
DA:7,0
DA:8,0
DA:11,0
DA:15,1
DA:16,1
DA:21,1
DA:26,0
DA:31,0
DA:32,0
DA:35,0
DA:37,0
DA:42,0
DA:43,0
DA:46,0
DA:48,0
DA:53,0
DA:54,0
DA:55,0
DA:57,0
DA:62,1
DA:63,1
DA:68,1
DA:73,0
DA:77,1
DA:86,1
LF:27
LH:8
BRDA:3,0,0,0
BRDA:3,0,1,0
BRDA:5,1,0,0
BRDA:5,1,1,0
BRDA:7,2,0,0
BRDA:7,2,1,0
BRDA:18,3,0,1
BRDA:18,3,1,0
BRF:8
BRH:1
end_of_record
TN:
SF:controllers\notificacionController.js
FN:1,createNotificacionController
FN:2,handleError
FN:14,listar
FN:23,contarNoLeidas
FN:32,marcarLeida
FN:45,marcarTodasLeidas
FN:57,crear
FNF:7
FNH:3
FNDA:1,createNotificacionController
FNDA:0,handleError
FNDA:1,listar
FNDA:0,contarNoLeidas
FNDA:1,marcarLeida
FNDA:0,marcarTodasLeidas
FNDA:0,crear
DA:3,0
DA:5,0
DA:7,0
DA:8,0
DA:11,0
DA:15,1
DA:16,1
DA:17,1
DA:19,0
DA:24,0
DA:25,0
DA:26,0
DA:28,0
DA:33,1
DA:34,1
DA:35,1
DA:36,0
DA:38,1
DA:39,1
DA:41,0
DA:46,0
DA:47,0
DA:48,0
DA:53,0
DA:58,0
DA:59,0
DA:60,0
DA:61,0
DA:63,0
DA:70,0
DA:75,0
DA:79,1
DA:82,1
LF:33
LH:10
BRDA:3,0,0,0
BRDA:3,0,1,0
BRDA:5,1,0,0
BRDA:5,1,1,0
BRDA:7,2,0,0
BRDA:7,2,1,0
BRDA:35,3,0,0
BRDA:35,3,1,1
BRDA:60,4,0,0
BRDA:60,4,1,0
BRF:10
BRH:1
end_of_record
TN:
SF:controllers\questionBankController.js
FN:1,createQuestionBankController
FN:2,handleError
FN:14,listQuestions
FN:23,createQuestion
FN:35,updateQuestion
FN:51,deleteQuestion
FNF:6
FNH:5
FNDA:1,createQuestionBankController
FNDA:0,handleError
FNDA:1,listQuestions
FNDA:1,createQuestion
FNDA:1,updateQuestion
FNDA:1,deleteQuestion
DA:3,0
DA:5,0
DA:7,0
DA:8,0
DA:11,0
DA:15,1
DA:16,1
DA:17,1
DA:19,0
DA:24,1
DA:25,1
DA:26,1
DA:31,0
DA:36,1
DA:37,1
DA:42,1
DA:47,0
DA:52,1
DA:53,1
DA:54,1
DA:56,0
DA:60,1
DA:68,1
LF:23
LH:14
BRDA:3,0,0,0
BRDA:3,0,1,0
BRDA:5,1,0,0
BRDA:5,1,1,0
BRDA:7,2,0,0
BRDA:7,2,1,0
BRF:6
BRH:0
end_of_record
TN:
SF:routes\interviewSessionRoutes.js
FN:6,createInterviewSessionRoutes
FNF:1
FNH:1
FNDA:1,createInterviewSessionRoutes
DA:1,1
DA:2,1
DA:3,1
DA:4,1
DA:7,1
DA:8,1
DA:9,1
DA:11,1
DA:12,1
DA:13,1
DA:14,1
DA:15,1
DA:17,1
DA:20,1
LF:14
LH:14
BRF:0
BRH:0
end_of_record
TN:
SF:routes\notificacionRoutes.js
FN:5,createNotificacionRoutes
FNF:1
FNH:1
FNDA:1,createNotificacionRoutes
DA:1,1
DA:2,1
DA:3,1
DA:6,1
DA:7,1
DA:8,1
DA:11,1
DA:14,1
DA:17,1
DA:20,1
DA:23,1
DA:25,1
DA:28,1
LF:13
LH:13
BRF:0
BRH:0
end_of_record
TN:
SF:routes\questionBankRoutes.js
FN:5,createQuestionBankRoutes
FNF:1
FNH:1
FNDA:1,createQuestionBankRoutes
DA:1,1
DA:2,1
DA:3,1
DA:6,1
DA:7,1
DA:8,1
DA:10,1
DA:11,1
DA:12,1
DA:13,1
DA:15,1
DA:18,1
LF:12
LH:12
BRF:0
BRH:0
end_of_record
TN:
SF:services\interviewSessionService.js
FN:3,createInterviewSessionService
FN:4,ensureSchema
FN:21,parseSessionPayload
FN:39,normalizeUser
FN:58,normalizeQuestions
FN:65,(anonymous_5)
FN:73,createSession
FN:86,(anonymous_7)
FN:123,(anonymous_8)
FN:124,(anonymous_9)
FN:134,listSessions
FN:157,listUserSessions
FN:179,getSession
FN:206,updateFeedback
FNF:14
FNH:8
FNDA:2,createInterviewSessionService
FNDA:3,ensureSchema
FNDA:1,parseSessionPayload
FNDA:1,normalizeUser
FNDA:1,normalizeQuestions
FNDA:1,(anonymous_5)
FNDA:1,createSession
FNDA:0,(anonymous_7)
FNDA:0,(anonymous_8)
FNDA:0,(anonymous_9)
FNDA:0,listSessions
FNDA:0,listUserSessions
FNDA:0,getSession
FNDA:1,updateFeedback
DA:1,1
DA:5,3
DA:22,1
DA:23,0
DA:24,0
DA:25,0
DA:28,1
DA:30,1
DA:31,1
DA:33,0
DA:34,0
DA:35,0
DA:41,1
DA:45,1
DA:46,0
DA:47,0
DA:48,0
DA:51,1
DA:59,1
DA:60,0
DA:61,0
DA:62,0
DA:65,1
DA:74,1
DA:76,1
DA:77,1
DA:78,1
DA:79,1
DA:81,1
DA:82,1
DA:84,1
DA:85,1
DA:86,0
DA:88,1
DA:90,1
DA:91,0
DA:95,0
DA:96,0
DA:104,1
DA:111,1
DA:120,1
DA:122,0
DA:124,0
DA:125,0
DA:130,0
DA:135,0
DA:137,0
DA:138,0
DA:140,0
DA:141,0
DA:142,0
DA:145,0
DA:154,0
DA:158,0
DA:160,0
DA:161,0
DA:162,0
DA:163,0
DA:164,0
DA:167,0
DA:176,0
DA:180,0
DA:182,0
DA:183,0
DA:184,0
DA:185,0
DA:186,0
DA:189,0
DA:197,0
DA:198,0
DA:199,0
DA:200,0
DA:203,0
DA:207,1
DA:209,1
DA:210,1
DA:211,0
DA:212,0
DA:213,0
DA:216,1
DA:217,1
DA:218,0
DA:219,0
DA:220,0
DA:224,1
DA:228,1
DA:229,0
DA:230,0
DA:231,0
DA:234,1
DA:246,1
DA:247,0
DA:248,0
DA:249,0
DA:252,1
DA:255,2
DA:265,1
LF:97
LH:37
BRDA:22,0,0,0
BRDA:22,0,1,1
BRDA:28,1,0,0
BRDA:28,1,1,1
BRDA:39,2,0,0
BRDA:41,3,0,0
BRDA:41,3,1,1
BRDA:41,4,0,1
BRDA:41,4,1,1
BRDA:41,4,2,1
BRDA:45,5,0,0
BRDA:45,5,1,1
BRDA:45,6,0,1
BRDA:45,6,1,1
BRDA:53,7,0,1
BRDA:53,7,1,0
BRDA:53,7,2,0
BRDA:54,8,0,1
BRDA:54,8,1,0
BRDA:54,8,2,0
BRDA:59,9,0,0
BRDA:59,9,1,1
BRDA:59,10,0,1
BRDA:59,10,1,1
BRDA:66,11,0,1
BRDA:66,11,1,0
BRDA:67,12,0,1
BRDA:67,12,1,0
BRDA:69,13,0,1
BRDA:69,13,1,0
BRDA:73,14,0,0
BRDA:90,15,0,0
BRDA:90,15,1,1
BRDA:93,16,0,0
BRDA:93,16,1,0
BRDA:106,17,0,1
BRDA:106,17,1,1
BRDA:134,18,0,0
BRDA:140,19,0,0
BRDA:140,19,1,0
BRDA:149,20,0,0
BRDA:149,20,1,0
BRDA:161,21,0,0
BRDA:161,21,1,0
BRDA:183,22,0,0
BRDA:183,22,1,0
BRDA:197,23,0,0
BRDA:197,23,1,0
BRDA:206,24,0,0
BRDA:210,25,0,0
BRDA:210,25,1,1
BRDA:216,26,0,1
BRDA:216,26,1,0
BRDA:217,27,0,0
BRDA:217,27,1,1
BRDA:224,28,0,0
BRDA:224,28,1,1
BRDA:224,29,0,1
BRDA:224,29,1,1
BRDA:224,29,2,1
BRDA:228,30,0,0
BRDA:228,30,1,1
BRDA:228,31,0,1
BRDA:228,31,1,1
BRDA:228,31,2,1
BRDA:228,31,3,1
BRDA:246,32,0,0
BRDA:246,32,1,1
BRF:68
BRH:33
end_of_record
TN:
SF:services\notificacionService.js
FN:1,createNotificacionService
FN:2,ensureSchema
FN:28,parseUserId
FN:38,parseId
FN:48,listarPorUsuario
FN:64,contarNoLeidas
FN:78,marcarLeida
FN:101,marcarTodasLeidas
FN:116,crearNotificacion
FN:146,existeNotificacionEtapa
FNF:10
FNH:6
FNDA:2,createNotificacionService
FNDA:3,ensureSchema
FNDA:2,parseUserId
FNDA:1,parseId
FNDA:1,listarPorUsuario
FNDA:0,contarNoLeidas
FNDA:1,marcarLeida
FNDA:0,marcarTodasLeidas
FNDA:0,crearNotificacion
FNDA:0,existeNotificacionEtapa
DA:3,3
DA:17,3
DA:22,3
DA:29,2
DA:30,2
DA:31,0
DA:32,0
DA:33,0
DA:35,2
DA:39,1
DA:40,1
DA:41,0
DA:42,0
DA:43,0
DA:45,1
DA:49,1
DA:50,1
DA:52,1
DA:61,1
DA:65,0
DA:66,0
DA:68,0
DA:75,0
DA:79,1
DA:80,1
DA:81,1
DA:83,1
DA:92,1
DA:93,0
DA:94,0
DA:95,0
DA:98,1
DA:102,0
DA:103,0
DA:105,0
DA:113,0
DA:117,0
DA:118,0
DA:120,0
DA:121,0
DA:122,0
DA:123,0
DA:126,0
DA:127,0
DA:128,0
DA:129,0
DA:132,0
DA:133,0
DA:135,0
DA:143,0
DA:147,0
DA:148,0
DA:150,0
DA:160,0
DA:163,2
DA:174,1
LF:56
LH:21
BRDA:30,0,0,0
BRDA:30,0,1,2
BRDA:30,1,0,2
BRDA:30,1,1,2
BRDA:40,2,0,0
BRDA:40,2,1,1
BRDA:40,3,0,1
BRDA:40,3,1,1
BRDA:92,4,0,0
BRDA:92,4,1,1
BRDA:116,5,0,0
BRDA:116,6,0,0
BRDA:120,7,0,0
BRDA:120,7,1,0
BRDA:120,8,0,0
BRDA:120,8,1,0
BRDA:126,9,0,0
BRDA:126,9,1,0
BRDA:126,10,0,0
BRDA:126,10,1,0
BRDA:133,11,0,0
BRDA:133,11,1,0
BRDA:140,12,0,0
BRDA:140,12,1,0
BRF:24
BRH:7
end_of_record
TN:
SF:services\questionBankService.js
FN:107,createQuestionBankService
FN:108,ensureSchema
FN:121,seedInitialQuestions
FN:128,(anonymous_3)
FN:141,normalizeQuestionPayload
FN:184,listQuestions
FN:196,createQuestion
FN:210,updateQuestion
FN:241,deleteQuestion
FNF:9
FNH:8
FNDA:2,createQuestionBankService
FNDA:5,ensureSchema
FNDA:1,seedInitialQuestions
FNDA:0,(anonymous_3)
FNDA:2,normalizeQuestionPayload
FNDA:1,listQuestions
FNDA:1,createQuestion
FNDA:1,updateQuestion
FNDA:1,deleteQuestion
DA:1,1
DA:12,1
DA:14,1
DA:109,5
DA:122,1
DA:124,1
DA:125,1
DA:127,0
DA:128,0
DA:129,0
DA:130,0
DA:131,0
DA:134,0
DA:142,2
DA:144,2
DA:145,2
DA:146,2
DA:147,0
DA:148,0
DA:149,0
DA:153,2
DA:154,2
DA:155,2
DA:156,0
DA:157,0
DA:158,0
DA:160,2
DA:163,2
DA:164,2
DA:165,2
DA:166,0
DA:167,0
DA:168,0
DA:170,2
DA:173,2
DA:174,2
DA:181,2
DA:185,1
DA:187,1
DA:193,1
DA:197,1
DA:199,1
DA:200,1
DA:207,1
DA:211,1
DA:213,1
DA:214,1
DA:215,0
DA:216,0
DA:217,0
DA:220,1
DA:221,1
DA:232,1
DA:233,0
DA:234,0
DA:235,0
DA:238,1
DA:242,1
DA:244,1
DA:245,1
DA:246,0
DA:247,0
DA:248,0
DA:251,1
DA:258,1
DA:259,0
DA:260,0
DA:261,0
DA:264,1
DA:267,2
DA:277,1
LF:71
LH:44
BRDA:125,0,0,1
BRDA:125,0,1,0
BRDA:141,1,0,0
BRDA:141,2,0,2
BRDA:141,3,0,2
BRDA:144,4,0,2
BRDA:144,4,1,0
BRDA:144,5,0,2
BRDA:144,5,1,0
BRDA:145,6,0,2
BRDA:145,6,1,0
BRDA:146,7,0,0
BRDA:146,7,1,2
BRDA:153,8,0,2
BRDA:153,8,1,0
BRDA:153,9,0,2
BRDA:153,9,1,0
BRDA:154,10,0,2
BRDA:154,10,1,0
BRDA:155,11,0,0
BRDA:155,11,1,2
BRDA:163,12,0,2
BRDA:163,12,1,0
BRDA:163,13,0,2
BRDA:163,13,1,0
BRDA:164,14,0,2
BRDA:164,14,1,0
BRDA:165,15,0,0
BRDA:165,15,1,2
BRDA:173,16,0,2
BRDA:173,16,1,0
BRDA:173,17,0,2
BRDA:173,17,1,0
BRDA:175,18,0,2
BRDA:175,18,1,1
BRDA:175,18,2,1
BRDA:175,18,3,1
BRDA:214,19,0,0
BRDA:214,19,1,1
BRDA:232,20,0,0
BRDA:232,20,1,1
BRDA:245,21,0,0
BRDA:245,21,1,1
BRDA:258,22,0,0
BRDA:258,22,1,1
BRF:45
BRH:25
end_of_record
